This file contains any messages produced by compilers while
running configure, to aid debugging if configure makes a mistake.

It was created by configure, which was
generated by GNU Autoconf 2.69.  Invocation command line was

  $ ./configure --with-minimum --with-tree --with-output --enable-shared=no --with-zlib=/home/shane.mill/WIAB-NDFD-data-api-edr/ingest/automated_ingest/NDFD/degrib/src/zlib

## --------- ##
## Platform. ##
## --------- ##

hostname = ip-205-156-8-80.ec2.internal
uname -m = x86_64
uname -r = 3.10.0-1160.42.2.el7.x86_64
uname -s = Linux
uname -v = #1 SMP Tue Sep 7 14:49:57 UTC 2021

/usr/bin/uname -p = x86_64
/bin/uname -X     = unknown

/bin/arch              = x86_64
/usr/bin/arch -k       = unknown
/usr/convex/getsysinfo = unknown
/usr/bin/hostinfo      = unknown
/bin/machine           = unknown
/usr/bin/oslevel       = unknown
/bin/universe          = unknown

PATH: /home/shane.mill/miniconda3/envs/shane-test/bin
PATH: /home/shane.mill/miniconda3/condabin
PATH: /usr/local/bin
PATH: /usr/bin
PATH: /usr/local/sbin
PATH: /usr/sbin
PATH: /home/shane.mill/.local/bin
PATH: /home/shane.mill/bin


## ----------- ##
## Core tests. ##
## ----------- ##

configure:2495: checking build system type
configure:2509: result: x86_64-unknown-linux-gnu
configure:2529: checking host system type
configure:2542: result: x86_64-unknown-linux-gnu
configure:2622: checking for a BSD-compatible install
configure:2690: result: /usr/bin/install -c
configure:2701: checking whether build environment is sane
configure:2751: result: yes
configure:2892: checking for a thread-safe mkdir -p
configure:2931: result: /usr/bin/mkdir -p
configure:2944: checking for gawk
configure:2960: found /usr/bin/gawk
configure:2971: result: gawk
configure:2982: checking whether make sets $(MAKE)
configure:3004: result: yes
configure:3099: checking whether make supports nested variables
configure:3116: result: yes
configure:3176: checking for gcc
configure:3203: result: gcc
configure:3432: checking for C compiler version
configure:3441: gcc --version >&5
gcc (GCC) 11.2.0
Copyright (C) 2021 Free Software Foundation, Inc.
This is free software; see the source for copying conditions.  There is NO
warranty; not even for MERCHANTABILITY or FITNESS FOR A PARTICULAR PURPOSE.

configure:3452: $? = 0
configure:3441: gcc -v >&5
Reading specs from /home/shane.mill/miniconda3/envs/shane-test/bin/../lib/gcc/x86_64-conda-linux-gnu/11.2.0/specs
COLLECT_GCC=gcc
COLLECT_LTO_WRAPPER=/home/shane.mill/miniconda3/envs/shane-test/bin/../libexec/gcc/x86_64-conda-linux-gnu/11.2.0/lto-wrapper
Target: x86_64-conda-linux-gnu
Configured with: ../configure --prefix=/home/conda/feedstock_root/build_artifacts/gcc_compilers_1632803324264/_h_env_placehold_placehold_placehold_placehold_placehold_placehold_placehold_placehold_placehold_placehold_placehold_placehold_placehold_placehold_placehold_placehold_placehold_placeho --with-slibdir=/home/conda/feedstock_root/build_artifacts/gcc_compilers_1632803324264/_h_env_placehold_placehold_placehold_placehold_placehold_placehold_placehold_placehold_placehold_placehold_placehold_placehold_placehold_placehold_placehold_placehold_placehold_placeho/lib --libdir=/home/conda/feedstock_root/build_artifacts/gcc_compilers_1632803324264/_h_env_placehold_placehold_placehold_placehold_placehold_placehold_placehold_placehold_placehold_placehold_placehold_placehold_placehold_placehold_placehold_placehold_placehold_placeho/lib --build=x86_64-conda-linux-gnu --host=x86_64-conda-linux-gnu --target=x86_64-conda-linux-gnu --enable-default-pie --enable-languages=c,c++,fortran,objc,obj-c++ --enable-__cxa_atexit --disable-libmudflap --enable-libgomp --disable-libssp --enable-libquadmath --enable-libquadmath-support --enable-libsanitizer --enable-lto --enable-threads=posix --enable-target-optspace --enable-plugin --enable-gold --disable-nls --disable-bootstrap --disable-multilib --enable-long-long --enable-default-pie --with-sysroot=/home/conda/feedstock_root/build_artifacts/gcc_compilers_1632803324264/_h_env_placehold_placehold_placehold_placehold_placehold_placehold_placehold_placehold_placehold_placehold_placehold_placehold_placehold_placehold_placehold_placehold_placehold_placeho/x86_64-conda-linux-gnu/sysroot --with-build-sysroot=/home/conda/feedstock_root/build_artifacts/gcc_compilers_1632803324264/_build_env/x86_64-conda-linux-gnu/sysroot --with-gxx-include-dir=/home/conda/feedstock_root/build_artifacts/gcc_compilers_1632803324264/_h_env_placehold_placehold_placehold_placehold_placehold_placehold_placehold_placehold_placehold_placehold_placehold_placehold_placehold_placehold_placehold_placehold_placehold_placeho/x86_64-conda-linux-gnu/include/c++/11.2.0
Thread model: posix
Supported LTO compression algorithms: zlib
gcc version 11.2.0 (GCC) 
configure:3452: $? = 0
configure:3441: gcc -V >&5
gcc: error: unrecognized command-line option '-V'
gcc: fatal error: no input files
compilation terminated.
configure:3452: $? = 1
configure:3441: gcc -qversion >&5
gcc: error: unrecognized command-line option '-qversion'; did you mean '--version'?
gcc: fatal error: no input files
compilation terminated.
configure:3452: $? = 1
configure:3472: checking whether the C compiler works
configure:3494: gcc -g -O2 -Wall -fsigned-char   conftest.c  >&5
configure:3498: $? = 0
configure:3546: result: yes
configure:3549: checking for C compiler default output file name
configure:3551: result: a.out
configure:3557: checking for suffix of executables
configure:3564: gcc -o conftest -g -O2 -Wall -fsigned-char   conftest.c  >&5
configure:3568: $? = 0
configure:3590: result: 
configure:3612: checking whether we are cross compiling
configure:3620: gcc -o conftest -g -O2 -Wall -fsigned-char   conftest.c  >&5
configure:3624: $? = 0
configure:3631: ./conftest
configure:3635: $? = 0
configure:3650: result: no
configure:3655: checking for suffix of object files
configure:3677: gcc -c -g -O2 -Wall -fsigned-char  conftest.c >&5
configure:3681: $? = 0
configure:3702: result: o
configure:3706: checking whether we are using the GNU C compiler
configure:3725: gcc -c -g -O2 -Wall -fsigned-char  conftest.c >&5
configure:3725: $? = 0
configure:3734: result: yes
configure:3743: checking whether gcc accepts -g
configure:3763: gcc -c -g  conftest.c >&5
configure:3763: $? = 0
configure:3804: result: yes
configure:3821: checking for gcc option to accept ISO C89
configure:3884: gcc  -c -g -O2 -Wall -fsigned-char  conftest.c >&5
configure:3884: $? = 0
configure:3897: result: none needed
configure:3928: checking for style of include used by make
configure:3956: result: GNU
configure:3982: checking dependency style of gcc
configure:4093: result: gcc3
configure:4109: checking whether ln -s works
configure:4113: result: yes
configure:4126: checking how to run the C preprocessor
configure:4157: gcc -E  conftest.c
configure:4157: $? = 0
configure:4171: gcc -E  conftest.c
conftest.c:11:10: fatal error: ac_nonexistent.h: No such file or directory
   11 | #include <ac_nonexistent.h>
      |          ^~~~~~~~~~~~~~~~~~
compilation terminated.
configure:4171: $? = 1
configure: failed program was:
| /* confdefs.h */
| #define PACKAGE_NAME ""
| #define PACKAGE_TARNAME ""
| #define PACKAGE_VERSION ""
| #define PACKAGE_STRING ""
| #define PACKAGE_BUGREPORT ""
| #define PACKAGE_URL ""
| #define PACKAGE "libxml2"
| #define VERSION "2.9.1"
| /* end confdefs.h.  */
| #include <ac_nonexistent.h>
configure:4196: result: gcc -E
configure:4216: gcc -E  conftest.c
configure:4216: $? = 0
configure:4230: gcc -E  conftest.c
conftest.c:11:10: fatal error: ac_nonexistent.h: No such file or directory
   11 | #include <ac_nonexistent.h>
      |          ^~~~~~~~~~~~~~~~~~
compilation terminated.
configure:4230: $? = 1
configure: failed program was:
| /* confdefs.h */
| #define PACKAGE_NAME ""
| #define PACKAGE_TARNAME ""
| #define PACKAGE_VERSION ""
| #define PACKAGE_STRING ""
| #define PACKAGE_BUGREPORT ""
| #define PACKAGE_URL ""
| #define PACKAGE "libxml2"
| #define VERSION "2.9.1"
| /* end confdefs.h.  */
| #include <ac_nonexistent.h>
configure:4260: checking for mv
configure:4278: found /usr/bin/mv
configure:4291: result: /usr/bin/mv
configure:4301: checking for tar
configure:4319: found /usr/bin/tar
configure:4332: result: /usr/bin/tar
configure:4342: checking for perl
configure:4360: found /usr/bin/perl
configure:4373: result: /usr/bin/perl
configure:4383: checking for wget
configure:4401: found /usr/bin/wget
configure:4414: result: /usr/bin/wget
configure:4424: checking for xmllint
configure:4442: found /home/shane.mill/miniconda3/envs/shane-test/bin/xmllint
configure:4455: result: /home/shane.mill/miniconda3/envs/shane-test/bin/xmllint
configure:4465: checking for xsltproc
configure:4483: found /usr/bin/xsltproc
configure:4496: result: /usr/bin/xsltproc
configure:4551: checking how to print strings
configure:4578: result: printf
configure:4599: checking for a sed that does not truncate output
configure:4663: result: /usr/bin/sed
configure:4681: checking for grep that handles long lines and -e
configure:4739: result: /usr/bin/grep
configure:4744: checking for egrep
configure:4806: result: /usr/bin/grep -E
configure:4811: checking for fgrep
configure:4873: result: /usr/bin/grep -F
configure:4908: checking for ld used by gcc
configure:4975: result: /home/shane.mill/miniconda3/envs/shane-test/x86_64-conda-linux-gnu/bin/ld
configure:4982: checking if the linker (/home/shane.mill/miniconda3/envs/shane-test/x86_64-conda-linux-gnu/bin/ld) is GNU ld
configure:4997: result: yes
configure:5009: checking for BSD- or MS-compatible name lister (nm)
configure:5058: result: /usr/bin/nm -B
configure:5188: checking the name lister (/usr/bin/nm -B) interface
configure:5195: gcc -c -g -O2 -Wall -fsigned-char  conftest.c >&5
configure:5198: /usr/bin/nm -B "conftest.o"
configure:5201: output
0000000000000000 B some_variable
configure:5208: result: BSD nm
configure:5212: checking the maximum length of command line arguments
configure:5342: result: 1572864
configure:5359: checking whether the shell understands some XSI constructs
configure:5369: result: yes
configure:5373: checking whether the shell understands "+="
configure:5379: result: yes
configure:5414: checking how to convert x86_64-unknown-linux-gnu file names to x86_64-unknown-linux-gnu format
configure:5454: result: func_convert_file_noop
configure:5461: checking how to convert x86_64-unknown-linux-gnu file names to toolchain format
configure:5481: result: func_convert_file_noop
configure:5488: checking for /home/shane.mill/miniconda3/envs/shane-test/x86_64-conda-linux-gnu/bin/ld option to reload object files
configure:5495: result: -r
configure:5569: checking for objdump
configure:5585: found /usr/bin/objdump
configure:5596: result: objdump
configure:5628: checking how to recognize dependent libraries
configure:5830: result: pass_all
configure:5915: checking for dlltool
configure:5945: result: no
configure:5975: checking how to associate runtime and link libraries
configure:6002: result: printf %s\n
configure:6063: checking for ar
configure:6079: found /usr/bin/ar
configure:6090: result: ar
configure:6127: checking for archiver @FILE support
configure:6144: gcc -c -g -O2 -Wall -fsigned-char  conftest.c >&5
configure:6144: $? = 0
configure:6147: ar cru libconftest.a @conftest.lst >&5
configure:6150: $? = 0
configure:6155: ar cru libconftest.a @conftest.lst >&5
ar: conftest.o: No such file or directory
configure:6158: $? = 1
configure:6170: result: @
configure:6228: checking for strip
configure:6244: found /usr/bin/strip
configure:6255: result: strip
configure:6327: checking for ranlib
configure:6343: found /usr/bin/ranlib
configure:6354: result: ranlib
configure:6456: checking command to parse /usr/bin/nm -B output from gcc object
configure:6576: gcc -c -g -O2 -Wall -fsigned-char  conftest.c >&5
configure:6579: $? = 0
configure:6583: /usr/bin/nm -B conftest.o \| sed -n -e 's/^.*[ ]\([ABCDGIRSTW][ABCDGIRSTW]*\)[ ][ ]*\([_A-Za-z][_A-Za-z0-9]*\)$/\1 \2 \2/p' | sed '/ __gnu_lto/d' \> conftest.nm
configure:6586: $? = 0
configure:6652: gcc -o conftest -g -O2 -Wall -fsigned-char   conftest.c conftstm.o >&5
configure:6655: $? = 0
configure:6693: result: ok
configure:6730: checking for sysroot
configure:6760: result: no
configure:6837: gcc -c -g -O2 -Wall -fsigned-char  conftest.c >&5
configure:6840: $? = 0
configure:7016: checking for mt
configure:7046: result: no
configure:7066: checking if : is a manifest tool
configure:7072: : '-?'
configure:7080: result: no
configure:7718: checking for ANSI C header files
configure:7738: gcc -c -g -O2 -Wall -fsigned-char  conftest.c >&5
configure:7738: $? = 0
configure:7811: gcc -o conftest -g -O2 -Wall -fsigned-char   conftest.c  >&5
configure:7811: $? = 0
configure:7811: ./conftest
configure:7811: $? = 0
configure:7822: result: yes
configure:7835: checking for sys/types.h
configure:7835: gcc -c -g -O2 -Wall -fsigned-char  conftest.c >&5
configure:7835: $? = 0
configure:7835: result: yes
configure:7835: checking for sys/stat.h
configure:7835: gcc -c -g -O2 -Wall -fsigned-char  conftest.c >&5
configure:7835: $? = 0
configure:7835: result: yes
configure:7835: checking for stdlib.h
configure:7835: gcc -c -g -O2 -Wall -fsigned-char  conftest.c >&5
configure:7835: $? = 0
configure:7835: result: yes
configure:7835: checking for string.h
configure:7835: gcc -c -g -O2 -Wall -fsigned-char  conftest.c >&5
configure:7835: $? = 0
configure:7835: result: yes
configure:7835: checking for memory.h
configure:7835: gcc -c -g -O2 -Wall -fsigned-char  conftest.c >&5
configure:7835: $? = 0
configure:7835: result: yes
configure:7835: checking for strings.h
configure:7835: gcc -c -g -O2 -Wall -fsigned-char  conftest.c >&5
configure:7835: $? = 0
configure:7835: result: yes
configure:7835: checking for inttypes.h
configure:7835: gcc -c -g -O2 -Wall -fsigned-char  conftest.c >&5
configure:7835: $? = 0
configure:7835: result: yes
configure:7835: checking for stdint.h
configure:7835: gcc -c -g -O2 -Wall -fsigned-char  conftest.c >&5
configure:7835: $? = 0
configure:7835: result: yes
configure:7835: checking for unistd.h
configure:7835: gcc -c -g -O2 -Wall -fsigned-char  conftest.c >&5
configure:7835: $? = 0
configure:7835: result: yes
configure:7849: checking for dlfcn.h
configure:7849: gcc -c -g -O2 -Wall -fsigned-char  conftest.c >&5
configure:7849: $? = 0
configure:7849: result: yes
configure:8055: checking for objdir
configure:8070: result: .libs
configure:8341: checking if gcc supports -fno-rtti -fno-exceptions
configure:8359: gcc -c -g -O2 -Wall -fsigned-char  -fno-rtti -fno-exceptions conftest.c >&5
cc1: warning: command-line option '-fno-rtti' is valid for C++/D/ObjC++ but not for C
configure:8363: $? = 0
configure:8376: result: no
configure:8703: checking for gcc option to produce PIC
configure:8710: result: -fPIC -DPIC
configure:8718: checking if gcc PIC flag -fPIC -DPIC works
configure:8736: gcc -c -g -O2 -Wall -fsigned-char  -fPIC -DPIC -DPIC conftest.c >&5
configure:8740: $? = 0
configure:8753: result: yes
configure:8782: checking if gcc static flag -static works
configure:8810: result: yes
configure:8825: checking if gcc supports -c -o file.o
configure:8846: gcc -c -g -O2 -Wall -fsigned-char  -o out/conftest2.o conftest.c >&5
configure:8850: $? = 0
configure:8872: result: yes
configure:8880: checking if gcc supports -c -o file.o
configure:8927: result: yes
configure:8960: checking whether the gcc linker (/home/shane.mill/miniconda3/envs/shane-test/x86_64-conda-linux-gnu/bin/ld -m elf_x86_64) supports shared libraries
configure:10113: result: yes
configure:10353: checking dynamic linker characteristics
configure:10864: gcc -o conftest -g -O2 -Wall -fsigned-char   -Wl,-rpath -Wl,/foo conftest.c  >&5
configure:10864: $? = 0
configure:11090: result: GNU/Linux ld.so
configure:11197: checking how to hardcode library paths into programs
configure:11222: result: immediate
configure:11762: checking whether stripping libraries is possible
configure:11767: result: yes
configure:11802: checking if libtool supports shared libraries
configure:11804: result: yes
configure:11807: checking whether to build shared libraries
configure:11828: result: no
configure:11831: checking whether to build static libraries
configure:11835: result: yes
configure:12347: checking zlib.h usability
configure:12347: gcc -c -g -O2 -Wall -fsigned-char  -I/home/shane.mill/WIAB-NDFD-data-api-edr/ingest/automated_ingest/NDFD/degrib/src/zlib/include conftest.c >&5
conftest.c:56:10: fatal error: zlib.h: No such file or directory
   56 | #include <zlib.h>
      |          ^~~~~~~~
compilation terminated.
configure:12347: $? = 1
configure: failed program was:
| /* confdefs.h */
| #define PACKAGE_NAME ""
| #define PACKAGE_TARNAME ""
| #define PACKAGE_VERSION ""
| #define PACKAGE_STRING ""
| #define PACKAGE_BUGREPORT ""
| #define PACKAGE_URL ""
| #define PACKAGE "libxml2"
| #define VERSION "2.9.1"
| #define STDC_HEADERS 1
| #define HAVE_SYS_TYPES_H 1
| #define HAVE_SYS_STAT_H 1
| #define HAVE_STDLIB_H 1
| #define HAVE_STRING_H 1
| #define HAVE_MEMORY_H 1
| #define HAVE_STRINGS_H 1
| #define HAVE_INTTYPES_H 1
| #define HAVE_STDINT_H 1
| #define HAVE_UNISTD_H 1
| #define HAVE_DLFCN_H 1
| #define LT_OBJDIR ".libs/"
| /* end confdefs.h.  */
| #include <stdio.h>
| #ifdef HAVE_SYS_TYPES_H
| # include <sys/types.h>
| #endif
| #ifdef HAVE_SYS_STAT_H
| # include <sys/stat.h>
| #endif
| #ifdef STDC_HEADERS
| # include <stdlib.h>
| # include <stddef.h>
| #else
| # ifdef HAVE_STDLIB_H
| #  include <stdlib.h>
| # endif
| #endif
| #ifdef HAVE_STRING_H
| # if !defined STDC_HEADERS && defined HAVE_MEMORY_H
| #  include <memory.h>
| # endif
| # include <string.h>
| #endif
| #ifdef HAVE_STRINGS_H
| # include <strings.h>
| #endif
| #ifdef HAVE_INTTYPES_H
| # include <inttypes.h>
| #endif
| #ifdef HAVE_STDINT_H
| # include <stdint.h>
| #endif
| #ifdef HAVE_UNISTD_H
| # include <unistd.h>
| #endif
| #include <zlib.h>
configure:12347: result: no
configure:12347: checking zlib.h presence
configure:12347: gcc -E  -I/home/shane.mill/WIAB-NDFD-data-api-edr/ingest/automated_ingest/NDFD/degrib/src/zlib/include conftest.c
conftest.c:23:10: fatal error: zlib.h: No such file or directory
   23 | #include <zlib.h>
      |          ^~~~~~~~
compilation terminated.
configure:12347: $? = 1
configure: failed program was:
| /* confdefs.h */
| #define PACKAGE_NAME ""
| #define PACKAGE_TARNAME ""
| #define PACKAGE_VERSION ""
| #define PACKAGE_STRING ""
| #define PACKAGE_BUGREPORT ""
| #define PACKAGE_URL ""
| #define PACKAGE "libxml2"
| #define VERSION "2.9.1"
| #define STDC_HEADERS 1
| #define HAVE_SYS_TYPES_H 1
| #define HAVE_SYS_STAT_H 1
| #define HAVE_STDLIB_H 1
| #define HAVE_STRING_H 1
| #define HAVE_MEMORY_H 1
| #define HAVE_STRINGS_H 1
| #define HAVE_INTTYPES_H 1
| #define HAVE_STDINT_H 1
| #define HAVE_UNISTD_H 1
| #define HAVE_DLFCN_H 1
| #define LT_OBJDIR ".libs/"
| /* end confdefs.h.  */
| #include <zlib.h>
configure:12347: result: no
configure:12347: checking for zlib.h
configure:12347: result: no
configure:12426: checking lzma.h usability
configure:12426: gcc -c -g -O2 -Wall -fsigned-char  -I/home/shane.mill/WIAB-NDFD-data-api-edr/ingest/automated_ingest/NDFD/degrib/src/zlib/include conftest.c >&5
conftest.c:56:10: fatal error: lzma.h: No such file or directory
   56 | #include <lzma.h>
      |          ^~~~~~~~
compilation terminated.
configure:12426: $? = 1
configure: failed program was:
| /* confdefs.h */
| #define PACKAGE_NAME ""
| #define PACKAGE_TARNAME ""
| #define PACKAGE_VERSION ""
| #define PACKAGE_STRING ""
| #define PACKAGE_BUGREPORT ""
| #define PACKAGE_URL ""
| #define PACKAGE "libxml2"
| #define VERSION "2.9.1"
| #define STDC_HEADERS 1
| #define HAVE_SYS_TYPES_H 1
| #define HAVE_SYS_STAT_H 1
| #define HAVE_STDLIB_H 1
| #define HAVE_STRING_H 1
| #define HAVE_MEMORY_H 1
| #define HAVE_STRINGS_H 1
| #define HAVE_INTTYPES_H 1
| #define HAVE_STDINT_H 1
| #define HAVE_UNISTD_H 1
| #define HAVE_DLFCN_H 1
| #define LT_OBJDIR ".libs/"
| /* end confdefs.h.  */
| #include <stdio.h>
| #ifdef HAVE_SYS_TYPES_H
| # include <sys/types.h>
| #endif
| #ifdef HAVE_SYS_STAT_H
| # include <sys/stat.h>
| #endif
| #ifdef STDC_HEADERS
| # include <stdlib.h>
| # include <stddef.h>
| #else
| # ifdef HAVE_STDLIB_H
| #  include <stdlib.h>
| # endif
| #endif
| #ifdef HAVE_STRING_H
| # if !defined STDC_HEADERS && defined HAVE_MEMORY_H
| #  include <memory.h>
| # endif
| # include <string.h>
| #endif
| #ifdef HAVE_STRINGS_H
| # include <strings.h>
| #endif
| #ifdef HAVE_INTTYPES_H
| # include <inttypes.h>
| #endif
| #ifdef HAVE_STDINT_H
| # include <stdint.h>
| #endif
| #ifdef HAVE_UNISTD_H
| # include <unistd.h>
| #endif
| #include <lzma.h>
configure:12426: result: no
configure:12426: checking lzma.h presence
configure:12426: gcc -E  -I/home/shane.mill/WIAB-NDFD-data-api-edr/ingest/automated_ingest/NDFD/degrib/src/zlib/include conftest.c
conftest.c:23:10: fatal error: lzma.h: No such file or directory
   23 | #include <lzma.h>
      |          ^~~~~~~~
compilation terminated.
configure:12426: $? = 1
configure: failed program was:
| /* confdefs.h */
| #define PACKAGE_NAME ""
| #define PACKAGE_TARNAME ""
| #define PACKAGE_VERSION ""
| #define PACKAGE_STRING ""
| #define PACKAGE_BUGREPORT ""
| #define PACKAGE_URL ""
| #define PACKAGE "libxml2"
| #define VERSION "2.9.1"
| #define STDC_HEADERS 1
| #define HAVE_SYS_TYPES_H 1
| #define HAVE_SYS_STAT_H 1
| #define HAVE_STDLIB_H 1
| #define HAVE_STRING_H 1
| #define HAVE_MEMORY_H 1
| #define HAVE_STRINGS_H 1
| #define HAVE_INTTYPES_H 1
| #define HAVE_STDINT_H 1
| #define HAVE_UNISTD_H 1
| #define HAVE_DLFCN_H 1
| #define LT_OBJDIR ".libs/"
| /* end confdefs.h.  */
| #include <lzma.h>
configure:12426: result: no
configure:12426: checking for lzma.h
configure:12426: result: no
configure:12499: checking for dirent.h that defines DIR
configure:12518: gcc -c -g -O2 -Wall -fsigned-char  conftest.c >&5
configure:12518: $? = 0
configure:12526: result: yes
configure:12539: checking for library containing opendir
configure:12570: gcc -o conftest -g -O2 -Wall -fsigned-char   conftest.c  >&5
configure:12570: $? = 0
configure:12587: result: none required
configure:12654: checking for ANSI C header files
configure:12758: result: yes
configure:12768: checking fcntl.h usability
configure:12768: gcc -c -g -O2 -Wall -fsigned-char  conftest.c >&5
configure:12768: $? = 0
configure:12768: result: yes
configure:12768: checking fcntl.h presence
configure:12768: gcc -E  conftest.c
configure:12768: $? = 0
configure:12768: result: yes
configure:12768: checking for fcntl.h
configure:12768: result: yes
configure:12780: checking for unistd.h
configure:12780: result: yes
configure:12792: checking ctype.h usability
configure:12792: gcc -c -g -O2 -Wall -fsigned-char  conftest.c >&5
configure:12792: $? = 0
configure:12792: result: yes
configure:12792: checking ctype.h presence
configure:12792: gcc -E  conftest.c
configure:12792: $? = 0
configure:12792: result: yes
configure:12792: checking for ctype.h
configure:12792: result: yes
configure:12804: checking dirent.h usability
configure:12804: gcc -c -g -O2 -Wall -fsigned-char  conftest.c >&5
configure:12804: $? = 0
configure:12804: result: yes
configure:12804: checking dirent.h presence
configure:12804: gcc -E  conftest.c
configure:12804: $? = 0
configure:12804: result: yes
configure:12804: checking for dirent.h
configure:12804: result: yes
configure:12816: checking errno.h usability
configure:12816: gcc -c -g -O2 -Wall -fsigned-char  conftest.c >&5
configure:12816: $? = 0
configure:12816: result: yes
configure:12816: checking errno.h presence
configure:12816: gcc -E  conftest.c
configure:12816: $? = 0
configure:12816: result: yes
configure:12816: checking for errno.h
configure:12816: result: yes
configure:12828: checking malloc.h usability
configure:12828: gcc -c -g -O2 -Wall -fsigned-char  conftest.c >&5
configure:12828: $? = 0
configure:12828: result: yes
configure:12828: checking malloc.h presence
configure:12828: gcc -E  conftest.c
configure:12828: $? = 0
configure:12828: result: yes
configure:12828: checking for malloc.h
configure:12828: result: yes
configure:12840: checking stdarg.h usability
configure:12840: gcc -c -g -O2 -Wall -fsigned-char  conftest.c >&5
configure:12840: $? = 0
configure:12840: result: yes
configure:12840: checking stdarg.h presence
configure:12840: gcc -E  conftest.c
configure:12840: $? = 0
configure:12840: result: yes
configure:12840: checking for stdarg.h
configure:12840: result: yes
configure:12852: checking for sys/stat.h
configure:12852: result: yes
configure:12864: checking for sys/types.h
configure:12864: result: yes
configure:12876: checking for stdint.h
configure:12876: result: yes
configure:12888: checking for inttypes.h
configure:12888: result: yes
configure:12900: checking time.h usability
configure:12900: gcc -c -g -O2 -Wall -fsigned-char  conftest.c >&5
configure:12900: $? = 0
configure:12900: result: yes
configure:12900: checking time.h presence
configure:12900: gcc -E  conftest.c
configure:12900: $? = 0
configure:12900: result: yes
configure:12900: checking for time.h
configure:12900: result: yes
configure:12912: checking ansidecl.h usability
configure:12912: gcc -c -g -O2 -Wall -fsigned-char  conftest.c >&5
conftest.c:70:10: fatal error: ansidecl.h: No such file or directory
   70 | #include <ansidecl.h>
      |          ^~~~~~~~~~~~
compilation terminated.
configure:12912: $? = 1
configure: failed program was:
| /* confdefs.h */
| #define PACKAGE_NAME ""
| #define PACKAGE_TARNAME ""
| #define PACKAGE_VERSION ""
| #define PACKAGE_STRING ""
| #define PACKAGE_BUGREPORT ""
| #define PACKAGE_URL ""
| #define PACKAGE "libxml2"
| #define VERSION "2.9.1"
| #define STDC_HEADERS 1
| #define HAVE_SYS_TYPES_H 1
| #define HAVE_SYS_STAT_H 1
| #define HAVE_STDLIB_H 1
| #define HAVE_STRING_H 1
| #define HAVE_MEMORY_H 1
| #define HAVE_STRINGS_H 1
| #define HAVE_INTTYPES_H 1
| #define HAVE_STDINT_H 1
| #define HAVE_UNISTD_H 1
| #define HAVE_DLFCN_H 1
| #define LT_OBJDIR ".libs/"
| #define HAVE_DIRENT_H 1
| #define STDC_HEADERS 1
| #define HAVE_FCNTL_H 1
| #define HAVE_UNISTD_H 1
| #define HAVE_CTYPE_H 1
| #define HAVE_DIRENT_H 1
| #define HAVE_ERRNO_H 1
| #define HAVE_MALLOC_H 1
| #define HAVE_STDARG_H 1
| #define HAVE_SYS_STAT_H 1
| #define HAVE_SYS_TYPES_H 1
| #define HAVE_STDINT_H 1
| #define HAVE_INTTYPES_H 1
| #define HAVE_TIME_H 1
| /* end confdefs.h.  */
| #include <stdio.h>
| #ifdef HAVE_SYS_TYPES_H
| # include <sys/types.h>
| #endif
| #ifdef HAVE_SYS_STAT_H
| # include <sys/stat.h>
| #endif
| #ifdef STDC_HEADERS
| # include <stdlib.h>
| # include <stddef.h>
| #else
| # ifdef HAVE_STDLIB_H
| #  include <stdlib.h>
| # endif
| #endif
| #ifdef HAVE_STRING_H
| # if !defined STDC_HEADERS && defined HAVE_MEMORY_H
| #  include <memory.h>
| # endif
| # include <string.h>
| #endif
| #ifdef HAVE_STRINGS_H
| # include <strings.h>
| #endif
| #ifdef HAVE_INTTYPES_H
| # include <inttypes.h>
| #endif
| #ifdef HAVE_STDINT_H
| # include <stdint.h>
| #endif
| #ifdef HAVE_UNISTD_H
| # include <unistd.h>
| #endif
| #include <ansidecl.h>
configure:12912: result: no
configure:12912: checking ansidecl.h presence
configure:12912: gcc -E  conftest.c
conftest.c:37:10: fatal error: ansidecl.h: No such file or directory
   37 | #include <ansidecl.h>
      |          ^~~~~~~~~~~~
compilation terminated.
configure:12912: $? = 1
configure: failed program was:
| /* confdefs.h */
| #define PACKAGE_NAME ""
| #define PACKAGE_TARNAME ""
| #define PACKAGE_VERSION ""
| #define PACKAGE_STRING ""
| #define PACKAGE_BUGREPORT ""
| #define PACKAGE_URL ""
| #define PACKAGE "libxml2"
| #define VERSION "2.9.1"
| #define STDC_HEADERS 1
| #define HAVE_SYS_TYPES_H 1
| #define HAVE_SYS_STAT_H 1
| #define HAVE_STDLIB_H 1
| #define HAVE_STRING_H 1
| #define HAVE_MEMORY_H 1
| #define HAVE_STRINGS_H 1
| #define HAVE_INTTYPES_H 1
| #define HAVE_STDINT_H 1
| #define HAVE_UNISTD_H 1
| #define HAVE_DLFCN_H 1
| #define LT_OBJDIR ".libs/"
| #define HAVE_DIRENT_H 1
| #define STDC_HEADERS 1
| #define HAVE_FCNTL_H 1
| #define HAVE_UNISTD_H 1
| #define HAVE_CTYPE_H 1
| #define HAVE_DIRENT_H 1
| #define HAVE_ERRNO_H 1
| #define HAVE_MALLOC_H 1
| #define HAVE_STDARG_H 1
| #define HAVE_SYS_STAT_H 1
| #define HAVE_SYS_TYPES_H 1
| #define HAVE_STDINT_H 1
| #define HAVE_INTTYPES_H 1
| #define HAVE_TIME_H 1
| /* end confdefs.h.  */
| #include <ansidecl.h>
configure:12912: result: no
configure:12912: checking for ansidecl.h
configure:12912: result: no
configure:12924: checking ieeefp.h usability
configure:12924: gcc -c -g -O2 -Wall -fsigned-char  conftest.c >&5
conftest.c:70:10: fatal error: ieeefp.h: No such file or directory
   70 | #include <ieeefp.h>
      |          ^~~~~~~~~~
compilation terminated.
configure:12924: $? = 1
configure: failed program was:
| /* confdefs.h */
| #define PACKAGE_NAME ""
| #define PACKAGE_TARNAME ""
| #define PACKAGE_VERSION ""
| #define PACKAGE_STRING ""
| #define PACKAGE_BUGREPORT ""
| #define PACKAGE_URL ""
| #define PACKAGE "libxml2"
| #define VERSION "2.9.1"
| #define STDC_HEADERS 1
| #define HAVE_SYS_TYPES_H 1
| #define HAVE_SYS_STAT_H 1
| #define HAVE_STDLIB_H 1
| #define HAVE_STRING_H 1
| #define HAVE_MEMORY_H 1
| #define HAVE_STRINGS_H 1
| #define HAVE_INTTYPES_H 1
| #define HAVE_STDINT_H 1
| #define HAVE_UNISTD_H 1
| #define HAVE_DLFCN_H 1
| #define LT_OBJDIR ".libs/"
| #define HAVE_DIRENT_H 1
| #define STDC_HEADERS 1
| #define HAVE_FCNTL_H 1
| #define HAVE_UNISTD_H 1
| #define HAVE_CTYPE_H 1
| #define HAVE_DIRENT_H 1
| #define HAVE_ERRNO_H 1
| #define HAVE_MALLOC_H 1
| #define HAVE_STDARG_H 1
| #define HAVE_SYS_STAT_H 1
| #define HAVE_SYS_TYPES_H 1
| #define HAVE_STDINT_H 1
| #define HAVE_INTTYPES_H 1
| #define HAVE_TIME_H 1
| /* end confdefs.h.  */
| #include <stdio.h>
| #ifdef HAVE_SYS_TYPES_H
| # include <sys/types.h>
| #endif
| #ifdef HAVE_SYS_STAT_H
| # include <sys/stat.h>
| #endif
| #ifdef STDC_HEADERS
| # include <stdlib.h>
| # include <stddef.h>
| #else
| # ifdef HAVE_STDLIB_H
| #  include <stdlib.h>
| # endif
| #endif
| #ifdef HAVE_STRING_H
| # if !defined STDC_HEADERS && defined HAVE_MEMORY_H
| #  include <memory.h>
| # endif
| # include <string.h>
| #endif
| #ifdef HAVE_STRINGS_H
| # include <strings.h>
| #endif
| #ifdef HAVE_INTTYPES_H
| # include <inttypes.h>
| #endif
| #ifdef HAVE_STDINT_H
| # include <stdint.h>
| #endif
| #ifdef HAVE_UNISTD_H
| # include <unistd.h>
| #endif
| #include <ieeefp.h>
configure:12924: result: no
configure:12924: checking ieeefp.h presence
configure:12924: gcc -E  conftest.c
conftest.c:37:10: fatal error: ieeefp.h: No such file or directory
   37 | #include <ieeefp.h>
      |          ^~~~~~~~~~
compilation terminated.
configure:12924: $? = 1
configure: failed program was:
| /* confdefs.h */
| #define PACKAGE_NAME ""
| #define PACKAGE_TARNAME ""
| #define PACKAGE_VERSION ""
| #define PACKAGE_STRING ""
| #define PACKAGE_BUGREPORT ""
| #define PACKAGE_URL ""
| #define PACKAGE "libxml2"
| #define VERSION "2.9.1"
| #define STDC_HEADERS 1
| #define HAVE_SYS_TYPES_H 1
| #define HAVE_SYS_STAT_H 1
| #define HAVE_STDLIB_H 1
| #define HAVE_STRING_H 1
| #define HAVE_MEMORY_H 1
| #define HAVE_STRINGS_H 1
| #define HAVE_INTTYPES_H 1
| #define HAVE_STDINT_H 1
| #define HAVE_UNISTD_H 1
| #define HAVE_DLFCN_H 1
| #define LT_OBJDIR ".libs/"
| #define HAVE_DIRENT_H 1
| #define STDC_HEADERS 1
| #define HAVE_FCNTL_H 1
| #define HAVE_UNISTD_H 1
| #define HAVE_CTYPE_H 1
| #define HAVE_DIRENT_H 1
| #define HAVE_ERRNO_H 1
| #define HAVE_MALLOC_H 1
| #define HAVE_STDARG_H 1
| #define HAVE_SYS_STAT_H 1
| #define HAVE_SYS_TYPES_H 1
| #define HAVE_STDINT_H 1
| #define HAVE_INTTYPES_H 1
| #define HAVE_TIME_H 1
| /* end confdefs.h.  */
| #include <ieeefp.h>
configure:12924: result: no
configure:12924: checking for ieeefp.h
configure:12924: result: no
configure:12936: checking nan.h usability
configure:12936: gcc -c -g -O2 -Wall -fsigned-char  conftest.c >&5
conftest.c:70:10: fatal error: nan.h: No such file or directory
   70 | #include <nan.h>
      |          ^~~~~~~
compilation terminated.
configure:12936: $? = 1
configure: failed program was:
| /* confdefs.h */
| #define PACKAGE_NAME ""
| #define PACKAGE_TARNAME ""
| #define PACKAGE_VERSION ""
| #define PACKAGE_STRING ""
| #define PACKAGE_BUGREPORT ""
| #define PACKAGE_URL ""
| #define PACKAGE "libxml2"
| #define VERSION "2.9.1"
| #define STDC_HEADERS 1
| #define HAVE_SYS_TYPES_H 1
| #define HAVE_SYS_STAT_H 1
| #define HAVE_STDLIB_H 1
| #define HAVE_STRING_H 1
| #define HAVE_MEMORY_H 1
| #define HAVE_STRINGS_H 1
| #define HAVE_INTTYPES_H 1
| #define HAVE_STDINT_H 1
| #define HAVE_UNISTD_H 1
| #define HAVE_DLFCN_H 1
| #define LT_OBJDIR ".libs/"
| #define HAVE_DIRENT_H 1
| #define STDC_HEADERS 1
| #define HAVE_FCNTL_H 1
| #define HAVE_UNISTD_H 1
| #define HAVE_CTYPE_H 1
| #define HAVE_DIRENT_H 1
| #define HAVE_ERRNO_H 1
| #define HAVE_MALLOC_H 1
| #define HAVE_STDARG_H 1
| #define HAVE_SYS_STAT_H 1
| #define HAVE_SYS_TYPES_H 1
| #define HAVE_STDINT_H 1
| #define HAVE_INTTYPES_H 1
| #define HAVE_TIME_H 1
| /* end confdefs.h.  */
| #include <stdio.h>
| #ifdef HAVE_SYS_TYPES_H
| # include <sys/types.h>
| #endif
| #ifdef HAVE_SYS_STAT_H
| # include <sys/stat.h>
| #endif
| #ifdef STDC_HEADERS
| # include <stdlib.h>
| # include <stddef.h>
| #else
| # ifdef HAVE_STDLIB_H
| #  include <stdlib.h>
| # endif
| #endif
| #ifdef HAVE_STRING_H
| # if !defined STDC_HEADERS && defined HAVE_MEMORY_H
| #  include <memory.h>
| # endif
| # include <string.h>
| #endif
| #ifdef HAVE_STRINGS_H
| # include <strings.h>
| #endif
| #ifdef HAVE_INTTYPES_H
| # include <inttypes.h>
| #endif
| #ifdef HAVE_STDINT_H
| # include <stdint.h>
| #endif
| #ifdef HAVE_UNISTD_H
| # include <unistd.h>
| #endif
| #include <nan.h>
configure:12936: result: no
configure:12936: checking nan.h presence
configure:12936: gcc -E  conftest.c
conftest.c:37:10: fatal error: nan.h: No such file or directory
   37 | #include <nan.h>
      |          ^~~~~~~
compilation terminated.
configure:12936: $? = 1
configure: failed program was:
| /* confdefs.h */
| #define PACKAGE_NAME ""
| #define PACKAGE_TARNAME ""
| #define PACKAGE_VERSION ""
| #define PACKAGE_STRING ""
| #define PACKAGE_BUGREPORT ""
| #define PACKAGE_URL ""
| #define PACKAGE "libxml2"
| #define VERSION "2.9.1"
| #define STDC_HEADERS 1
| #define HAVE_SYS_TYPES_H 1
| #define HAVE_SYS_STAT_H 1
| #define HAVE_STDLIB_H 1
| #define HAVE_STRING_H 1
| #define HAVE_MEMORY_H 1
| #define HAVE_STRINGS_H 1
| #define HAVE_INTTYPES_H 1
| #define HAVE_STDINT_H 1
| #define HAVE_UNISTD_H 1
| #define HAVE_DLFCN_H 1
| #define LT_OBJDIR ".libs/"
| #define HAVE_DIRENT_H 1
| #define STDC_HEADERS 1
| #define HAVE_FCNTL_H 1
| #define HAVE_UNISTD_H 1
| #define HAVE_CTYPE_H 1
| #define HAVE_DIRENT_H 1
| #define HAVE_ERRNO_H 1
| #define HAVE_MALLOC_H 1
| #define HAVE_STDARG_H 1
| #define HAVE_SYS_STAT_H 1
| #define HAVE_SYS_TYPES_H 1
| #define HAVE_STDINT_H 1
| #define HAVE_INTTYPES_H 1
| #define HAVE_TIME_H 1
| /* end confdefs.h.  */
| #include <nan.h>
configure:12936: result: no
configure:12936: checking for nan.h
configure:12936: result: no
configure:12948: checking math.h usability
configure:12948: gcc -c -g -O2 -Wall -fsigned-char  conftest.c >&5
configure:12948: $? = 0
configure:12948: result: yes
configure:12948: checking math.h presence
configure:12948: gcc -E  conftest.c
configure:12948: $? = 0
configure:12948: result: yes
configure:12948: checking for math.h
configure:12948: result: yes
configure:12960: checking limits.h usability
configure:12960: gcc -c -g -O2 -Wall -fsigned-char  conftest.c >&5
configure:12960: $? = 0
configure:12960: result: yes
configure:12960: checking limits.h presence
configure:12960: gcc -E  conftest.c
configure:12960: $? = 0
configure:12960: result: yes
configure:12960: checking for limits.h
configure:12960: result: yes
configure:12972: checking fp_class.h usability
configure:12972: gcc -c -g -O2 -Wall -fsigned-char  conftest.c >&5
conftest.c:72:10: fatal error: fp_class.h: No such file or directory
   72 | #include <fp_class.h>
      |          ^~~~~~~~~~~~
compilation terminated.
configure:12972: $? = 1
configure: failed program was:
| /* confdefs.h */
| #define PACKAGE_NAME ""
| #define PACKAGE_TARNAME ""
| #define PACKAGE_VERSION ""
| #define PACKAGE_STRING ""
| #define PACKAGE_BUGREPORT ""
| #define PACKAGE_URL ""
| #define PACKAGE "libxml2"
| #define VERSION "2.9.1"
| #define STDC_HEADERS 1
| #define HAVE_SYS_TYPES_H 1
| #define HAVE_SYS_STAT_H 1
| #define HAVE_STDLIB_H 1
| #define HAVE_STRING_H 1
| #define HAVE_MEMORY_H 1
| #define HAVE_STRINGS_H 1
| #define HAVE_INTTYPES_H 1
| #define HAVE_STDINT_H 1
| #define HAVE_UNISTD_H 1
| #define HAVE_DLFCN_H 1
| #define LT_OBJDIR ".libs/"
| #define HAVE_DIRENT_H 1
| #define STDC_HEADERS 1
| #define HAVE_FCNTL_H 1
| #define HAVE_UNISTD_H 1
| #define HAVE_CTYPE_H 1
| #define HAVE_DIRENT_H 1
| #define HAVE_ERRNO_H 1
| #define HAVE_MALLOC_H 1
| #define HAVE_STDARG_H 1
| #define HAVE_SYS_STAT_H 1
| #define HAVE_SYS_TYPES_H 1
| #define HAVE_STDINT_H 1
| #define HAVE_INTTYPES_H 1
| #define HAVE_TIME_H 1
| #define HAVE_MATH_H 1
| #define HAVE_LIMITS_H 1
| /* end confdefs.h.  */
| #include <stdio.h>
| #ifdef HAVE_SYS_TYPES_H
| # include <sys/types.h>
| #endif
| #ifdef HAVE_SYS_STAT_H
| # include <sys/stat.h>
| #endif
| #ifdef STDC_HEADERS
| # include <stdlib.h>
| # include <stddef.h>
| #else
| # ifdef HAVE_STDLIB_H
| #  include <stdlib.h>
| # endif
| #endif
| #ifdef HAVE_STRING_H
| # if !defined STDC_HEADERS && defined HAVE_MEMORY_H
| #  include <memory.h>
| # endif
| # include <string.h>
| #endif
| #ifdef HAVE_STRINGS_H
| # include <strings.h>
| #endif
| #ifdef HAVE_INTTYPES_H
| # include <inttypes.h>
| #endif
| #ifdef HAVE_STDINT_H
| # include <stdint.h>
| #endif
| #ifdef HAVE_UNISTD_H
| # include <unistd.h>
| #endif
| #include <fp_class.h>
configure:12972: result: no
configure:12972: checking fp_class.h presence
configure:12972: gcc -E  conftest.c
conftest.c:39:10: fatal error: fp_class.h: No such file or directory
   39 | #include <fp_class.h>
      |          ^~~~~~~~~~~~
compilation terminated.
configure:12972: $? = 1
configure: failed program was:
| /* confdefs.h */
| #define PACKAGE_NAME ""
| #define PACKAGE_TARNAME ""
| #define PACKAGE_VERSION ""
| #define PACKAGE_STRING ""
| #define PACKAGE_BUGREPORT ""
| #define PACKAGE_URL ""
| #define PACKAGE "libxml2"
| #define VERSION "2.9.1"
| #define STDC_HEADERS 1
| #define HAVE_SYS_TYPES_H 1
| #define HAVE_SYS_STAT_H 1
| #define HAVE_STDLIB_H 1
| #define HAVE_STRING_H 1
| #define HAVE_MEMORY_H 1
| #define HAVE_STRINGS_H 1
| #define HAVE_INTTYPES_H 1
| #define HAVE_STDINT_H 1
| #define HAVE_UNISTD_H 1
| #define HAVE_DLFCN_H 1
| #define LT_OBJDIR ".libs/"
| #define HAVE_DIRENT_H 1
| #define STDC_HEADERS 1
| #define HAVE_FCNTL_H 1
| #define HAVE_UNISTD_H 1
| #define HAVE_CTYPE_H 1
| #define HAVE_DIRENT_H 1
| #define HAVE_ERRNO_H 1
| #define HAVE_MALLOC_H 1
| #define HAVE_STDARG_H 1
| #define HAVE_SYS_STAT_H 1
| #define HAVE_SYS_TYPES_H 1
| #define HAVE_STDINT_H 1
| #define HAVE_INTTYPES_H 1
| #define HAVE_TIME_H 1
| #define HAVE_MATH_H 1
| #define HAVE_LIMITS_H 1
| /* end confdefs.h.  */
| #include <fp_class.h>
configure:12972: result: no
configure:12972: checking for fp_class.h
configure:12972: result: no
configure:12984: checking float.h usability
configure:12984: gcc -c -g -O2 -Wall -fsigned-char  conftest.c >&5
configure:12984: $? = 0
configure:12984: result: yes
configure:12984: checking float.h presence
configure:12984: gcc -E  conftest.c
configure:12984: $? = 0
configure:12984: result: yes
configure:12984: checking for float.h
configure:12984: result: yes
configure:12996: checking for stdlib.h
configure:12996: result: yes
configure:13008: checking for sys/socket.h
configure:13008: gcc -c -g -O2 -Wall -fsigned-char  conftest.c >&5
configure:13008: $? = 0
configure:13008: result: yes
configure:13024: checking for netinet/in.h
configure:13024: gcc -c -g -O2 -Wall -fsigned-char  conftest.c >&5
configure:13024: $? = 0
configure:13024: result: yes
configure:13040: checking for arpa/inet.h
configure:13040: gcc -c -g -O2 -Wall -fsigned-char  conftest.c >&5
configure:13040: $? = 0
configure:13040: result: yes
configure:13059: checking netdb.h usability
configure:13059: gcc -c -g -O2 -Wall -fsigned-char  conftest.c >&5
configure:13059: $? = 0
configure:13059: result: yes
configure:13059: checking netdb.h presence
configure:13059: gcc -E  conftest.c
configure:13059: $? = 0
configure:13059: result: yes
configure:13059: checking for netdb.h
configure:13059: result: yes
configure:13071: checking sys/time.h usability
configure:13071: gcc -c -g -O2 -Wall -fsigned-char  conftest.c >&5
configure:13071: $? = 0
configure:13071: result: yes
configure:13071: checking sys/time.h presence
configure:13071: gcc -E  conftest.c
configure:13071: $? = 0
configure:13071: result: yes
configure:13071: checking for sys/time.h
configure:13071: result: yes
configure:13083: checking sys/select.h usability
configure:13083: gcc -c -g -O2 -Wall -fsigned-char  conftest.c >&5
configure:13083: $? = 0
configure:13083: result: yes
configure:13083: checking sys/select.h presence
configure:13083: gcc -E  conftest.c
configure:13083: $? = 0
configure:13083: result: yes
configure:13083: checking for sys/select.h
configure:13083: result: yes
configure:13095: checking poll.h usability
configure:13095: gcc -c -g -O2 -Wall -fsigned-char  conftest.c >&5
configure:13095: $? = 0
configure:13095: result: yes
configure:13095: checking poll.h presence
configure:13095: gcc -E  conftest.c
configure:13095: $? = 0
configure:13095: result: yes
configure:13095: checking for poll.h
configure:13095: result: yes
configure:13107: checking sys/mman.h usability
configure:13107: gcc -c -g -O2 -Wall -fsigned-char  conftest.c >&5
configure:13107: $? = 0
configure:13107: result: yes
configure:13107: checking sys/mman.h presence
configure:13107: gcc -E  conftest.c
configure:13107: $? = 0
configure:13107: result: yes
configure:13107: checking for sys/mman.h
configure:13107: result: yes
configure:13119: checking sys/timeb.h usability
configure:13119: gcc -c -g -O2 -Wall -fsigned-char  conftest.c >&5
configure:13119: $? = 0
configure:13119: result: yes
configure:13119: checking sys/timeb.h presence
configure:13119: gcc -E  conftest.c
configure:13119: $? = 0
configure:13119: result: yes
configure:13119: checking for sys/timeb.h
configure:13119: result: yes
configure:13131: checking signal.h usability
configure:13131: gcc -c -g -O2 -Wall -fsigned-char  conftest.c >&5
configure:13131: $? = 0
configure:13131: result: yes
configure:13131: checking signal.h presence
configure:13131: gcc -E  conftest.c
configure:13131: $? = 0
configure:13131: result: yes
configure:13131: checking for signal.h
configure:13131: result: yes
configure:13143: checking for arpa/nameser.h
configure:13143: gcc -c -g -O2 -Wall -fsigned-char  conftest.c >&5
configure:13143: $? = 0
configure:13143: result: yes
configure:13159: checking for resolv.h
configure:13159: gcc -c -g -O2 -Wall -fsigned-char  conftest.c >&5
configure:13159: $? = 0
configure:13159: result: yes
configure:13181: checking dl.h usability
configure:13181: gcc -c -g -O2 -Wall -fsigned-char  conftest.c >&5
conftest.c:86:10: fatal error: dl.h: No such file or directory
   86 | #include <dl.h>
      |          ^~~~~~
compilation terminated.
configure:13181: $? = 1
configure: failed program was:
| /* confdefs.h */
| #define PACKAGE_NAME ""
| #define PACKAGE_TARNAME ""
| #define PACKAGE_VERSION ""
| #define PACKAGE_STRING ""
| #define PACKAGE_BUGREPORT ""
| #define PACKAGE_URL ""
| #define PACKAGE "libxml2"
| #define VERSION "2.9.1"
| #define STDC_HEADERS 1
| #define HAVE_SYS_TYPES_H 1
| #define HAVE_SYS_STAT_H 1
| #define HAVE_STDLIB_H 1
| #define HAVE_STRING_H 1
| #define HAVE_MEMORY_H 1
| #define HAVE_STRINGS_H 1
| #define HAVE_INTTYPES_H 1
| #define HAVE_STDINT_H 1
| #define HAVE_UNISTD_H 1
| #define HAVE_DLFCN_H 1
| #define LT_OBJDIR ".libs/"
| #define HAVE_DIRENT_H 1
| #define STDC_HEADERS 1
| #define HAVE_FCNTL_H 1
| #define HAVE_UNISTD_H 1
| #define HAVE_CTYPE_H 1
| #define HAVE_DIRENT_H 1
| #define HAVE_ERRNO_H 1
| #define HAVE_MALLOC_H 1
| #define HAVE_STDARG_H 1
| #define HAVE_SYS_STAT_H 1
| #define HAVE_SYS_TYPES_H 1
| #define HAVE_STDINT_H 1
| #define HAVE_INTTYPES_H 1
| #define HAVE_TIME_H 1
| #define HAVE_MATH_H 1
| #define HAVE_LIMITS_H 1
| #define HAVE_FLOAT_H 1
| #define HAVE_STDLIB_H 1
| #define HAVE_SYS_SOCKET_H 1
| #define HAVE_NETINET_IN_H 1
| #define HAVE_ARPA_INET_H 1
| #define HAVE_NETDB_H 1
| #define HAVE_SYS_TIME_H 1
| #define HAVE_SYS_SELECT_H 1
| #define HAVE_POLL_H 1
| #define HAVE_SYS_MMAN_H 1
| #define HAVE_SYS_TIMEB_H 1
| #define HAVE_SIGNAL_H 1
| #define HAVE_ARPA_NAMESER_H 1
| #define HAVE_RESOLV_H 1
| /* end confdefs.h.  */
| #include <stdio.h>
| #ifdef HAVE_SYS_TYPES_H
| # include <sys/types.h>
| #endif
| #ifdef HAVE_SYS_STAT_H
| # include <sys/stat.h>
| #endif
| #ifdef STDC_HEADERS
| # include <stdlib.h>
| # include <stddef.h>
| #else
| # ifdef HAVE_STDLIB_H
| #  include <stdlib.h>
| # endif
| #endif
| #ifdef HAVE_STRING_H
| # if !defined STDC_HEADERS && defined HAVE_MEMORY_H
| #  include <memory.h>
| # endif
| # include <string.h>
| #endif
| #ifdef HAVE_STRINGS_H
| # include <strings.h>
| #endif
| #ifdef HAVE_INTTYPES_H
| # include <inttypes.h>
| #endif
| #ifdef HAVE_STDINT_H
| # include <stdint.h>
| #endif
| #ifdef HAVE_UNISTD_H
| # include <unistd.h>
| #endif
| #include <dl.h>
configure:13181: result: no
configure:13181: checking dl.h presence
configure:13181: gcc -E  conftest.c
conftest.c:53:10: fatal error: dl.h: No such file or directory
   53 | #include <dl.h>
      |          ^~~~~~
compilation terminated.
configure:13181: $? = 1
configure: failed program was:
| /* confdefs.h */
| #define PACKAGE_NAME ""
| #define PACKAGE_TARNAME ""
| #define PACKAGE_VERSION ""
| #define PACKAGE_STRING ""
| #define PACKAGE_BUGREPORT ""
| #define PACKAGE_URL ""
| #define PACKAGE "libxml2"
| #define VERSION "2.9.1"
| #define STDC_HEADERS 1
| #define HAVE_SYS_TYPES_H 1
| #define HAVE_SYS_STAT_H 1
| #define HAVE_STDLIB_H 1
| #define HAVE_STRING_H 1
| #define HAVE_MEMORY_H 1
| #define HAVE_STRINGS_H 1
| #define HAVE_INTTYPES_H 1
| #define HAVE_STDINT_H 1
| #define HAVE_UNISTD_H 1
| #define HAVE_DLFCN_H 1
| #define LT_OBJDIR ".libs/"
| #define HAVE_DIRENT_H 1
| #define STDC_HEADERS 1
| #define HAVE_FCNTL_H 1
| #define HAVE_UNISTD_H 1
| #define HAVE_CTYPE_H 1
| #define HAVE_DIRENT_H 1
| #define HAVE_ERRNO_H 1
| #define HAVE_MALLOC_H 1
| #define HAVE_STDARG_H 1
| #define HAVE_SYS_STAT_H 1
| #define HAVE_SYS_TYPES_H 1
| #define HAVE_STDINT_H 1
| #define HAVE_INTTYPES_H 1
| #define HAVE_TIME_H 1
| #define HAVE_MATH_H 1
| #define HAVE_LIMITS_H 1
| #define HAVE_FLOAT_H 1
| #define HAVE_STDLIB_H 1
| #define HAVE_SYS_SOCKET_H 1
| #define HAVE_NETINET_IN_H 1
| #define HAVE_ARPA_INET_H 1
| #define HAVE_NETDB_H 1
| #define HAVE_SYS_TIME_H 1
| #define HAVE_SYS_SELECT_H 1
| #define HAVE_POLL_H 1
| #define HAVE_SYS_MMAN_H 1
| #define HAVE_SYS_TIMEB_H 1
| #define HAVE_SIGNAL_H 1
| #define HAVE_ARPA_NAMESER_H 1
| #define HAVE_RESOLV_H 1
| /* end confdefs.h.  */
| #include <dl.h>
configure:13181: result: no
configure:13181: checking for dl.h
configure:13181: result: no
configure:13193: checking for dlfcn.h
configure:13193: result: yes
configure:13207: checking for uint32_t
configure:13207: gcc -c -g -O2 -Wall -fsigned-char  conftest.c >&5
configure:13207: $? = 0
configure:13207: result: yes
configure:13227: checking for strftime
configure:13227: gcc -o conftest -g -O2 -Wall -fsigned-char   conftest.c  >&5
conftest.c:77:6: warning: conflicting types for built-in function 'strftime'; expected 'long unsigned int(char *, long unsigned int,  const char *, const void *)' [-Wbuiltin-declaration-mismatch]
   77 | char strftime ();
      |      ^~~~~~~~
conftest.c:65:1: note: 'strftime' is declared in header '<time.h>'
   64 | # include <limits.h>
   65 | #else
configure:13227: $? = 0
configure:13227: result: yes
configure:13283: checking for strdup
configure:13283: gcc -o conftest -g -O2 -Wall -fsigned-char   conftest.c  >&5
conftest.c:78:6: warning: conflicting types for built-in function 'strdup'; expected 'char *(const char *)' [-Wbuiltin-declaration-mismatch]
   78 | char strdup ();
      |      ^~~~~~
configure:13283: $? = 0
configure:13283: result: yes
configure:13283: checking for strndup
configure:13283: gcc -o conftest -g -O2 -Wall -fsigned-char   conftest.c  >&5
conftest.c:79:6: warning: conflicting types for built-in function 'strndup'; expected 'char *(const char *, long unsigned int)' [-Wbuiltin-declaration-mismatch]
   79 | char strndup ();
      |      ^~~~~~~
configure:13283: $? = 0
configure:13283: result: yes
configure:13283: checking for strerror
configure:13283: gcc -o conftest -g -O2 -Wall -fsigned-char   conftest.c  >&5
configure:13283: $? = 0
configure:13283: result: yes
configure:13295: checking for finite
configure:13295: gcc -o conftest -g -O2 -Wall -fsigned-char   conftest.c  >&5
conftest.c:81:6: warning: conflicting types for built-in function 'finite'; expected 'int(double)' [-Wbuiltin-declaration-mismatch]
   81 | char finite ();
      |      ^~~~~~
configure:13295: $? = 0
configure:13295: result: yes
configure:13295: checking for isnand
configure:13295: gcc -o conftest -g -O2 -Wall -fsigned-char   conftest.c  >&5
/home/shane.mill/miniconda3/envs/shane-test/bin/../lib/gcc/x86_64-conda-linux-gnu/11.2.0/../../../../x86_64-conda-linux-gnu/bin/ld: /tmp/ccQ4qN4v.o: in function `main':
/home/shane.mill/WIAB-NDFD-data-api-edr/ingest/automated_ingest/NDFD/degrib/src/libxml/conftest.c:93: undefined reference to `isnand'
collect2: error: ld returned 1 exit status
configure:13295: $? = 1
configure: failed program was:
| /* confdefs.h */
| #define PACKAGE_NAME ""
| #define PACKAGE_TARNAME ""
| #define PACKAGE_VERSION ""
| #define PACKAGE_STRING ""
| #define PACKAGE_BUGREPORT ""
| #define PACKAGE_URL ""
| #define PACKAGE "libxml2"
| #define VERSION "2.9.1"
| #define STDC_HEADERS 1
| #define HAVE_SYS_TYPES_H 1
| #define HAVE_SYS_STAT_H 1
| #define HAVE_STDLIB_H 1
| #define HAVE_STRING_H 1
| #define HAVE_MEMORY_H 1
| #define HAVE_STRINGS_H 1
| #define HAVE_INTTYPES_H 1
| #define HAVE_STDINT_H 1
| #define HAVE_UNISTD_H 1
| #define HAVE_DLFCN_H 1
| #define LT_OBJDIR ".libs/"
| #define HAVE_DIRENT_H 1
| #define STDC_HEADERS 1
| #define HAVE_FCNTL_H 1
| #define HAVE_UNISTD_H 1
| #define HAVE_CTYPE_H 1
| #define HAVE_DIRENT_H 1
| #define HAVE_ERRNO_H 1
| #define HAVE_MALLOC_H 1
| #define HAVE_STDARG_H 1
| #define HAVE_SYS_STAT_H 1
| #define HAVE_SYS_TYPES_H 1
| #define HAVE_STDINT_H 1
| #define HAVE_INTTYPES_H 1
| #define HAVE_TIME_H 1
| #define HAVE_MATH_H 1
| #define HAVE_LIMITS_H 1
| #define HAVE_FLOAT_H 1
| #define HAVE_STDLIB_H 1
| #define HAVE_SYS_SOCKET_H 1
| #define HAVE_NETINET_IN_H 1
| #define HAVE_ARPA_INET_H 1
| #define HAVE_NETDB_H 1
| #define HAVE_SYS_TIME_H 1
| #define HAVE_SYS_SELECT_H 1
| #define HAVE_POLL_H 1
| #define HAVE_SYS_MMAN_H 1
| #define HAVE_SYS_TIMEB_H 1
| #define HAVE_SIGNAL_H 1
| #define HAVE_ARPA_NAMESER_H 1
| #define HAVE_RESOLV_H 1
| #define HAVE_DLFCN_H 1
| #define HAVE_STRFTIME 1
| #define HAVE_STRDUP 1
| #define HAVE_STRNDUP 1
| #define HAVE_STRERROR 1
| #define HAVE_FINITE 1
| /* end confdefs.h.  */
| /* Define isnand to an innocuous variant, in case <limits.h> declares isnand.
|    For example, HP-UX 11i <limits.h> declares gettimeofday.  */
| #define isnand innocuous_isnand
| 
| /* System header to define __stub macros and hopefully few prototypes,
|     which can conflict with char isnand (); below.
|     Prefer <limits.h> to <assert.h> if __STDC__ is defined, since
|     <limits.h> exists even on freestanding compilers.  */
| 
| #ifdef __STDC__
| # include <limits.h>
| #else
| # include <assert.h>
| #endif
| 
| #undef isnand
| 
| /* Override any GCC internal prototype to avoid an error.
|    Use char because int might match the return type of a GCC
|    builtin and then its argument prototype would still apply.  */
| #ifdef __cplusplus
| extern "C"
| #endif
| char isnand ();
| /* The GNU C library defines this for functions which it implements
|     to always fail with ENOSYS.  Some functions are actually named
|     something starting with __ and the normal name is an alias.  */
| #if defined __stub_isnand || defined __stub___isnand
| choke me
| #endif
| 
| int
| main ()
| {
| return isnand ();
|   ;
|   return 0;
| }
configure:13295: result: no
configure:13295: checking for fp_class
configure:13295: gcc -o conftest -g -O2 -Wall -fsigned-char   conftest.c  >&5
/home/shane.mill/miniconda3/envs/shane-test/bin/../lib/gcc/x86_64-conda-linux-gnu/11.2.0/../../../../x86_64-conda-linux-gnu/bin/ld: /tmp/ccY22D8w.o: in function `main':
/home/shane.mill/WIAB-NDFD-data-api-edr/ingest/automated_ingest/NDFD/degrib/src/libxml/conftest.c:93: undefined reference to `fp_class'
collect2: error: ld returned 1 exit status
configure:13295: $? = 1
configure: failed program was:
| /* confdefs.h */
| #define PACKAGE_NAME ""
| #define PACKAGE_TARNAME ""
| #define PACKAGE_VERSION ""
| #define PACKAGE_STRING ""
| #define PACKAGE_BUGREPORT ""
| #define PACKAGE_URL ""
| #define PACKAGE "libxml2"
| #define VERSION "2.9.1"
| #define STDC_HEADERS 1
| #define HAVE_SYS_TYPES_H 1
| #define HAVE_SYS_STAT_H 1
| #define HAVE_STDLIB_H 1
| #define HAVE_STRING_H 1
| #define HAVE_MEMORY_H 1
| #define HAVE_STRINGS_H 1
| #define HAVE_INTTYPES_H 1
| #define HAVE_STDINT_H 1
| #define HAVE_UNISTD_H 1
| #define HAVE_DLFCN_H 1
| #define LT_OBJDIR ".libs/"
| #define HAVE_DIRENT_H 1
| #define STDC_HEADERS 1
| #define HAVE_FCNTL_H 1
| #define HAVE_UNISTD_H 1
| #define HAVE_CTYPE_H 1
| #define HAVE_DIRENT_H 1
| #define HAVE_ERRNO_H 1
| #define HAVE_MALLOC_H 1
| #define HAVE_STDARG_H 1
| #define HAVE_SYS_STAT_H 1
| #define HAVE_SYS_TYPES_H 1
| #define HAVE_STDINT_H 1
| #define HAVE_INTTYPES_H 1
| #define HAVE_TIME_H 1
| #define HAVE_MATH_H 1
| #define HAVE_LIMITS_H 1
| #define HAVE_FLOAT_H 1
| #define HAVE_STDLIB_H 1
| #define HAVE_SYS_SOCKET_H 1
| #define HAVE_NETINET_IN_H 1
| #define HAVE_ARPA_INET_H 1
| #define HAVE_NETDB_H 1
| #define HAVE_SYS_TIME_H 1
| #define HAVE_SYS_SELECT_H 1
| #define HAVE_POLL_H 1
| #define HAVE_SYS_MMAN_H 1
| #define HAVE_SYS_TIMEB_H 1
| #define HAVE_SIGNAL_H 1
| #define HAVE_ARPA_NAMESER_H 1
| #define HAVE_RESOLV_H 1
| #define HAVE_DLFCN_H 1
| #define HAVE_STRFTIME 1
| #define HAVE_STRDUP 1
| #define HAVE_STRNDUP 1
| #define HAVE_STRERROR 1
| #define HAVE_FINITE 1
| /* end confdefs.h.  */
| /* Define fp_class to an innocuous variant, in case <limits.h> declares fp_class.
|    For example, HP-UX 11i <limits.h> declares gettimeofday.  */
| #define fp_class innocuous_fp_class
| 
| /* System header to define __stub macros and hopefully few prototypes,
|     which can conflict with char fp_class (); below.
|     Prefer <limits.h> to <assert.h> if __STDC__ is defined, since
|     <limits.h> exists even on freestanding compilers.  */
| 
| #ifdef __STDC__
| # include <limits.h>
| #else
| # include <assert.h>
| #endif
| 
| #undef fp_class
| 
| /* Override any GCC internal prototype to avoid an error.
|    Use char because int might match the return type of a GCC
|    builtin and then its argument prototype would still apply.  */
| #ifdef __cplusplus
| extern "C"
| #endif
| char fp_class ();
| /* The GNU C library defines this for functions which it implements
|     to always fail with ENOSYS.  Some functions are actually named
|     something starting with __ and the normal name is an alias.  */
| #if defined __stub_fp_class || defined __stub___fp_class
| choke me
| #endif
| 
| int
| main ()
| {
| return fp_class ();
|   ;
|   return 0;
| }
configure:13295: result: no
configure:13295: checking for class
configure:13295: gcc -o conftest -g -O2 -Wall -fsigned-char   conftest.c  >&5
/home/shane.mill/miniconda3/envs/shane-test/bin/../lib/gcc/x86_64-conda-linux-gnu/11.2.0/../../../../x86_64-conda-linux-gnu/bin/ld: /tmp/ccY9VZmz.o: in function `main':
/home/shane.mill/WIAB-NDFD-data-api-edr/ingest/automated_ingest/NDFD/degrib/src/libxml/conftest.c:93: undefined reference to `class'
collect2: error: ld returned 1 exit status
configure:13295: $? = 1
configure: failed program was:
| /* confdefs.h */
| #define PACKAGE_NAME ""
| #define PACKAGE_TARNAME ""
| #define PACKAGE_VERSION ""
| #define PACKAGE_STRING ""
| #define PACKAGE_BUGREPORT ""
| #define PACKAGE_URL ""
| #define PACKAGE "libxml2"
| #define VERSION "2.9.1"
| #define STDC_HEADERS 1
| #define HAVE_SYS_TYPES_H 1
| #define HAVE_SYS_STAT_H 1
| #define HAVE_STDLIB_H 1
| #define HAVE_STRING_H 1
| #define HAVE_MEMORY_H 1
| #define HAVE_STRINGS_H 1
| #define HAVE_INTTYPES_H 1
| #define HAVE_STDINT_H 1
| #define HAVE_UNISTD_H 1
| #define HAVE_DLFCN_H 1
| #define LT_OBJDIR ".libs/"
| #define HAVE_DIRENT_H 1
| #define STDC_HEADERS 1
| #define HAVE_FCNTL_H 1
| #define HAVE_UNISTD_H 1
| #define HAVE_CTYPE_H 1
| #define HAVE_DIRENT_H 1
| #define HAVE_ERRNO_H 1
| #define HAVE_MALLOC_H 1
| #define HAVE_STDARG_H 1
| #define HAVE_SYS_STAT_H 1
| #define HAVE_SYS_TYPES_H 1
| #define HAVE_STDINT_H 1
| #define HAVE_INTTYPES_H 1
| #define HAVE_TIME_H 1
| #define HAVE_MATH_H 1
| #define HAVE_LIMITS_H 1
| #define HAVE_FLOAT_H 1
| #define HAVE_STDLIB_H 1
| #define HAVE_SYS_SOCKET_H 1
| #define HAVE_NETINET_IN_H 1
| #define HAVE_ARPA_INET_H 1
| #define HAVE_NETDB_H 1
| #define HAVE_SYS_TIME_H 1
| #define HAVE_SYS_SELECT_H 1
| #define HAVE_POLL_H 1
| #define HAVE_SYS_MMAN_H 1
| #define HAVE_SYS_TIMEB_H 1
| #define HAVE_SIGNAL_H 1
| #define HAVE_ARPA_NAMESER_H 1
| #define HAVE_RESOLV_H 1
| #define HAVE_DLFCN_H 1
| #define HAVE_STRFTIME 1
| #define HAVE_STRDUP 1
| #define HAVE_STRNDUP 1
| #define HAVE_STRERROR 1
| #define HAVE_FINITE 1
| /* end confdefs.h.  */
| /* Define class to an innocuous variant, in case <limits.h> declares class.
|    For example, HP-UX 11i <limits.h> declares gettimeofday.  */
| #define class innocuous_class
| 
| /* System header to define __stub macros and hopefully few prototypes,
|     which can conflict with char class (); below.
|     Prefer <limits.h> to <assert.h> if __STDC__ is defined, since
|     <limits.h> exists even on freestanding compilers.  */
| 
| #ifdef __STDC__
| # include <limits.h>
| #else
| # include <assert.h>
| #endif
| 
| #undef class
| 
| /* Override any GCC internal prototype to avoid an error.
|    Use char because int might match the return type of a GCC
|    builtin and then its argument prototype would still apply.  */
| #ifdef __cplusplus
| extern "C"
| #endif
| char class ();
| /* The GNU C library defines this for functions which it implements
|     to always fail with ENOSYS.  Some functions are actually named
|     something starting with __ and the normal name is an alias.  */
| #if defined __stub_class || defined __stub___class
| choke me
| #endif
| 
| int
| main ()
| {
| return class ();
|   ;
|   return 0;
| }
configure:13295: result: no
configure:13295: checking for fpclass
configure:13295: gcc -o conftest -g -O2 -Wall -fsigned-char   conftest.c  >&5
/home/shane.mill/miniconda3/envs/shane-test/bin/../lib/gcc/x86_64-conda-linux-gnu/11.2.0/../../../../x86_64-conda-linux-gnu/bin/ld: /tmp/ccmFelfG.o: in function `main':
/home/shane.mill/WIAB-NDFD-data-api-edr/ingest/automated_ingest/NDFD/degrib/src/libxml/conftest.c:93: undefined reference to `fpclass'
collect2: error: ld returned 1 exit status
configure:13295: $? = 1
configure: failed program was:
| /* confdefs.h */
| #define PACKAGE_NAME ""
| #define PACKAGE_TARNAME ""
| #define PACKAGE_VERSION ""
| #define PACKAGE_STRING ""
| #define PACKAGE_BUGREPORT ""
| #define PACKAGE_URL ""
| #define PACKAGE "libxml2"
| #define VERSION "2.9.1"
| #define STDC_HEADERS 1
| #define HAVE_SYS_TYPES_H 1
| #define HAVE_SYS_STAT_H 1
| #define HAVE_STDLIB_H 1
| #define HAVE_STRING_H 1
| #define HAVE_MEMORY_H 1
| #define HAVE_STRINGS_H 1
| #define HAVE_INTTYPES_H 1
| #define HAVE_STDINT_H 1
| #define HAVE_UNISTD_H 1
| #define HAVE_DLFCN_H 1
| #define LT_OBJDIR ".libs/"
| #define HAVE_DIRENT_H 1
| #define STDC_HEADERS 1
| #define HAVE_FCNTL_H 1
| #define HAVE_UNISTD_H 1
| #define HAVE_CTYPE_H 1
| #define HAVE_DIRENT_H 1
| #define HAVE_ERRNO_H 1
| #define HAVE_MALLOC_H 1
| #define HAVE_STDARG_H 1
| #define HAVE_SYS_STAT_H 1
| #define HAVE_SYS_TYPES_H 1
| #define HAVE_STDINT_H 1
| #define HAVE_INTTYPES_H 1
| #define HAVE_TIME_H 1
| #define HAVE_MATH_H 1
| #define HAVE_LIMITS_H 1
| #define HAVE_FLOAT_H 1
| #define HAVE_STDLIB_H 1
| #define HAVE_SYS_SOCKET_H 1
| #define HAVE_NETINET_IN_H 1
| #define HAVE_ARPA_INET_H 1
| #define HAVE_NETDB_H 1
| #define HAVE_SYS_TIME_H 1
| #define HAVE_SYS_SELECT_H 1
| #define HAVE_POLL_H 1
| #define HAVE_SYS_MMAN_H 1
| #define HAVE_SYS_TIMEB_H 1
| #define HAVE_SIGNAL_H 1
| #define HAVE_ARPA_NAMESER_H 1
| #define HAVE_RESOLV_H 1
| #define HAVE_DLFCN_H 1
| #define HAVE_STRFTIME 1
| #define HAVE_STRDUP 1
| #define HAVE_STRNDUP 1
| #define HAVE_STRERROR 1
| #define HAVE_FINITE 1
| /* end confdefs.h.  */
| /* Define fpclass to an innocuous variant, in case <limits.h> declares fpclass.
|    For example, HP-UX 11i <limits.h> declares gettimeofday.  */
| #define fpclass innocuous_fpclass
| 
| /* System header to define __stub macros and hopefully few prototypes,
|     which can conflict with char fpclass (); below.
|     Prefer <limits.h> to <assert.h> if __STDC__ is defined, since
|     <limits.h> exists even on freestanding compilers.  */
| 
| #ifdef __STDC__
| # include <limits.h>
| #else
| # include <assert.h>
| #endif
| 
| #undef fpclass
| 
| /* Override any GCC internal prototype to avoid an error.
|    Use char because int might match the return type of a GCC
|    builtin and then its argument prototype would still apply.  */
| #ifdef __cplusplus
| extern "C"
| #endif
| char fpclass ();
| /* The GNU C library defines this for functions which it implements
|     to always fail with ENOSYS.  Some functions are actually named
|     something starting with __ and the normal name is an alias.  */
| #if defined __stub_fpclass || defined __stub___fpclass
| choke me
| #endif
| 
| int
| main ()
| {
| return fpclass ();
|   ;
|   return 0;
| }
configure:13295: result: no
configure:13307: checking for strftime
configure:13307: result: yes
configure:13307: checking for localtime
configure:13307: gcc -o conftest -g -O2 -Wall -fsigned-char   conftest.c  >&5
configure:13307: $? = 0
configure:13307: result: yes
configure:13307: checking for gettimeofday
configure:13307: gcc -o conftest -g -O2 -Wall -fsigned-char   conftest.c  >&5
configure:13307: $? = 0
configure:13307: result: yes
configure:13307: checking for ftime
configure:13307: gcc -o conftest -g -O2 -Wall -fsigned-char   conftest.c  >&5
configure:13307: $? = 0
configure:13307: result: yes
configure:13319: checking for stat
configure:13319: gcc -o conftest -g -O2 -Wall -fsigned-char   conftest.c  >&5
configure:13319: $? = 0
configure:13319: result: yes
configure:13319: checking for _stat
configure:13319: gcc -o conftest -g -O2 -Wall -fsigned-char   conftest.c  >&5
/home/shane.mill/miniconda3/envs/shane-test/bin/../lib/gcc/x86_64-conda-linux-gnu/11.2.0/../../../../x86_64-conda-linux-gnu/bin/ld: /tmp/ccd2N4RM.o: in function `main':
/home/shane.mill/WIAB-NDFD-data-api-edr/ingest/automated_ingest/NDFD/degrib/src/libxml/conftest.c:98: undefined reference to `_stat'
collect2: error: ld returned 1 exit status
configure:13319: $? = 1
configure: failed program was:
| /* confdefs.h */
| #define PACKAGE_NAME ""
| #define PACKAGE_TARNAME ""
| #define PACKAGE_VERSION ""
| #define PACKAGE_STRING ""
| #define PACKAGE_BUGREPORT ""
| #define PACKAGE_URL ""
| #define PACKAGE "libxml2"
| #define VERSION "2.9.1"
| #define STDC_HEADERS 1
| #define HAVE_SYS_TYPES_H 1
| #define HAVE_SYS_STAT_H 1
| #define HAVE_STDLIB_H 1
| #define HAVE_STRING_H 1
| #define HAVE_MEMORY_H 1
| #define HAVE_STRINGS_H 1
| #define HAVE_INTTYPES_H 1
| #define HAVE_STDINT_H 1
| #define HAVE_UNISTD_H 1
| #define HAVE_DLFCN_H 1
| #define LT_OBJDIR ".libs/"
| #define HAVE_DIRENT_H 1
| #define STDC_HEADERS 1
| #define HAVE_FCNTL_H 1
| #define HAVE_UNISTD_H 1
| #define HAVE_CTYPE_H 1
| #define HAVE_DIRENT_H 1
| #define HAVE_ERRNO_H 1
| #define HAVE_MALLOC_H 1
| #define HAVE_STDARG_H 1
| #define HAVE_SYS_STAT_H 1
| #define HAVE_SYS_TYPES_H 1
| #define HAVE_STDINT_H 1
| #define HAVE_INTTYPES_H 1
| #define HAVE_TIME_H 1
| #define HAVE_MATH_H 1
| #define HAVE_LIMITS_H 1
| #define HAVE_FLOAT_H 1
| #define HAVE_STDLIB_H 1
| #define HAVE_SYS_SOCKET_H 1
| #define HAVE_NETINET_IN_H 1
| #define HAVE_ARPA_INET_H 1
| #define HAVE_NETDB_H 1
| #define HAVE_SYS_TIME_H 1
| #define HAVE_SYS_SELECT_H 1
| #define HAVE_POLL_H 1
| #define HAVE_SYS_MMAN_H 1
| #define HAVE_SYS_TIMEB_H 1
| #define HAVE_SIGNAL_H 1
| #define HAVE_ARPA_NAMESER_H 1
| #define HAVE_RESOLV_H 1
| #define HAVE_DLFCN_H 1
| #define HAVE_STRFTIME 1
| #define HAVE_STRDUP 1
| #define HAVE_STRNDUP 1
| #define HAVE_STRERROR 1
| #define HAVE_FINITE 1
| #define HAVE_STRFTIME 1
| #define HAVE_LOCALTIME 1
| #define HAVE_GETTIMEOFDAY 1
| #define HAVE_FTIME 1
| #define HAVE_STAT 1
| /* end confdefs.h.  */
| /* Define _stat to an innocuous variant, in case <limits.h> declares _stat.
|    For example, HP-UX 11i <limits.h> declares gettimeofday.  */
| #define _stat innocuous__stat
| 
| /* System header to define __stub macros and hopefully few prototypes,
|     which can conflict with char _stat (); below.
|     Prefer <limits.h> to <assert.h> if __STDC__ is defined, since
|     <limits.h> exists even on freestanding compilers.  */
| 
| #ifdef __STDC__
| # include <limits.h>
| #else
| # include <assert.h>
| #endif
| 
| #undef _stat
| 
| /* Override any GCC internal prototype to avoid an error.
|    Use char because int might match the return type of a GCC
|    builtin and then its argument prototype would still apply.  */
| #ifdef __cplusplus
| extern "C"
| #endif
| char _stat ();
| /* The GNU C library defines this for functions which it implements
|     to always fail with ENOSYS.  Some functions are actually named
|     something starting with __ and the normal name is an alias.  */
| #if defined __stub__stat || defined __stub____stat
| choke me
| #endif
| 
| int
| main ()
| {
| return _stat ();
|   ;
|   return 0;
| }
configure:13319: result: no
configure:13319: checking for signal
configure:13319: gcc -o conftest -g -O2 -Wall -fsigned-char   conftest.c  >&5
configure:13319: $? = 0
configure:13319: result: yes
configure:13331: checking for rand
configure:13331: gcc -o conftest -g -O2 -Wall -fsigned-char   conftest.c  >&5
configure:13331: $? = 0
configure:13331: result: yes
configure:13331: checking for rand_r
configure:13331: gcc -o conftest -g -O2 -Wall -fsigned-char   conftest.c  >&5
configure:13331: $? = 0
configure:13331: result: yes
configure:13331: checking for srand
configure:13331: gcc -o conftest -g -O2 -Wall -fsigned-char   conftest.c  >&5
configure:13331: $? = 0
configure:13331: result: yes
configure:13331: checking for time
configure:13331: gcc -o conftest -g -O2 -Wall -fsigned-char   conftest.c  >&5
configure:13331: $? = 0
configure:13331: result: yes
configure:13343: checking for isascii
configure:13343: gcc -o conftest -g -O2 -Wall -fsigned-char   conftest.c  >&5
conftest.c:92:6: warning: conflicting types for built-in function 'isascii'; expected 'int(int)' [-Wbuiltin-declaration-mismatch]
   92 | char isascii ();
      |      ^~~~~~~
configure:13343: $? = 0
configure:13343: result: yes
configure:13343: checking for mmap
configure:13343: gcc -o conftest -g -O2 -Wall -fsigned-char   conftest.c  >&5
configure:13343: $? = 0
configure:13343: result: yes
configure:13343: checking for munmap
configure:13343: gcc -o conftest -g -O2 -Wall -fsigned-char   conftest.c  >&5
configure:13343: $? = 0
configure:13343: result: yes
configure:13343: checking for putenv
configure:13343: gcc -o conftest -g -O2 -Wall -fsigned-char   conftest.c  >&5
configure:13343: $? = 0
configure:13343: result: yes
configure:13355: checking for va_copy
configure:13369: gcc -o conftest -g -O2 -Wall -fsigned-char   conftest.c  >&5
configure:13369: $? = 0
configure:13376: result: yes
configure:13413: checking for library containing gethostent
configure:13444: gcc -o conftest -g -O2 -Wall -fsigned-char   conftest.c  >&5
configure:13444: $? = 0
configure:13461: result: none required
configure:13469: checking for library containing setsockopt
configure:13500: gcc -o conftest -g -O2 -Wall -fsigned-char   conftest.c  >&5
configure:13500: $? = 0
configure:13517: result: none required
configure:13525: checking for library containing connect
configure:13556: gcc -o conftest -g -O2 -Wall -fsigned-char   conftest.c  >&5
configure:13556: $? = 0
configure:13573: result: none required
configure:13582: checking for type of socket length (socklen_t)
configure:13596: gcc -c -g -O2 -Wall -fsigned-char  conftest.c >&5
configure:13599: result: socklen_t *
configure:13669: checking whether to enable IPv6
configure:13849: checking for isnan
configure:13849: gcc -o conftest -g -O2 -Wall -fsigned-char   conftest.c  >&5
conftest.c:98:6: warning: conflicting types for built-in function 'isnan'; expected 'int()' [-Wbuiltin-declaration-mismatch]
   98 | char isnan ();
      |      ^~~~~
conftest.c:86:1: note: 'isnan' is declared in header '<math.h>'
   85 | # include <limits.h>
   86 | #else
configure:13849: $? = 0
configure:13849: result: yes
configure:13900: checking for isinf
configure:13900: gcc -o conftest -g -O2 -Wall -fsigned-char   conftest.c  >&5
conftest.c:99:6: warning: conflicting types for built-in function 'isinf'; expected 'int()' [-Wbuiltin-declaration-mismatch]
   99 | char isinf ();
      |      ^~~~~
conftest.c:87:1: note: 'isinf' is declared in header '<math.h>'
   86 | # include <limits.h>
   87 | #else
configure:13900: $? = 0
configure:13900: result: yes
configure:15216: checking for printf
configure:15216: gcc -o conftest -g -O2 -Wall -fsigned-char -pedantic -W -Wformat -Wunused -Wimplicit -Wreturn-type -Wswitch -Wcomment -Wtrigraphs -Wformat -Wchar-subscripts -Wuninitialized -Wparentheses -Wshadow -Wpointer-arith -Wcast-align -Wwrite-strings -Waggregate-return -Wstrict-prototypes -Wmissing-prototypes -Wnested-externs -Winline -Wredundant-decls -Wno-long-long   conftest.c  >&5
conftest.c:100:1: warning: function declaration isn't a prototype [-Wstrict-prototypes]
  100 | char printf ();
      | ^~~~
conftest.c:100:6: warning: conflicting types for built-in function 'printf'; expected 'int(const char *, ...)' [-Wbuiltin-declaration-mismatch]
  100 | char printf ();
      |      ^~~~~~
conftest.c:88:1: note: 'printf' is declared in header '<stdio.h>'
   87 | # include <limits.h>
   88 | #else
conftest.c:109:1: warning: function declaration isn't a prototype [-Wstrict-prototypes]
  109 | main ()
      | ^~~~
configure:15216: $? = 0
configure:15216: result: yes
configure:15216: checking for sprintf
configure:15216: gcc -o conftest -g -O2 -Wall -fsigned-char -pedantic -W -Wformat -Wunused -Wimplicit -Wreturn-type -Wswitch -Wcomment -Wtrigraphs -Wformat -Wchar-subscripts -Wuninitialized -Wparentheses -Wshadow -Wpointer-arith -Wcast-align -Wwrite-strings -Waggregate-return -Wstrict-prototypes -Wmissing-prototypes -Wnested-externs -Winline -Wredundant-decls -Wno-long-long   conftest.c  >&5
conftest.c:101:1: warning: function declaration isn't a prototype [-Wstrict-prototypes]
  101 | char sprintf ();
      | ^~~~
conftest.c:101:6: warning: conflicting types for built-in function 'sprintf'; expected 'int(char *, const char *, ...)' [-Wbuiltin-declaration-mismatch]
  101 | char sprintf ();
      |      ^~~~~~~
conftest.c:89:1: note: 'sprintf' is declared in header '<stdio.h>'
   88 | # include <limits.h>
   89 | #else
conftest.c:110:1: warning: function declaration isn't a prototype [-Wstrict-prototypes]
  110 | main ()
      | ^~~~
configure:15216: $? = 0
configure:15216: result: yes
configure:15216: checking for fprintf
configure:15216: gcc -o conftest -g -O2 -Wall -fsigned-char -pedantic -W -Wformat -Wunused -Wimplicit -Wreturn-type -Wswitch -Wcomment -Wtrigraphs -Wformat -Wchar-subscripts -Wuninitialized -Wparentheses -Wshadow -Wpointer-arith -Wcast-align -Wwrite-strings -Waggregate-return -Wstrict-prototypes -Wmissing-prototypes -Wnested-externs -Winline -Wredundant-decls -Wno-long-long   conftest.c  >&5
conftest.c:102:1: warning: function declaration isn't a prototype [-Wstrict-prototypes]
  102 | char fprintf ();
      | ^~~~
conftest.c:102:6: warning: conflicting types for built-in function 'fprintf'; expected 'int(void *, const char *, ...)' [-Wbuiltin-declaration-mismatch]
  102 | char fprintf ();
      |      ^~~~~~~
conftest.c:90:1: note: 'fprintf' is declared in header '<stdio.h>'
   89 | # include <limits.h>
   90 | #else
conftest.c:111:1: warning: function declaration isn't a prototype [-Wstrict-prototypes]
  111 | main ()
      | ^~~~
configure:15216: $? = 0
configure:15216: result: yes
configure:15216: checking for snprintf
configure:15216: gcc -o conftest -g -O2 -Wall -fsigned-char -pedantic -W -Wformat -Wunused -Wimplicit -Wreturn-type -Wswitch -Wcomment -Wtrigraphs -Wformat -Wchar-subscripts -Wuninitialized -Wparentheses -Wshadow -Wpointer-arith -Wcast-align -Wwrite-strings -Waggregate-return -Wstrict-prototypes -Wmissing-prototypes -Wnested-externs -Winline -Wredundant-decls -Wno-long-long   conftest.c  >&5
conftest.c:103:1: warning: function declaration isn't a prototype [-Wstrict-prototypes]
  103 | char snprintf ();
      | ^~~~
conftest.c:103:6: warning: conflicting types for built-in function 'snprintf'; expected 'int(char *, long unsigned int,  const char *, ...)' [-Wbuiltin-declaration-mismatch]
  103 | char snprintf ();
      |      ^~~~~~~~
conftest.c:91:1: note: 'snprintf' is declared in header '<stdio.h>'
   90 | # include <limits.h>
   91 | #else
conftest.c:112:1: warning: function declaration isn't a prototype [-Wstrict-prototypes]
  112 | main ()
      | ^~~~
configure:15216: $? = 0
configure:15216: result: yes
configure:15216: checking for vfprintf
configure:15216: gcc -o conftest -g -O2 -Wall -fsigned-char -pedantic -W -Wformat -Wunused -Wimplicit -Wreturn-type -Wswitch -Wcomment -Wtrigraphs -Wformat -Wchar-subscripts -Wuninitialized -Wparentheses -Wshadow -Wpointer-arith -Wcast-align -Wwrite-strings -Waggregate-return -Wstrict-prototypes -Wmissing-prototypes -Wnested-externs -Winline -Wredundant-decls -Wno-long-long   conftest.c  >&5
conftest.c:104:1: warning: function declaration isn't a prototype [-Wstrict-prototypes]
  104 | char vfprintf ();
      | ^~~~
conftest.c:104:6: warning: conflicting types for built-in function 'vfprintf'; expected 'int(void *, const char *, __va_list_tag *)' [-Wbuiltin-declaration-mismatch]
  104 | char vfprintf ();
      |      ^~~~~~~~
conftest.c:92:1: note: 'vfprintf' is declared in header '<stdio.h>'
   91 | # include <limits.h>
   92 | #else
conftest.c:113:1: warning: function declaration isn't a prototype [-Wstrict-prototypes]
  113 | main ()
      | ^~~~
configure:15216: $? = 0
configure:15216: result: yes
configure:15216: checking for vsprintf
configure:15216: gcc -o conftest -g -O2 -Wall -fsigned-char -pedantic -W -Wformat -Wunused -Wimplicit -Wreturn-type -Wswitch -Wcomment -Wtrigraphs -Wformat -Wchar-subscripts -Wuninitialized -Wparentheses -Wshadow -Wpointer-arith -Wcast-align -Wwrite-strings -Waggregate-return -Wstrict-prototypes -Wmissing-prototypes -Wnested-externs -Winline -Wredundant-decls -Wno-long-long   conftest.c  >&5
conftest.c:105:1: warning: function declaration isn't a prototype [-Wstrict-prototypes]
  105 | char vsprintf ();
      | ^~~~
conftest.c:105:6: warning: conflicting types for built-in function 'vsprintf'; expected 'int(char *, const char *, __va_list_tag *)' [-Wbuiltin-declaration-mismatch]
  105 | char vsprintf ();
      |      ^~~~~~~~
conftest.c:93:1: note: 'vsprintf' is declared in header '<stdio.h>'
   92 | # include <limits.h>
   93 | #else
conftest.c:114:1: warning: function declaration isn't a prototype [-Wstrict-prototypes]
  114 | main ()
      | ^~~~
configure:15216: $? = 0
configure:15216: result: yes
configure:15216: checking for vsnprintf
configure:15216: gcc -o conftest -g -O2 -Wall -fsigned-char -pedantic -W -Wformat -Wunused -Wimplicit -Wreturn-type -Wswitch -Wcomment -Wtrigraphs -Wformat -Wchar-subscripts -Wuninitialized -Wparentheses -Wshadow -Wpointer-arith -Wcast-align -Wwrite-strings -Waggregate-return -Wstrict-prototypes -Wmissing-prototypes -Wnested-externs -Winline -Wredundant-decls -Wno-long-long   conftest.c  >&5
conftest.c:106:1: warning: function declaration isn't a prototype [-Wstrict-prototypes]
  106 | char vsnprintf ();
      | ^~~~
conftest.c:106:6: warning: conflicting types for built-in function 'vsnprintf'; expected 'int(char *, long unsigned int,  const char *, __va_list_tag *)' [-Wbuiltin-declaration-mismatch]
  106 | char vsnprintf ();
      |      ^~~~~~~~~
conftest.c:94:1: note: 'vsnprintf' is declared in header '<stdio.h>'
   93 | # include <limits.h>
   94 | #else
conftest.c:115:1: warning: function declaration isn't a prototype [-Wstrict-prototypes]
  115 | main ()
      | ^~~~
configure:15216: $? = 0
configure:15216: result: yes
configure:15216: checking for sscanf
configure:15216: gcc -o conftest -g -O2 -Wall -fsigned-char -pedantic -W -Wformat -Wunused -Wimplicit -Wreturn-type -Wswitch -Wcomment -Wtrigraphs -Wformat -Wchar-subscripts -Wuninitialized -Wparentheses -Wshadow -Wpointer-arith -Wcast-align -Wwrite-strings -Waggregate-return -Wstrict-prototypes -Wmissing-prototypes -Wnested-externs -Winline -Wredundant-decls -Wno-long-long   conftest.c  >&5
conftest.c:107:1: warning: function declaration isn't a prototype [-Wstrict-prototypes]
  107 | char sscanf ();
      | ^~~~
conftest.c:107:6: warning: conflicting types for built-in function 'sscanf'; expected 'int(const char *, const char *, ...)' [-Wbuiltin-declaration-mismatch]
  107 | char sscanf ();
      |      ^~~~~~
conftest.c:95:1: note: 'sscanf' is declared in header '<stdio.h>'
   94 | # include <limits.h>
   95 | #else
conftest.c:116:1: warning: function declaration isn't a prototype [-Wstrict-prototypes]
  116 | main ()
      | ^~~~
configure:15216: $? = 0
configure:15216: result: yes
configure:15422: creating ./config.status

## ---------------------- ##
## Running config.status. ##
## ---------------------- ##

This file was extended by config.status, which was
generated by GNU Autoconf 2.69.  Invocation command line was

  CONFIG_FILES    = 
  CONFIG_HEADERS  = 
  CONFIG_LINKS    = 
  CONFIG_COMMANDS = 
  $ ./config.status 

on ip-205-156-8-80.ec2.internal

config.status:1283: creating libxml2.spec
config.status:1283: creating Makefile
config.status:1283: creating include/Makefile
config.status:1283: creating include/libxml/Makefile
config.status:1283: creating doc/Makefile
config.status:1283: creating doc/examples/Makefile
config.status:1283: creating doc/devhelp/Makefile
config.status:1283: creating example/Makefile
config.status:1283: creating python/Makefile
config.status:1283: creating python/tests/Makefile
config.status:1283: creating xstc/Makefile
config.status:1283: creating include/libxml/xmlversion.h
config.status:1283: creating xml2-config
config.status:1283: creating libxml-2.0.pc
config.status:1283: creating libxml-2.0-uninstalled.pc
config.status:1283: creating python/setup.py
config.status:1283: creating config.h
config.status:1512: executing depfiles commands
config.status:1512: executing libtool commands

## ---------------- ##
## Cache variables. ##
## ---------------- ##

ac_cv_build=x86_64-unknown-linux-gnu
ac_cv_c_compiler_gnu=yes
ac_cv_c_uint32_t=yes
ac_cv_env_CC_set=set
ac_cv_env_CC_value=gcc
ac_cv_env_CFLAGS_set=set
ac_cv_env_CFLAGS_value='-g -O2 -Wall -fsigned-char'
ac_cv_env_CPPFLAGS_set=
ac_cv_env_CPPFLAGS_value=
ac_cv_env_CPP_set=
ac_cv_env_CPP_value=
ac_cv_env_LDFLAGS_set=
ac_cv_env_LDFLAGS_value=
ac_cv_env_LIBS_set=
ac_cv_env_LIBS_value=
ac_cv_env_build_alias_set=
ac_cv_env_build_alias_value=
ac_cv_env_host_alias_set=
ac_cv_env_host_alias_value=
ac_cv_env_target_alias_set=
ac_cv_env_target_alias_value=
ac_cv_func__stat=no
ac_cv_func_class=no
ac_cv_func_finite=yes
ac_cv_func_fp_class=no
ac_cv_func_fpclass=no
ac_cv_func_fprintf=yes
ac_cv_func_ftime=yes
ac_cv_func_gettimeofday=yes
ac_cv_func_isascii=yes
ac_cv_func_isinf=yes
ac_cv_func_isnan=yes
ac_cv_func_isnand=no
ac_cv_func_localtime=yes
ac_cv_func_mmap=yes
ac_cv_func_munmap=yes
ac_cv_func_printf=yes
ac_cv_func_putenv=yes
ac_cv_func_rand=yes
ac_cv_func_rand_r=yes
ac_cv_func_signal=yes
ac_cv_func_snprintf=yes
ac_cv_func_sprintf=yes
ac_cv_func_srand=yes
ac_cv_func_sscanf=yes
ac_cv_func_stat=yes
ac_cv_func_strdup=yes
ac_cv_func_strerror=yes
ac_cv_func_strftime=yes
ac_cv_func_strndup=yes
ac_cv_func_time=yes
ac_cv_func_vfprintf=yes
ac_cv_func_vsnprintf=yes
ac_cv_func_vsprintf=yes
ac_cv_header_ansidecl_h=no
ac_cv_header_arpa_inet_h=yes
ac_cv_header_arpa_nameser_h=yes
ac_cv_header_ctype_h=yes
ac_cv_header_dirent_dirent_h=yes
ac_cv_header_dirent_h=yes
ac_cv_header_dl_h=no
ac_cv_header_dlfcn_h=yes
ac_cv_header_errno_h=yes
ac_cv_header_fcntl_h=yes
ac_cv_header_float_h=yes
ac_cv_header_fp_class_h=no
ac_cv_header_ieeefp_h=no
ac_cv_header_inttypes_h=yes
ac_cv_header_limits_h=yes
ac_cv_header_lzma_h=no
ac_cv_header_malloc_h=yes
ac_cv_header_math_h=yes
ac_cv_header_memory_h=yes
ac_cv_header_nan_h=no
ac_cv_header_netdb_h=yes
ac_cv_header_netinet_in_h=yes
ac_cv_header_poll_h=yes
ac_cv_header_resolv_h=yes
ac_cv_header_signal_h=yes
ac_cv_header_stdarg_h=yes
ac_cv_header_stdc=yes
ac_cv_header_stdint_h=yes
ac_cv_header_stdlib_h=yes
ac_cv_header_string_h=yes
ac_cv_header_strings_h=yes
ac_cv_header_sys_mman_h=yes
ac_cv_header_sys_select_h=yes
ac_cv_header_sys_socket_h=yes
ac_cv_header_sys_stat_h=yes
ac_cv_header_sys_time_h=yes
ac_cv_header_sys_timeb_h=yes
ac_cv_header_sys_types_h=yes
ac_cv_header_time_h=yes
ac_cv_header_unistd_h=yes
ac_cv_header_zlib_h=no
ac_cv_host=x86_64-unknown-linux-gnu
ac_cv_objext=o
ac_cv_path_EGREP='/usr/bin/grep -E'
ac_cv_path_FGREP='/usr/bin/grep -F'
ac_cv_path_GREP=/usr/bin/grep
ac_cv_path_MV=/usr/bin/mv
ac_cv_path_PERL=/usr/bin/perl
ac_cv_path_SED=/usr/bin/sed
ac_cv_path_TAR=/usr/bin/tar
ac_cv_path_WGET=/usr/bin/wget
ac_cv_path_XMLLINT=/home/shane.mill/miniconda3/envs/shane-test/bin/xmllint
ac_cv_path_XSLTPROC=/usr/bin/xsltproc
ac_cv_path_install='/usr/bin/install -c'
ac_cv_path_mkdir=/usr/bin/mkdir
ac_cv_prog_AWK=gawk
ac_cv_prog_CPP='gcc -E'
ac_cv_prog_ac_ct_AR=ar
ac_cv_prog_ac_ct_CC=gcc
ac_cv_prog_ac_ct_OBJDUMP=objdump
ac_cv_prog_ac_ct_RANLIB=ranlib
ac_cv_prog_ac_ct_STRIP=strip
ac_cv_prog_cc_c89=
ac_cv_prog_cc_g=yes
ac_cv_prog_make_make_set=yes
ac_cv_search_connect='none required'
ac_cv_search_gethostent='none required'
ac_cv_search_opendir='none required'
ac_cv_search_setsockopt='none required'
am_cv_CC_dependencies_compiler_type=gcc3
am_cv_make_support_nested_variables=yes
lt_cv_ar_at_file=@
lt_cv_deplibs_check_method=pass_all
lt_cv_file_magic_cmd='$MAGIC_CMD'
lt_cv_file_magic_test_file=
lt_cv_ld_reload_flag=-r
lt_cv_nm_interface='BSD nm'
lt_cv_objdir=.libs
lt_cv_path_LD=/home/shane.mill/miniconda3/envs/shane-test/x86_64-conda-linux-gnu/bin/ld
lt_cv_path_NM='/usr/bin/nm -B'
lt_cv_path_mainfest_tool=no
lt_cv_prog_compiler_c_o=yes
lt_cv_prog_compiler_pic='-fPIC -DPIC'
lt_cv_prog_compiler_pic_works=yes
lt_cv_prog_compiler_rtti_exceptions=no
lt_cv_prog_compiler_static_works=yes
lt_cv_prog_gnu_ld=yes
lt_cv_sharedlib_from_linklib_cmd='printf %s\n'
lt_cv_shlibpath_overrides_runpath=no
lt_cv_sys_global_symbol_pipe='sed -n -e '\''s/^.*[	 ]\([ABCDGIRSTW][ABCDGIRSTW]*\)[	 ][	 ]*\([_A-Za-z][_A-Za-z0-9]*\)$/\1 \2 \2/p'\'' | sed '\''/ __gnu_lto/d'\'''
lt_cv_sys_global_symbol_to_c_name_address='sed -n -e '\''s/^: \([^ ]*\)[ ]*$/  {\"\1\", (void *) 0},/p'\'' -e '\''s/^[ABCDGIRSTW]* \([^ ]*\) \([^ ]*\)$/  {"\2", (void *) \&\2},/p'\'''
lt_cv_sys_global_symbol_to_c_name_address_lib_prefix='sed -n -e '\''s/^: \([^ ]*\)[ ]*$/  {\"\1\", (void *) 0},/p'\'' -e '\''s/^[ABCDGIRSTW]* \([^ ]*\) \(lib[^ ]*\)$/  {"\2", (void *) \&\2},/p'\'' -e '\''s/^[ABCDGIRSTW]* \([^ ]*\) \([^ ]*\)$/  {"lib\2", (void *) \&\2},/p'\'''
lt_cv_sys_global_symbol_to_cdecl='sed -n -e '\''s/^T .* \(.*\)$/extern int \1();/p'\'' -e '\''s/^[ABCDGIRSTW]* .* \(.*\)$/extern char \1;/p'\'''
lt_cv_sys_max_cmd_len=1572864
lt_cv_to_host_file_cmd=func_convert_file_noop
lt_cv_to_tool_file_cmd=func_convert_file_noop

## ----------------- ##
## Output variables. ##
## ----------------- ##

ACLOCAL='${SHELL} /home/shane.mill/WIAB-NDFD-data-api-edr/ingest/automated_ingest/NDFD/degrib/src/libxml/missing --run aclocal-1.11'
AMDEPBACKSLASH='\'
AMDEP_FALSE='#'
AMDEP_TRUE=''
AMTAR='$${TAR-tar}'
AM_BACKSLASH='\'
AM_DEFAULT_V='$(AM_DEFAULT_VERBOSITY)'
AM_DEFAULT_VERBOSITY='0'
AM_V='$(V)'
AR='ar'
AUTOCONF='${SHELL} /home/shane.mill/WIAB-NDFD-data-api-edr/ingest/automated_ingest/NDFD/degrib/src/libxml/missing --run autoconf'
AUTOHEADER='${SHELL} /home/shane.mill/WIAB-NDFD-data-api-edr/ingest/automated_ingest/NDFD/degrib/src/libxml/missing --run autoheader'
AUTOMAKE='${SHELL} /home/shane.mill/WIAB-NDFD-data-api-edr/ingest/automated_ingest/NDFD/degrib/src/libxml/missing --run automake-1.11'
AWK='gawk'
BASE_THREAD_LIBS=''
C14N_OBJ=''
CATALOG_OBJ=''
CC='gcc'
CCDEPMODE='depmode=gcc3'
CFLAGS='-g -O2 -Wall -fsigned-char -pedantic -W -Wformat -Wunused -Wimplicit -Wreturn-type -Wswitch -Wcomment -Wtrigraphs -Wformat -Wchar-subscripts -Wuninitialized -Wparentheses -Wshadow -Wpointer-arith -Wcast-align -Wwrite-strings -Waggregate-return -Wstrict-prototypes -Wmissing-prototypes -Wnested-externs -Winline -Wredundant-decls -Wno-long-long'
CPP='gcc -E'
CPPFLAGS=''
CYGPATH_W='echo'
CYGWIN_EXTRA_LDFLAGS=''
CYGWIN_EXTRA_PYTHON_LIBADD=''
DEBUG_OBJ=''
DEFS='-DHAVE_CONFIG_H'
DEPDIR='.deps'
DLLTOOL='false'
DOCB_OBJ=''
DSYMUTIL=''
DUMPBIN=''
ECHO_C=''
ECHO_N='-n'
ECHO_T=''
EGREP='/usr/bin/grep -E'
EXEEXT=''
FGREP='/usr/bin/grep -F'
FTP_OBJ=''
GREP='/usr/bin/grep'
HAVE_ISINF=''
HAVE_ISNAN=''
HTML_DIR='$(datadir)/doc/$(PACKAGE)-$(VERSION)/html'
HTML_OBJ=''
HTTP_OBJ=''
ICONV_LIBS=''
ICU_LIBS=''
INSTALL_DATA='${INSTALL} -m 644'
INSTALL_PROGRAM='${INSTALL}'
INSTALL_SCRIPT='${INSTALL}'
INSTALL_STRIP_PROGRAM='$(install_sh) -c -s'
LD='/home/shane.mill/miniconda3/envs/shane-test/x86_64-conda-linux-gnu/bin/ld -m elf_x86_64'
LDFLAGS=''
LIBOBJS=''
LIBS=''
LIBTOOL='$(SHELL) $(top_builddir)/libtool'
LIBXML_MAJOR_VERSION='2'
LIBXML_MICRO_VERSION='1'
LIBXML_MINOR_VERSION='9'
LIBXML_VERSION='2.9.1'
LIBXML_VERSION_EXTRA=''
LIBXML_VERSION_INFO='11:1:9'
LIBXML_VERSION_NUMBER='20901'
LIPO=''
LN_S='ln -s'
LTLIBOBJS=''
LZMA_CFLAGS=''
LZMA_LIBS=''
MAKEINFO='${SHELL} /home/shane.mill/WIAB-NDFD-data-api-edr/ingest/automated_ingest/NDFD/degrib/src/libxml/missing --run makeinfo'
MANIFEST_TOOL=':'
MKDIR_P='/usr/bin/mkdir -p'
MODULE_EXTENSION=''
MODULE_PLATFORM_LIBS=''
MV='/usr/bin/mv'
M_LIBS='-lm'
NM='/usr/bin/nm -B'
NMEDIT=''
OBJDUMP='objdump'
OBJEXT='o'
OTOOL64=''
OTOOL=''
PACKAGE='libxml2'
PACKAGE_BUGREPORT=''
PACKAGE_NAME=''
PACKAGE_STRING=''
PACKAGE_TARNAME=''
PACKAGE_URL=''
PACKAGE_VERSION=''
PATH_SEPARATOR=':'
PERL='/usr/bin/perl'
PYTHON=''
PYTHON_INCLUDES=''
PYTHON_LIBS=''
PYTHON_SITE_PACKAGES=''
PYTHON_SUBDIR=''
PYTHON_TESTS=''
PYTHON_VERSION=''
RANLIB='ranlib'
RDL_LIBS=''
READER_TEST=''
REBUILD_DOCS_FALSE=''
REBUILD_DOCS_TRUE='#'
RELDATE='Tue Oct  5 2021'
SED='/usr/bin/sed'
SET_MAKE=''
SHELL='/bin/sh'
STATIC_BINARIES=''
STRIP='strip'
TAR='/usr/bin/tar'
TEST_C14N=''
TEST_CATALOG=''
TEST_DEBUG=''
TEST_HTML=''
TEST_MODULES=''
TEST_PATTERN=''
TEST_PHTML=''
TEST_PUSH=''
TEST_REGEXPS=''
TEST_SAX=''
TEST_SCHEMAS=''
TEST_SCHEMATRON=''
TEST_THREADS=''
TEST_VALID=''
TEST_VTIME=''
TEST_XINCLUDE=''
TEST_XPATH=''
TEST_XPTR=''
THREADS_W32_FALSE=''
THREADS_W32_TRUE='#'
THREAD_CFLAGS=''
THREAD_LIBS=''
USE_VERSION_SCRIPT_FALSE='#'
USE_VERSION_SCRIPT_TRUE=''
VERSION='2.9.1'
VERSION_SCRIPT_FLAGS='-Wl,--version-script='
WGET='/usr/bin/wget'
WIN32_EXTRA_LDFLAGS=''
WIN32_EXTRA_LIBADD=''
WIN32_EXTRA_PYTHON_LIBADD=''
WITH_C14N='0'
WITH_CATALOG='0'
WITH_DEBUG='0'
WITH_DOCB='0'
WITH_FTP='0'
WITH_HTML='0'
WITH_HTTP='0'
WITH_ICONV='0'
WITH_ICU='0'
WITH_ISO8859X='0'
WITH_LEGACY='0'
WITH_LZMA='0'
WITH_MEM_DEBUG='0'
WITH_MODULES='0'
WITH_OUTPUT='1'
WITH_PATTERN='0'
WITH_PUSH='0'
WITH_PYTHON_FALSE=''
WITH_PYTHON_TRUE='#'
WITH_READER='0'
WITH_REGEXPS='0'
WITH_RUN_DEBUG='0'
WITH_SAX1='0'
WITH_SAX1_SOURCES_FALSE=''
WITH_SAX1_SOURCES_TRUE='#'
WITH_SCHEMAS='0'
WITH_SCHEMATRON='0'
WITH_THREADS='0'
WITH_THREAD_ALLOC='0'
WITH_TREE='1'
WITH_TRIO='0'
WITH_TRIO_SOURCES_FALSE=''
WITH_TRIO_SOURCES_TRUE='#'
WITH_VALID='0'
WITH_WRITER='0'
WITH_XINCLUDE='0'
WITH_XPATH='0'
WITH_XPTR='0'
WITH_ZLIB='0'
XINCLUDE_OBJ=''
XMLLINT='/home/shane.mill/miniconda3/envs/shane-test/bin/xmllint'
XML_CFLAGS=''
XML_INCLUDEDIR='-I${includedir}/libxml2'
XML_LIBDIR='-L${libdir}'
XML_LIBS='-lxml2    -lm '
XML_LIBTOOLLIBS='libxml2.la'
XPATH_OBJ=''
XPTR_OBJ=''
XSLTPROC='/usr/bin/xsltproc'
Z_CFLAGS=''
Z_LIBS=''
ac_ct_AR='ar'
ac_ct_CC='gcc'
ac_ct_DUMPBIN=''
am__EXEEXT_FALSE=''
am__EXEEXT_TRUE='#'
am__fastdepCC_FALSE='#'
am__fastdepCC_TRUE=''
am__include='include'
am__isrc=''
am__leading_dot='.'
am__nodep='_no'
am__quote=''
am__tar='$${TAR-tar} chof - "$$tardir"'
am__untar='$${TAR-tar} xf -'
bindir='${exec_prefix}/bin'
build='x86_64-unknown-linux-gnu'
build_alias=''
build_cpu='x86_64'
build_os='linux-gnu'
build_vendor='unknown'
datadir='${datarootdir}'
datarootdir='${prefix}/share'
docdir='${datarootdir}/doc/${PACKAGE}'
dvidir='${docdir}'
exec_prefix='${prefix}'
host='x86_64-unknown-linux-gnu'
host_alias=''
host_cpu='x86_64'
host_os='linux-gnu'
host_vendor='unknown'
htmldir='${docdir}'
includedir='${prefix}/include'
infodir='${datarootdir}/info'
install_sh='${SHELL} /home/shane.mill/WIAB-NDFD-data-api-edr/ingest/automated_ingest/NDFD/degrib/src/libxml/install-sh'
libdir='${exec_prefix}/lib'
libexecdir='${exec_prefix}/libexec'
localedir='${datarootdir}/locale'
localstatedir='${prefix}/var'
mandir='${datarootdir}/man'
mkdir_p='/usr/bin/mkdir -p'
oldincludedir='/usr/include'
pdfdir='${docdir}'
prefix='/usr/local'
program_transform_name='s,x,x,'
psdir='${docdir}'
pythondir=''
sbindir='${exec_prefix}/sbin'
sharedstatedir='${prefix}/com'
sysconfdir='${prefix}/etc'
target_alias=''

## ----------- ##
## confdefs.h. ##
## ----------- ##

/* confdefs.h */
#define PACKAGE_NAME ""
#define PACKAGE_TARNAME ""
#define PACKAGE_VERSION ""
#define PACKAGE_STRING ""
#define PACKAGE_BUGREPORT ""
#define PACKAGE_URL ""
#define PACKAGE "libxml2"
#define VERSION "2.9.1"
#define STDC_HEADERS 1
#define HAVE_SYS_TYPES_H 1
#define HAVE_SYS_STAT_H 1
#define HAVE_STDLIB_H 1
#define HAVE_STRING_H 1
#define HAVE_MEMORY_H 1
#define HAVE_STRINGS_H 1
#define HAVE_INTTYPES_H 1
#define HAVE_STDINT_H 1
#define HAVE_UNISTD_H 1
#define HAVE_DLFCN_H 1
#define LT_OBJDIR ".libs/"
#define HAVE_DIRENT_H 1
#define STDC_HEADERS 1
#define HAVE_FCNTL_H 1
#define HAVE_UNISTD_H 1
#define HAVE_CTYPE_H 1
#define HAVE_DIRENT_H 1
#define HAVE_ERRNO_H 1
#define HAVE_MALLOC_H 1
#define HAVE_STDARG_H 1
#define HAVE_SYS_STAT_H 1
#define HAVE_SYS_TYPES_H 1
#define HAVE_STDINT_H 1
#define HAVE_INTTYPES_H 1
#define HAVE_TIME_H 1
#define HAVE_MATH_H 1
#define HAVE_LIMITS_H 1
#define HAVE_FLOAT_H 1
#define HAVE_STDLIB_H 1
#define HAVE_SYS_SOCKET_H 1
#define HAVE_NETINET_IN_H 1
#define HAVE_ARPA_INET_H 1
#define HAVE_NETDB_H 1
#define HAVE_SYS_TIME_H 1
#define HAVE_SYS_SELECT_H 1
#define HAVE_POLL_H 1
#define HAVE_SYS_MMAN_H 1
#define HAVE_SYS_TIMEB_H 1
#define HAVE_SIGNAL_H 1
#define HAVE_ARPA_NAMESER_H 1
#define HAVE_RESOLV_H 1
#define HAVE_DLFCN_H 1
#define HAVE_STRFTIME 1
#define HAVE_STRDUP 1
#define HAVE_STRNDUP 1
#define HAVE_STRERROR 1
#define HAVE_FINITE 1
#define HAVE_STRFTIME 1
#define HAVE_LOCALTIME 1
#define HAVE_GETTIMEOFDAY 1
#define HAVE_FTIME 1
#define HAVE_STAT 1
#define HAVE_SIGNAL 1
#define HAVE_RAND 1
#define HAVE_RAND_R 1
#define HAVE_SRAND 1
#define HAVE_TIME 1
#define HAVE_ISASCII 1
#define HAVE_MMAP 1
#define HAVE_MUNMAP 1
#define HAVE_PUTENV 1
#define HAVE_VA_COPY 1
#define XML_SOCKLEN_T socklen_t
#define HAVE_ISNAN /**/
#define HAVE_ISINF /**/
#define HAVE_PRINTF 1
#define HAVE_SPRINTF 1
#define HAVE_FPRINTF 1
#define HAVE_SNPRINTF 1
#define HAVE_VFPRINTF 1
#define HAVE_VSPRINTF 1
#define HAVE_VSNPRINTF 1
#define HAVE_SSCANF 1

configure: exit 0
