This file contains any messages produced by compilers while
running configure, to aid debugging if configure makes a mistake.

It was created by degrib configure 2.15, which was
generated by GNU Autoconf 2.69.  Invocation command line was

  $ ./configure 

## --------- ##
## Platform. ##
## --------- ##

hostname = ip-205-156-8-80.ec2.internal
uname -m = x86_64
uname -r = 3.10.0-1160.42.2.el7.x86_64
uname -s = Linux
uname -v = #1 SMP Tue Sep 7 14:49:57 UTC 2021

/usr/bin/uname -p = x86_64
/bin/uname -X     = unknown

/bin/arch              = x86_64
/usr/bin/arch -k       = unknown
/usr/convex/getsysinfo = unknown
/usr/bin/hostinfo      = unknown
/bin/machine           = unknown
/usr/bin/oslevel       = unknown
/bin/universe          = unknown

PATH: /home/shane.mill/miniconda3/envs/shane-test/bin
PATH: /home/shane.mill/miniconda3/condabin
PATH: /usr/local/bin
PATH: /usr/bin
PATH: /usr/local/sbin
PATH: /usr/sbin
PATH: /home/shane.mill/.local/bin
PATH: /home/shane.mill/bin


## ----------- ##
## Core tests. ##
## ----------- ##

configure:2327: checking build system type
configure:2341: result: x86_64-unknown-linux-gnu
configure:2361: checking host system type
configure:2374: result: x86_64-unknown-linux-gnu
configure:2444: checking for gcc
configure:2460: found /home/shane.mill/miniconda3/envs/shane-test/bin/gcc
configure:2471: result: gcc
configure:2700: checking for C compiler version
configure:2709: gcc --version >&5
gcc (GCC) 11.2.0
Copyright (C) 2021 Free Software Foundation, Inc.
This is free software; see the source for copying conditions.  There is NO
warranty; not even for MERCHANTABILITY or FITNESS FOR A PARTICULAR PURPOSE.

configure:2720: $? = 0
configure:2709: gcc -v >&5
Reading specs from /home/shane.mill/miniconda3/envs/shane-test/bin/../lib/gcc/x86_64-conda-linux-gnu/11.2.0/specs
COLLECT_GCC=gcc
COLLECT_LTO_WRAPPER=/home/shane.mill/miniconda3/envs/shane-test/bin/../libexec/gcc/x86_64-conda-linux-gnu/11.2.0/lto-wrapper
Target: x86_64-conda-linux-gnu
Configured with: ../configure --prefix=/home/conda/feedstock_root/build_artifacts/gcc_compilers_1632803324264/_h_env_placehold_placehold_placehold_placehold_placehold_placehold_placehold_placehold_placehold_placehold_placehold_placehold_placehold_placehold_placehold_placehold_placehold_placeho --with-slibdir=/home/conda/feedstock_root/build_artifacts/gcc_compilers_1632803324264/_h_env_placehold_placehold_placehold_placehold_placehold_placehold_placehold_placehold_placehold_placehold_placehold_placehold_placehold_placehold_placehold_placehold_placehold_placeho/lib --libdir=/home/conda/feedstock_root/build_artifacts/gcc_compilers_1632803324264/_h_env_placehold_placehold_placehold_placehold_placehold_placehold_placehold_placehold_placehold_placehold_placehold_placehold_placehold_placehold_placehold_placehold_placehold_placeho/lib --build=x86_64-conda-linux-gnu --host=x86_64-conda-linux-gnu --target=x86_64-conda-linux-gnu --enable-default-pie --enable-languages=c,c++,fortran,objc,obj-c++ --enable-__cxa_atexit --disable-libmudflap --enable-libgomp --disable-libssp --enable-libquadmath --enable-libquadmath-support --enable-libsanitizer --enable-lto --enable-threads=posix --enable-target-optspace --enable-plugin --enable-gold --disable-nls --disable-bootstrap --disable-multilib --enable-long-long --enable-default-pie --with-sysroot=/home/conda/feedstock_root/build_artifacts/gcc_compilers_1632803324264/_h_env_placehold_placehold_placehold_placehold_placehold_placehold_placehold_placehold_placehold_placehold_placehold_placehold_placehold_placehold_placehold_placehold_placehold_placeho/x86_64-conda-linux-gnu/sysroot --with-build-sysroot=/home/conda/feedstock_root/build_artifacts/gcc_compilers_1632803324264/_build_env/x86_64-conda-linux-gnu/sysroot --with-gxx-include-dir=/home/conda/feedstock_root/build_artifacts/gcc_compilers_1632803324264/_h_env_placehold_placehold_placehold_placehold_placehold_placehold_placehold_placehold_placehold_placehold_placehold_placehold_placehold_placehold_placehold_placehold_placehold_placeho/x86_64-conda-linux-gnu/include/c++/11.2.0
Thread model: posix
Supported LTO compression algorithms: zlib
gcc version 11.2.0 (GCC) 
configure:2720: $? = 0
configure:2709: gcc -V >&5
gcc: error: unrecognized command-line option '-V'
gcc: fatal error: no input files
compilation terminated.
configure:2720: $? = 1
configure:2709: gcc -qversion >&5
gcc: error: unrecognized command-line option '-qversion'; did you mean '--version'?
gcc: fatal error: no input files
compilation terminated.
configure:2720: $? = 1
configure:2740: checking whether the C compiler works
configure:2762: gcc    conftest.c  >&5
configure:2766: $? = 0
configure:2814: result: yes
configure:2817: checking for C compiler default output file name
configure:2819: result: a.out
configure:2825: checking for suffix of executables
configure:2832: gcc -o conftest    conftest.c  >&5
configure:2836: $? = 0
configure:2858: result: 
configure:2880: checking whether we are cross compiling
configure:2888: gcc -o conftest    conftest.c  >&5
configure:2892: $? = 0
configure:2899: ./conftest
configure:2903: $? = 0
configure:2918: result: no
configure:2923: checking for suffix of object files
configure:2945: gcc -c   conftest.c >&5
configure:2949: $? = 0
configure:2970: result: o
configure:2974: checking whether we are using the GNU C compiler
configure:2993: gcc -c   conftest.c >&5
configure:2993: $? = 0
configure:3002: result: yes
configure:3011: checking whether gcc accepts -g
configure:3031: gcc -c -g  conftest.c >&5
configure:3031: $? = 0
configure:3072: result: yes
configure:3089: checking for gcc option to accept ISO C89
configure:3152: gcc  -c -g -O2  conftest.c >&5
configure:3152: $? = 0
configure:3165: result: none needed
configure:3199: checking for a BSD-compatible install
configure:3267: result: /usr/bin/install -c
configure:3321: checking for ranlib
configure:3337: found /usr/bin/ranlib
configure:3348: result: ranlib
configure:3372: checking for ar
configure:3388: found /usr/bin/ar
configure:3400: result: ar
configure:3408: checking whether make sets $(MAKE)
configure:3430: result: yes
configure:3448: checking how to run the C preprocessor
configure:3479: gcc -E  conftest.c
configure:3479: $? = 0
configure:3493: gcc -E  conftest.c
conftest.c:9:10: fatal error: ac_nonexistent.h: No such file or directory
    9 | #include <ac_nonexistent.h>
      |          ^~~~~~~~~~~~~~~~~~
compilation terminated.
configure:3493: $? = 1
configure: failed program was:
| /* confdefs.h */
| #define PACKAGE_NAME "degrib"
| #define PACKAGE_TARNAME "degrib"
| #define PACKAGE_VERSION "2.15"
| #define PACKAGE_STRING "degrib 2.15"
| #define PACKAGE_BUGREPORT "arthur.taylor@noaa.gov"
| #define PACKAGE_URL ""
| /* end confdefs.h.  */
| #include <ac_nonexistent.h>
configure:3518: result: gcc -E
configure:3538: gcc -E  conftest.c
configure:3538: $? = 0
configure:3552: gcc -E  conftest.c
conftest.c:9:10: fatal error: ac_nonexistent.h: No such file or directory
    9 | #include <ac_nonexistent.h>
      |          ^~~~~~~~~~~~~~~~~~
compilation terminated.
configure:3552: $? = 1
configure: failed program was:
| /* confdefs.h */
| #define PACKAGE_NAME "degrib"
| #define PACKAGE_TARNAME "degrib"
| #define PACKAGE_VERSION "2.15"
| #define PACKAGE_STRING "degrib 2.15"
| #define PACKAGE_BUGREPORT "arthur.taylor@noaa.gov"
| #define PACKAGE_URL ""
| /* end confdefs.h.  */
| #include <ac_nonexistent.h>
configure:3581: checking for grep that handles long lines and -e
configure:3639: result: /usr/bin/grep
configure:3644: checking for egrep
configure:3706: result: /usr/bin/grep -E
configure:3711: checking for ANSI C header files
configure:3731: gcc -c -g -O2  conftest.c >&5
configure:3731: $? = 0
configure:3804: gcc -o conftest -g -O2   conftest.c  >&5
configure:3804: $? = 0
configure:3804: ./conftest
configure:3804: $? = 0
configure:3815: result: yes
configure:3828: checking for sys/types.h
configure:3828: gcc -c -g -O2  conftest.c >&5
configure:3828: $? = 0
configure:3828: result: yes
configure:3828: checking for sys/stat.h
configure:3828: gcc -c -g -O2  conftest.c >&5
configure:3828: $? = 0
configure:3828: result: yes
configure:3828: checking for stdlib.h
configure:3828: gcc -c -g -O2  conftest.c >&5
configure:3828: $? = 0
configure:3828: result: yes
configure:3828: checking for string.h
configure:3828: gcc -c -g -O2  conftest.c >&5
configure:3828: $? = 0
configure:3828: result: yes
configure:3828: checking for memory.h
configure:3828: gcc -c -g -O2  conftest.c >&5
configure:3828: $? = 0
configure:3828: result: yes
configure:3828: checking for strings.h
configure:3828: gcc -c -g -O2  conftest.c >&5
configure:3828: $? = 0
configure:3828: result: yes
configure:3828: checking for inttypes.h
configure:3828: gcc -c -g -O2  conftest.c >&5
configure:3828: $? = 0
configure:3828: result: yes
configure:3828: checking for stdint.h
configure:3828: gcc -c -g -O2  conftest.c >&5
configure:3828: $? = 0
configure:3828: result: yes
configure:3828: checking for unistd.h
configure:3828: gcc -c -g -O2  conftest.c >&5
configure:3828: $? = 0
configure:3828: result: yes
configure:3841: checking whether byte ordering is bigendian
configure:3856: gcc -c -g -O2  conftest.c >&5
conftest.c:20:16: error: unknown type name 'not'
   20 |                not a universal capable compiler
      |                ^~~
conftest.c:20:22: error: expected '=', ',', ';', 'asm' or '__attribute__' before 'universal'
   20 |                not a universal capable compiler
      |                      ^~~~~~~~~
conftest.c:20:22: error: unknown type name 'universal'
configure:3856: $? = 1
configure: failed program was:
| /* confdefs.h */
| #define PACKAGE_NAME "degrib"
| #define PACKAGE_TARNAME "degrib"
| #define PACKAGE_VERSION "2.15"
| #define PACKAGE_STRING "degrib 2.15"
| #define PACKAGE_BUGREPORT "arthur.taylor@noaa.gov"
| #define PACKAGE_URL ""
| #define STDC_HEADERS 1
| #define HAVE_SYS_TYPES_H 1
| #define HAVE_SYS_STAT_H 1
| #define HAVE_STDLIB_H 1
| #define HAVE_STRING_H 1
| #define HAVE_MEMORY_H 1
| #define HAVE_STRINGS_H 1
| #define HAVE_INTTYPES_H 1
| #define HAVE_STDINT_H 1
| #define HAVE_UNISTD_H 1
| /* end confdefs.h.  */
| #ifndef __APPLE_CC__
| 	       not a universal capable compiler
| 	     #endif
| 	     typedef int dummy;
| 
configure:3901: gcc -c -g -O2  conftest.c >&5
configure:3901: $? = 0
configure:3919: gcc -c -g -O2  conftest.c >&5
conftest.c: In function 'main':
conftest.c:26:18: error: unknown type name 'not'; did you mean 'ino_t'?
   26 |                  not big endian
      |                  ^~~
      |                  ino_t
conftest.c:26:26: error: expected '=', ',', ';', 'asm' or '__attribute__' before 'endian'
   26 |                  not big endian
      |                          ^~~~~~
configure:3919: $? = 1
configure: failed program was:
| /* confdefs.h */
| #define PACKAGE_NAME "degrib"
| #define PACKAGE_TARNAME "degrib"
| #define PACKAGE_VERSION "2.15"
| #define PACKAGE_STRING "degrib 2.15"
| #define PACKAGE_BUGREPORT "arthur.taylor@noaa.gov"
| #define PACKAGE_URL ""
| #define STDC_HEADERS 1
| #define HAVE_SYS_TYPES_H 1
| #define HAVE_SYS_STAT_H 1
| #define HAVE_STDLIB_H 1
| #define HAVE_STRING_H 1
| #define HAVE_MEMORY_H 1
| #define HAVE_STRINGS_H 1
| #define HAVE_INTTYPES_H 1
| #define HAVE_STDINT_H 1
| #define HAVE_UNISTD_H 1
| /* end confdefs.h.  */
| #include <sys/types.h>
| 		#include <sys/param.h>
| 
| int
| main ()
| {
| #if BYTE_ORDER != BIG_ENDIAN
| 		 not big endian
| 		#endif
| 
|   ;
|   return 0;
| }
configure:4047: result: no
configure:4129: checking size of long int
configure:4134: gcc -o conftest -g -O2   conftest.c  >&5
configure:4134: $? = 0
configure:4134: ./conftest
configure:4134: $? = 0
configure:4148: result: 8
configure:4273: checking for strip
configure:4291: found /usr/bin/strip
configure:4304: result: /usr/bin/strip
configure:4391: checking for X
configure:4499: gcc -E  conftest.c
conftest.c:20:10: fatal error: X11/Xlib.h: No such file or directory
   20 | #include <X11/Xlib.h>
      |          ^~~~~~~~~~~~
compilation terminated.
configure:4499: $? = 1
configure: failed program was:
| /* confdefs.h */
| #define PACKAGE_NAME "degrib"
| #define PACKAGE_TARNAME "degrib"
| #define PACKAGE_VERSION "2.15"
| #define PACKAGE_STRING "degrib 2.15"
| #define PACKAGE_BUGREPORT "arthur.taylor@noaa.gov"
| #define PACKAGE_URL ""
| #define STDC_HEADERS 1
| #define HAVE_SYS_TYPES_H 1
| #define HAVE_SYS_STAT_H 1
| #define HAVE_STDLIB_H 1
| #define HAVE_STRING_H 1
| #define HAVE_MEMORY_H 1
| #define HAVE_STRINGS_H 1
| #define HAVE_INTTYPES_H 1
| #define HAVE_STDINT_H 1
| #define HAVE_UNISTD_H 1
| #define SIZEOF_LONG_INT 8
| /* end confdefs.h.  */
| #include <X11/Xlib.h>
configure:4530: gcc -o conftest -g -O2 -Wall -fsigned-char   conftest.c -lX11  >&5
conftest.c:20:10: fatal error: X11/Xlib.h: No such file or directory
   20 | #include <X11/Xlib.h>
      |          ^~~~~~~~~~~~
compilation terminated.
configure:4530: $? = 1
configure: failed program was:
| /* confdefs.h */
| #define PACKAGE_NAME "degrib"
| #define PACKAGE_TARNAME "degrib"
| #define PACKAGE_VERSION "2.15"
| #define PACKAGE_STRING "degrib 2.15"
| #define PACKAGE_BUGREPORT "arthur.taylor@noaa.gov"
| #define PACKAGE_URL ""
| #define STDC_HEADERS 1
| #define HAVE_SYS_TYPES_H 1
| #define HAVE_SYS_STAT_H 1
| #define HAVE_STDLIB_H 1
| #define HAVE_STRING_H 1
| #define HAVE_MEMORY_H 1
| #define HAVE_STRINGS_H 1
| #define HAVE_INTTYPES_H 1
| #define HAVE_STDINT_H 1
| #define HAVE_UNISTD_H 1
| #define SIZEOF_LONG_INT 8
| /* end confdefs.h.  */
| #include <X11/Xlib.h>
| int
| main ()
| {
| XrmInitialize ()
|   ;
|   return 0;
| }
configure:4569: result: no
configure:5103: checking Tcl/Tk directories
configure:5107: checking for tclsh
configure:5126: found /home/shane.mill/miniconda3/envs/shane-test/bin/tclsh
configure:5139: result: /home/shane.mill/miniconda3/envs/shane-test/bin/tclsh
configure:5149: checking for wish
configure:5168: found /home/shane.mill/miniconda3/envs/shane-test/bin/wish
configure:5181: result: /home/shane.mill/miniconda3/envs/shane-test/bin/wish
configure:5251: result:  TCL_PREFIX = /home/shane.mill/miniconda3/envs/shane-test, TK_PREFIX = /home/shane.mill/miniconda3/envs/shane-test
configure:5253: checking Tcl/Tk Libraries
configure:5378: result: TCL_LIB = "-L/home/shane.mill/miniconda3/envs/shane-test/lib -ltcl8.6 -ltclstub8.6", TK_LIBS = "-L/home/shane.mill/miniconda3/envs/shane-test/lib -ltk8.6 -ltkstub8.6"
configure:5445: checking Tcl/Tk version
configure:5453: result: 8.6
configure:5717: creating ./config.status

## ---------------------- ##
## Running config.status. ##
## ---------------------- ##

This file was extended by degrib config.status 2.15, which was
generated by GNU Autoconf 2.69.  Invocation command line was

  CONFIG_FILES    = 
  CONFIG_HEADERS  = 
  CONFIG_LINKS    = 
  CONFIG_COMMANDS = 
  $ ./config.status 

on ip-205-156-8-80.ec2.internal

config.status:869: creating Makefile
config.status:869: creating zlib/Makefile
config.status:869: creating zlib/contrib/minizip/Makefile
config.status:869: creating libpng/Makefile
config.status:869: creating libaat/Makefile
config.status:869: creating mdl_g2c/Makefile
config.status:869: creating gd/Makefile
config.status:869: creating degrib/Makefile
config.status:869: creating xyz2shp/Makefile
config.status:869: creating gd/config.h
config.status:1044: gd/config.h is unchanged

## ---------------- ##
## Cache variables. ##
## ---------------- ##

ac_cv_build=x86_64-unknown-linux-gnu
ac_cv_c_bigendian=no
ac_cv_c_compiler_gnu=yes
ac_cv_env_CC_set=
ac_cv_env_CC_value=
ac_cv_env_CFLAGS_set=
ac_cv_env_CFLAGS_value=
ac_cv_env_CPPFLAGS_set=
ac_cv_env_CPPFLAGS_value=
ac_cv_env_CPP_set=
ac_cv_env_CPP_value=
ac_cv_env_LDFLAGS_set=
ac_cv_env_LDFLAGS_value=
ac_cv_env_LIBS_set=
ac_cv_env_LIBS_value=
ac_cv_env_TCL_PREFIX_set=
ac_cv_env_TCL_PREFIX_value=
ac_cv_env_TCL_VERSION_set=
ac_cv_env_TCL_VERSION_value=
ac_cv_env_TK_PREFIX_set=
ac_cv_env_TK_PREFIX_value=
ac_cv_env_XMKMF_set=
ac_cv_env_XMKMF_value=
ac_cv_env_build_alias_set=
ac_cv_env_build_alias_value=
ac_cv_env_host_alias_set=
ac_cv_env_host_alias_value=
ac_cv_env_target_alias_set=
ac_cv_env_target_alias_value=
ac_cv_have_x=have_x=no
ac_cv_header_inttypes_h=yes
ac_cv_header_memory_h=yes
ac_cv_header_stdc=yes
ac_cv_header_stdint_h=yes
ac_cv_header_stdlib_h=yes
ac_cv_header_string_h=yes
ac_cv_header_strings_h=yes
ac_cv_header_sys_stat_h=yes
ac_cv_header_sys_types_h=yes
ac_cv_header_unistd_h=yes
ac_cv_host=x86_64-unknown-linux-gnu
ac_cv_objext=o
ac_cv_path_EGREP='/usr/bin/grep -E'
ac_cv_path_GREP=/usr/bin/grep
ac_cv_path_STRIP=/usr/bin/strip
ac_cv_path_TCL_BINARY=/home/shane.mill/miniconda3/envs/shane-test/bin/tclsh
ac_cv_path_TK_BINARY=/home/shane.mill/miniconda3/envs/shane-test/bin/wish
ac_cv_path_install='/usr/bin/install -c'
ac_cv_prog_AR=ar
ac_cv_prog_CPP='gcc -E'
ac_cv_prog_ac_ct_CC=gcc
ac_cv_prog_ac_ct_RANLIB=ranlib
ac_cv_prog_cc_c89=
ac_cv_prog_cc_g=yes
ac_cv_prog_make_make_set=yes
ac_cv_sizeof_long_int=8

## ----------------- ##
## Output variables. ##
## ----------------- ##

ANSIFLAG='-pedantic'
AR='ar'
ARFLAGS=''
C99FLAG='-pedantic'
CC='gcc'
CFLAGS='-g -O2 -Wall -fsigned-char'
CPP='gcc -E'
CPPFLAGS=''
DBAD_TCLSSH=''
DDEBUG=''
DEFS='-DHAVE_CONFIG_H'
DLLEXT='.so'
DLLFLAGS='-shared'
DSIZEOF_LONG_INT='-DSIZEOF_LONG_INT=8'
DWINDOWS='-D_LINUX_'
DWORDS_BIGENDIAN=''
DYNAMIC_LIB='-ldl'
ECHO_C=''
ECHO_N='-n'
ECHO_T=''
EGREP='/usr/bin/grep -E'
EXEEXT=''
GREP='/usr/bin/grep'
HALO_DEF=''
HALO_LIBDEP=''
HALO_STDINC=''
HALO_STDLIB=''
INSTALL_DATA='${INSTALL} -m 644'
INSTALL_PROGRAM='${INSTALL}'
INSTALL_SCRIPT='${INSTALL}'
JPEG2000_PATH='../jpeg2000/src/libjasper/include'
LDFLAGS=''
LD_FLAGS=''
LIBAAT_PATH='../libaat'
LIBOBJS=''
LIBPNG_PATH='../libpng'
LIBS=''
LTLIBOBJS=''
MEM_CLEAN=''
MEM_DEF=''
MEM_LIBDEP=''
MEM_NAME=''
MEM_STDINC=''
MEM_STDLIB=''
MINIZIP32=''
OBJECT_MODE=''
OBJEXT='o'
PACKAGE_BUGREPORT='arthur.taylor@noaa.gov'
PACKAGE_DATE='20171211'
PACKAGE_NAME='degrib'
PACKAGE_STRING='degrib 2.15'
PACKAGE_TARNAME='degrib'
PACKAGE_URL=''
PACKAGE_VERSION='2.15'
PATH_SEPARATOR=':'
PNGDEBUG=''
RANLIB='ranlib'
SET_MAKE=''
SHELL='/bin/sh'
STRIP='/usr/bin/strip'
STRIP_FLAGS='-s'
TCL_BINARY='/home/shane.mill/miniconda3/envs/shane-test/bin/tclsh'
TCL_LDFLAGS=''
TCL_LIBS='-L/home/shane.mill/miniconda3/envs/shane-test/lib -ltcl8.6 -ltclstub8.6'
TCL_PREFIX='/home/shane.mill/miniconda3/envs/shane-test'
TCL_VERSION='8.6'
TK_BINARY='/home/shane.mill/miniconda3/envs/shane-test/bin/wish'
TK_LDFLAGS=''
TK_LIBS='-L/home/shane.mill/miniconda3/envs/shane-test/lib -ltk8.6 -ltkstub8.6'
TK_PREFIX='/home/shane.mill/miniconda3/envs/shane-test'
XMKMF=''
X_CFLAGS=''
X_EXTRA_LIBS=''
X_LIBS=''
X_PRE_LIBS=''
ZLIB_DEBUG=''
ZLIB_PATH='../zlib'
ac_ct_CC='gcc'
bindir='${exec_prefix}/bin'
build='x86_64-unknown-linux-gnu'
build_alias=''
build_cpu='x86_64'
build_os='linux-gnu'
build_vendor='unknown'
datadir='${datarootdir}'
datarootdir='${prefix}/share'
docdir='${datarootdir}/doc/${PACKAGE_TARNAME}'
dvidir='${docdir}'
exec_prefix='${prefix}'
host='x86_64-unknown-linux-gnu'
host_alias=''
host_cpu='x86_64'
host_os='linux-gnu'
host_vendor='unknown'
htmldir='${docdir}'
includedir='${prefix}/include'
infodir='${datarootdir}/info'
libdir='${exec_prefix}/lib'
libexecdir='${exec_prefix}/libexec'
localedir='${datarootdir}/locale'
localstatedir='${prefix}/var'
mandir='${datarootdir}/man'
oldincludedir='/usr/include'
pdfdir='${docdir}'
prefix='/usr/local'
program_transform_name='s,x,x,'
psdir='${docdir}'
sbindir='${exec_prefix}/sbin'
sharedstatedir='${prefix}/com'
sysconfdir='${prefix}/etc'
target_alias=''

## ----------- ##
## confdefs.h. ##
## ----------- ##

/* confdefs.h */
#define PACKAGE_NAME "degrib"
#define PACKAGE_TARNAME "degrib"
#define PACKAGE_VERSION "2.15"
#define PACKAGE_STRING "degrib 2.15"
#define PACKAGE_BUGREPORT "arthur.taylor@noaa.gov"
#define PACKAGE_URL ""
#define STDC_HEADERS 1
#define HAVE_SYS_TYPES_H 1
#define HAVE_SYS_STAT_H 1
#define HAVE_STDLIB_H 1
#define HAVE_STRING_H 1
#define HAVE_MEMORY_H 1
#define HAVE_STRINGS_H 1
#define HAVE_INTTYPES_H 1
#define HAVE_STDINT_H 1
#define HAVE_UNISTD_H 1
#define SIZEOF_LONG_INT 8
#define X_DISPLAY_MISSING 1

configure: exit 0
