This file contains any messages produced by compilers while
running configure, to aid debugging if configure makes a mistake.

It was created by jasper configure 1.700.5, which was
generated by GNU Autoconf 2.69.  Invocation command line was

  $ ./configure 

## --------- ##
## Platform. ##
## --------- ##

hostname = ip-205-156-8-80.ec2.internal
uname -m = x86_64
uname -r = 3.10.0-1160.42.2.el7.x86_64
uname -s = Linux
uname -v = #1 SMP Tue Sep 7 14:49:57 UTC 2021

/usr/bin/uname -p = x86_64
/bin/uname -X     = unknown

/bin/arch              = x86_64
/usr/bin/arch -k       = unknown
/usr/convex/getsysinfo = unknown
/usr/bin/hostinfo      = unknown
/bin/machine           = unknown
/usr/bin/oslevel       = unknown
/bin/universe          = unknown

PATH: /home/shane.mill/miniconda3/envs/shane-test/bin
PATH: /home/shane.mill/miniconda3/condabin
PATH: /usr/local/bin
PATH: /usr/bin
PATH: /usr/local/sbin
PATH: /usr/sbin
PATH: /home/shane.mill/.local/bin
PATH: /home/shane.mill/bin


## ----------- ##
## Core tests. ##
## ----------- ##

configure:2625: checking build system type
configure:2639: result: x86_64-unknown-linux-gnu
configure:2659: checking host system type
configure:2672: result: x86_64-unknown-linux-gnu
configure:2692: checking target system type
configure:2705: result: x86_64-unknown-linux-gnu
configure:2748: checking for a BSD-compatible install
configure:2816: result: /usr/bin/install -c
configure:2827: checking whether build environment is sane
configure:2864: result: yes
configure:2894: checking for gawk
configure:2910: found /usr/bin/gawk
configure:2921: result: gawk
configure:2932: checking whether make sets $(MAKE)
configure:2954: result: yes
configure:3163: checking for gawk
configure:3190: result: gawk
configure:3249: checking for gcc
configure:3276: result: gcc
configure:3505: checking for C compiler version
configure:3514: gcc --version >&5
gcc (GCC) 11.2.0
Copyright (C) 2021 Free Software Foundation, Inc.
This is free software; see the source for copying conditions.  There is NO
warranty; not even for MERCHANTABILITY or FITNESS FOR A PARTICULAR PURPOSE.

configure:3525: $? = 0
configure:3514: gcc -v >&5
Reading specs from /home/shane.mill/miniconda3/envs/shane-test/bin/../lib/gcc/x86_64-conda-linux-gnu/11.2.0/specs
COLLECT_GCC=gcc
COLLECT_LTO_WRAPPER=/home/shane.mill/miniconda3/envs/shane-test/bin/../libexec/gcc/x86_64-conda-linux-gnu/11.2.0/lto-wrapper
Target: x86_64-conda-linux-gnu
Configured with: ../configure --prefix=/home/conda/feedstock_root/build_artifacts/gcc_compilers_1632803324264/_h_env_placehold_placehold_placehold_placehold_placehold_placehold_placehold_placehold_placehold_placehold_placehold_placehold_placehold_placehold_placehold_placehold_placehold_placeho --with-slibdir=/home/conda/feedstock_root/build_artifacts/gcc_compilers_1632803324264/_h_env_placehold_placehold_placehold_placehold_placehold_placehold_placehold_placehold_placehold_placehold_placehold_placehold_placehold_placehold_placehold_placehold_placehold_placeho/lib --libdir=/home/conda/feedstock_root/build_artifacts/gcc_compilers_1632803324264/_h_env_placehold_placehold_placehold_placehold_placehold_placehold_placehold_placehold_placehold_placehold_placehold_placehold_placehold_placehold_placehold_placehold_placehold_placeho/lib --build=x86_64-conda-linux-gnu --host=x86_64-conda-linux-gnu --target=x86_64-conda-linux-gnu --enable-default-pie --enable-languages=c,c++,fortran,objc,obj-c++ --enable-__cxa_atexit --disable-libmudflap --enable-libgomp --disable-libssp --enable-libquadmath --enable-libquadmath-support --enable-libsanitizer --enable-lto --enable-threads=posix --enable-target-optspace --enable-plugin --enable-gold --disable-nls --disable-bootstrap --disable-multilib --enable-long-long --enable-default-pie --with-sysroot=/home/conda/feedstock_root/build_artifacts/gcc_compilers_1632803324264/_h_env_placehold_placehold_placehold_placehold_placehold_placehold_placehold_placehold_placehold_placehold_placehold_placehold_placehold_placehold_placehold_placehold_placehold_placeho/x86_64-conda-linux-gnu/sysroot --with-build-sysroot=/home/conda/feedstock_root/build_artifacts/gcc_compilers_1632803324264/_build_env/x86_64-conda-linux-gnu/sysroot --with-gxx-include-dir=/home/conda/feedstock_root/build_artifacts/gcc_compilers_1632803324264/_h_env_placehold_placehold_placehold_placehold_placehold_placehold_placehold_placehold_placehold_placehold_placehold_placehold_placehold_placehold_placehold_placehold_placehold_placeho/x86_64-conda-linux-gnu/include/c++/11.2.0
Thread model: posix
Supported LTO compression algorithms: zlib
gcc version 11.2.0 (GCC) 
configure:3525: $? = 0
configure:3514: gcc -V >&5
gcc: error: unrecognized command-line option '-V'
gcc: fatal error: no input files
compilation terminated.
configure:3525: $? = 1
configure:3514: gcc -qversion >&5
gcc: error: unrecognized command-line option '-qversion'; did you mean '--version'?
gcc: fatal error: no input files
compilation terminated.
configure:3525: $? = 1
configure:3545: checking whether the C compiler works
configure:3567: gcc -g -O2 -Wall -fsigned-char   conftest.c  >&5
configure:3571: $? = 0
configure:3619: result: yes
configure:3622: checking for C compiler default output file name
configure:3624: result: a.out
configure:3630: checking for suffix of executables
configure:3637: gcc -o conftest -g -O2 -Wall -fsigned-char   conftest.c  >&5
configure:3641: $? = 0
configure:3663: result: 
configure:3685: checking whether we are cross compiling
configure:3693: gcc -o conftest -g -O2 -Wall -fsigned-char   conftest.c  >&5
configure:3697: $? = 0
configure:3704: ./conftest
configure:3708: $? = 0
configure:3723: result: no
configure:3728: checking for suffix of object files
configure:3750: gcc -c -g -O2 -Wall -fsigned-char  conftest.c >&5
configure:3754: $? = 0
configure:3775: result: o
configure:3779: checking whether we are using the GNU C compiler
configure:3798: gcc -c -g -O2 -Wall -fsigned-char  conftest.c >&5
configure:3798: $? = 0
configure:3807: result: yes
configure:3816: checking whether gcc accepts -g
configure:3836: gcc -c -g  conftest.c >&5
configure:3836: $? = 0
configure:3877: result: yes
configure:3894: checking for gcc option to accept ISO C89
configure:3957: gcc  -c -g -O2 -Wall -fsigned-char  conftest.c >&5
configure:3957: $? = 0
configure:3970: result: none needed
configure:4009: checking for style of include used by make
configure:4037: result: GNU
configure:4065: checking dependency style of gcc
configure:4127: result: gcc3
configure:4137: checking how to run the C preprocessor
configure:4168: gcc -E  conftest.c
configure:4168: $? = 0
configure:4182: gcc -E  conftest.c
conftest.c:13:10: fatal error: ac_nonexistent.h: No such file or directory
   13 | #include <ac_nonexistent.h>
      |          ^~~~~~~~~~~~~~~~~~
compilation terminated.
configure:4182: $? = 1
configure: failed program was:
| /* confdefs.h */
| #define PACKAGE_NAME "jasper"
| #define PACKAGE_TARNAME "jasper"
| #define PACKAGE_VERSION "1.700.5"
| #define PACKAGE_STRING "jasper 1.700.5"
| #define PACKAGE_BUGREPORT ""
| #define PACKAGE_URL ""
| #define PACKAGE "jasper"
| #define VERSION "1.700.5"
| #define JAS_VERSION "1.700.5"
| #define JAS_CONFIGURE 1
| /* end confdefs.h.  */
| #include <ac_nonexistent.h>
configure:4207: result: gcc -E
configure:4227: gcc -E  conftest.c
configure:4227: $? = 0
configure:4241: gcc -E  conftest.c
conftest.c:13:10: fatal error: ac_nonexistent.h: No such file or directory
   13 | #include <ac_nonexistent.h>
      |          ^~~~~~~~~~~~~~~~~~
compilation terminated.
configure:4241: $? = 1
configure: failed program was:
| /* confdefs.h */
| #define PACKAGE_NAME "jasper"
| #define PACKAGE_TARNAME "jasper"
| #define PACKAGE_VERSION "1.700.5"
| #define PACKAGE_STRING "jasper 1.700.5"
| #define PACKAGE_BUGREPORT ""
| #define PACKAGE_URL ""
| #define PACKAGE "jasper"
| #define VERSION "1.700.5"
| #define JAS_VERSION "1.700.5"
| #define JAS_CONFIGURE 1
| /* end confdefs.h.  */
| #include <ac_nonexistent.h>
configure:4270: checking whether ln -s works
configure:4274: result: yes
configure:4324: checking for ranlib
configure:4340: found /usr/bin/ranlib
configure:4351: result: ranlib
configure:4462: checking for ld used by GCC
configure:4525: result: /home/shane.mill/miniconda3/envs/shane-test/x86_64-conda-linux-gnu/bin/ld
configure:4532: checking if the linker (/home/shane.mill/miniconda3/envs/shane-test/x86_64-conda-linux-gnu/bin/ld) is GNU ld
GNU ld (GNU Binutils) 2.36.1
configure:4544: result: yes
configure:4549: checking for /home/shane.mill/miniconda3/envs/shane-test/x86_64-conda-linux-gnu/bin/ld option to reload object files
configure:4556: result: -r
configure:4561: checking for BSD-compatible nm
configure:4597: result: /usr/bin/nm -B
configure:4600: checking for a sed that does not truncate output
configure:4682: result: /usr/bin/sed
configure:4685: checking how to recognise dependent libraries
configure:4866: result: pass_all
configure:4879: checking command to parse /usr/bin/nm -B output
configure:4963: gcc -c -g -O2 -Wall -fsigned-char  conftest.c >&5
configure:4966: $? = 0
configure:4970: /usr/bin/nm -B conftest.o \| sed -n -e 's/^.*[ 	]\([ABCDGISTW][ABCDGISTW]*\)[ 	][ 	]*\(\)\([_A-Za-z][_A-Za-z0-9]*\)$/\1 \2\3 \3/p' \> conftest.nm
configure:4973: $? = 0
configure:5025: gcc -o conftest -g -O2 -Wall -fsigned-char   conftest.c conftstm.o >&5
conftest.c:6:13: warning: 'main' is usually a function [-Wmain]
    6 | extern char main;
      |             ^~~~
configure:5028: $? = 0
configure:5072: result: ok
configure:5077: checking for grep that handles long lines and -e
configure:5135: result: /usr/bin/grep
configure:5140: checking for egrep
configure:5202: result: /usr/bin/grep -E
configure:5207: checking for ANSI C header files
configure:5227: gcc -c -g -O2 -Wall -fsigned-char  conftest.c >&5
configure:5227: $? = 0
configure:5300: gcc -o conftest -g -O2 -Wall -fsigned-char   conftest.c  >&5
configure:5300: $? = 0
configure:5300: ./conftest
configure:5300: $? = 0
configure:5311: result: yes
configure:5324: checking for sys/types.h
configure:5324: gcc -c -g -O2 -Wall -fsigned-char  conftest.c >&5
configure:5324: $? = 0
configure:5324: result: yes
configure:5324: checking for sys/stat.h
configure:5324: gcc -c -g -O2 -Wall -fsigned-char  conftest.c >&5
configure:5324: $? = 0
configure:5324: result: yes
configure:5324: checking for stdlib.h
configure:5324: gcc -c -g -O2 -Wall -fsigned-char  conftest.c >&5
configure:5324: $? = 0
configure:5324: result: yes
configure:5324: checking for string.h
configure:5324: gcc -c -g -O2 -Wall -fsigned-char  conftest.c >&5
configure:5324: $? = 0
configure:5324: result: yes
configure:5324: checking for memory.h
configure:5324: gcc -c -g -O2 -Wall -fsigned-char  conftest.c >&5
configure:5324: $? = 0
configure:5324: result: yes
configure:5324: checking for strings.h
configure:5324: gcc -c -g -O2 -Wall -fsigned-char  conftest.c >&5
configure:5324: $? = 0
configure:5324: result: yes
configure:5324: checking for inttypes.h
configure:5324: gcc -c -g -O2 -Wall -fsigned-char  conftest.c >&5
configure:5324: $? = 0
configure:5324: result: yes
configure:5324: checking for stdint.h
configure:5324: gcc -c -g -O2 -Wall -fsigned-char  conftest.c >&5
configure:5324: $? = 0
configure:5324: result: yes
configure:5324: checking for unistd.h
configure:5324: gcc -c -g -O2 -Wall -fsigned-char  conftest.c >&5
configure:5324: $? = 0
configure:5324: result: yes
configure:5338: checking dlfcn.h usability
configure:5338: gcc -c -g -O2 -Wall -fsigned-char  conftest.c >&5
configure:5338: $? = 0
configure:5338: result: yes
configure:5338: checking dlfcn.h presence
configure:5338: gcc -E  conftest.c
configure:5338: $? = 0
configure:5338: result: yes
configure:5338: checking for dlfcn.h
configure:5338: result: yes
configure:5535: checking for ranlib
configure:5562: result: ranlib
configure:5627: checking for strip
configure:5643: found /usr/bin/strip
configure:5654: result: strip
configure:5855: checking for objdir
configure:5866: result: .libs
configure:5883: checking for gcc option to produce PIC
configure:6029: result: -fPIC
configure:6033: checking if gcc PIC flag -fPIC works
configure:6051: gcc -c -g -O2 -Wall -fsigned-char -fPIC -DPIC  conftest.c >&5
configure:6051: $? = 0
configure:6085: result: yes
configure:6101: checking if gcc static flag -static works
configure:6120: gcc -o conftest -g -O2 -Wall -fsigned-char   -static conftest.c  >&5
configure:6120: $? = 0
configure:6132: result: yes
configure:6144: checking if gcc supports -c -o file.o
configure:6164: gcc -c -g -O2 -Wall -fsigned-char -o out/conftest2.o  conftest.c >&5
configure:6188: result: yes
configure:6193: checking if gcc supports -c -o file.lo
configure:6215: gcc -c -g -O2 -Wall -fsigned-char -c -o conftest.lo  conftest.c >&5
conftest.c: In function 'main':
conftest.c:28:5: warning: unused variable 'some_variable' [-Wunused-variable]
   28 | int some_variable = 0;
      |     ^~~~~~~~~~~~~
configure:6215: $? = 0
configure:6232: result: no
configure:6263: checking if gcc supports -fno-rtti -fno-exceptions
configure:6280: gcc -c -g -O2 -Wall -fsigned-char -fno-rtti -fno-exceptions -c conftest.c  conftest.c >&5
cc1: warning: command-line option '-fno-rtti' is valid for C++/D/ObjC++ but not for C
conftest.c: In function 'main':
conftest.c:28:5: warning: unused variable 'some_variable' [-Wunused-variable]
   28 | int some_variable = 0;
      |     ^~~~~~~~~~~~~
cc1: warning: command-line option '-fno-rtti' is valid for C++/D/ObjC++ but not for C
conftest.c: In function 'main':
conftest.c:28:5: warning: unused variable 'some_variable' [-Wunused-variable]
   28 | int some_variable = 0;
      |     ^~~~~~~~~~~~~
configure:6280: $? = 0
configure:6292: result: no
configure:6303: checking whether the linker (/home/shane.mill/miniconda3/envs/shane-test/x86_64-conda-linux-gnu/bin/ld) supports shared libraries
configure:6998: result: yes
configure:7003: checking how to hardcode library paths into programs
configure:7027: result: immediate
configure:7032: checking whether stripping libraries is possible
configure:7037: result: yes
configure:7048: checking dynamic linker characteristics
configure:7309: gcc -c -g -O2 -Wall -fsigned-char  conftest.c >&5
configure:7312: $? = 0
configure:7479: result: GNU/Linux ld.so
configure:7484: checking if libtool supports shared libraries
configure:7486: result: yes
configure:7489: checking whether to build shared libraries
configure:7510: result: no
configure:7513: checking whether to build static libraries
configure:7517: result: yes
configure:8592: checking for X
configure:8700: gcc -E  conftest.c
conftest.c:24:10: fatal error: X11/Xlib.h: No such file or directory
   24 | #include <X11/Xlib.h>
      |          ^~~~~~~~~~~~
compilation terminated.
configure:8700: $? = 1
configure: failed program was:
| /* confdefs.h */
| #define PACKAGE_NAME "jasper"
| #define PACKAGE_TARNAME "jasper"
| #define PACKAGE_VERSION "1.700.5"
| #define PACKAGE_STRING "jasper 1.700.5"
| #define PACKAGE_BUGREPORT ""
| #define PACKAGE_URL ""
| #define PACKAGE "jasper"
| #define VERSION "1.700.5"
| #define JAS_VERSION "1.700.5"
| #define JAS_CONFIGURE 1
| #define STDC_HEADERS 1
| #define HAVE_SYS_TYPES_H 1
| #define HAVE_SYS_STAT_H 1
| #define HAVE_STDLIB_H 1
| #define HAVE_STRING_H 1
| #define HAVE_MEMORY_H 1
| #define HAVE_STRINGS_H 1
| #define HAVE_INTTYPES_H 1
| #define HAVE_STDINT_H 1
| #define HAVE_UNISTD_H 1
| #define HAVE_DLFCN_H 1
| /* end confdefs.h.  */
| #include <X11/Xlib.h>
configure:8731: gcc -o conftest -g -O2 -Wall -fsigned-char   conftest.c -lX11  >&5
conftest.c:24:10: fatal error: X11/Xlib.h: No such file or directory
   24 | #include <X11/Xlib.h>
      |          ^~~~~~~~~~~~
compilation terminated.
configure:8731: $? = 1
configure: failed program was:
| /* confdefs.h */
| #define PACKAGE_NAME "jasper"
| #define PACKAGE_TARNAME "jasper"
| #define PACKAGE_VERSION "1.700.5"
| #define PACKAGE_STRING "jasper 1.700.5"
| #define PACKAGE_BUGREPORT ""
| #define PACKAGE_URL ""
| #define PACKAGE "jasper"
| #define VERSION "1.700.5"
| #define JAS_VERSION "1.700.5"
| #define JAS_CONFIGURE 1
| #define STDC_HEADERS 1
| #define HAVE_SYS_TYPES_H 1
| #define HAVE_SYS_STAT_H 1
| #define HAVE_STDLIB_H 1
| #define HAVE_STRING_H 1
| #define HAVE_MEMORY_H 1
| #define HAVE_STRINGS_H 1
| #define HAVE_INTTYPES_H 1
| #define HAVE_STDINT_H 1
| #define HAVE_UNISTD_H 1
| #define HAVE_DLFCN_H 1
| /* end confdefs.h.  */
| #include <X11/Xlib.h>
| int
| main ()
| {
| XrmInitialize ()
|   ;
|   return 0;
| }
configure:8770: result: no
configure:9276: checking whether variable-length arrays are supported
configure:9291: gcc -c -g -O2 -Wall -fsigned-char  conftest.c >&5
conftest.c: In function 'main':
conftest.c:30:20: warning: unused variable 'foo' [-Wunused-variable]
   30 |         int n; int foo[n];
      |                    ^~~
conftest.c:30:9: warning: 'n' is used uninitialized [-Wuninitialized]
   30 |         int n; int foo[n];
      |         ^~~
configure:9291: $? = 0
configure:9292: result: yes
configure:9327: checking for jpeg_destroy in -ljpeg
configure:9352: gcc -o conftest -g -O2 -Wall -fsigned-char   conftest.c -ljpeg   >&5
configure:9352: $? = 0
configure:9361: result: yes
configure:9441: checking for glutInit in -lglut
configure:9466: gcc -o conftest -g -O2 -Wall -fsigned-char   conftest.c -lglut -lglut -lGL -lGLU  -lX11 -lXmu -lXi -lXext -lXt    -ljpeg >&5
/home/shane.mill/miniconda3/envs/shane-test/bin/../lib/gcc/x86_64-conda-linux-gnu/11.2.0/../../../../x86_64-conda-linux-gnu/bin/ld: cannot find -lGL
/home/shane.mill/miniconda3/envs/shane-test/bin/../lib/gcc/x86_64-conda-linux-gnu/11.2.0/../../../../x86_64-conda-linux-gnu/bin/ld: cannot find -lXmu
/home/shane.mill/miniconda3/envs/shane-test/bin/../lib/gcc/x86_64-conda-linux-gnu/11.2.0/../../../../x86_64-conda-linux-gnu/bin/ld: cannot find -lXt
collect2: error: ld returned 1 exit status
configure:9466: $? = 1
configure: failed program was:
| /* confdefs.h */
| #define PACKAGE_NAME "jasper"
| #define PACKAGE_TARNAME "jasper"
| #define PACKAGE_VERSION "1.700.5"
| #define PACKAGE_STRING "jasper 1.700.5"
| #define PACKAGE_BUGREPORT ""
| #define PACKAGE_URL ""
| #define PACKAGE "jasper"
| #define VERSION "1.700.5"
| #define JAS_VERSION "1.700.5"
| #define JAS_CONFIGURE 1
| #define STDC_HEADERS 1
| #define HAVE_SYS_TYPES_H 1
| #define HAVE_SYS_STAT_H 1
| #define HAVE_STDLIB_H 1
| #define HAVE_STRING_H 1
| #define HAVE_MEMORY_H 1
| #define HAVE_STRINGS_H 1
| #define HAVE_INTTYPES_H 1
| #define HAVE_STDINT_H 1
| #define HAVE_UNISTD_H 1
| #define HAVE_DLFCN_H 1
| #define X_DISPLAY_MISSING 1
| #define HAVE_VLA 1
| /* end confdefs.h.  */
| 
| /* Override any GCC internal prototype to avoid an error.
|    Use char because int might match the return type of a GCC
|    builtin and then its argument prototype would still apply.  */
| #ifdef __cplusplus
| extern "C"
| #endif
| char glutInit ();
| int
| main ()
| {
| return glutInit ();
|   ;
|   return 0;
| }
configure:9475: result: no
configure:9485: checking GL/glut.h usability
configure:9485: gcc -c -g -O2 -Wall -fsigned-char  conftest.c >&5
conftest.c:59:10: fatal error: GL/glut.h: No such file or directory
   59 | #include <GL/glut.h>
      |          ^~~~~~~~~~~
compilation terminated.
configure:9485: $? = 1
configure: failed program was:
| /* confdefs.h */
| #define PACKAGE_NAME "jasper"
| #define PACKAGE_TARNAME "jasper"
| #define PACKAGE_VERSION "1.700.5"
| #define PACKAGE_STRING "jasper 1.700.5"
| #define PACKAGE_BUGREPORT ""
| #define PACKAGE_URL ""
| #define PACKAGE "jasper"
| #define VERSION "1.700.5"
| #define JAS_VERSION "1.700.5"
| #define JAS_CONFIGURE 1
| #define STDC_HEADERS 1
| #define HAVE_SYS_TYPES_H 1
| #define HAVE_SYS_STAT_H 1
| #define HAVE_STDLIB_H 1
| #define HAVE_STRING_H 1
| #define HAVE_MEMORY_H 1
| #define HAVE_STRINGS_H 1
| #define HAVE_INTTYPES_H 1
| #define HAVE_STDINT_H 1
| #define HAVE_UNISTD_H 1
| #define HAVE_DLFCN_H 1
| #define X_DISPLAY_MISSING 1
| #define HAVE_VLA 1
| /* end confdefs.h.  */
| #include <stdio.h>
| #ifdef HAVE_SYS_TYPES_H
| # include <sys/types.h>
| #endif
| #ifdef HAVE_SYS_STAT_H
| # include <sys/stat.h>
| #endif
| #ifdef STDC_HEADERS
| # include <stdlib.h>
| # include <stddef.h>
| #else
| # ifdef HAVE_STDLIB_H
| #  include <stdlib.h>
| # endif
| #endif
| #ifdef HAVE_STRING_H
| # if !defined STDC_HEADERS && defined HAVE_MEMORY_H
| #  include <memory.h>
| # endif
| # include <string.h>
| #endif
| #ifdef HAVE_STRINGS_H
| # include <strings.h>
| #endif
| #ifdef HAVE_INTTYPES_H
| # include <inttypes.h>
| #endif
| #ifdef HAVE_STDINT_H
| # include <stdint.h>
| #endif
| #ifdef HAVE_UNISTD_H
| # include <unistd.h>
| #endif
| #include <GL/glut.h>
configure:9485: result: no
configure:9485: checking GL/glut.h presence
configure:9485: gcc -E  conftest.c
conftest.c:26:10: fatal error: GL/glut.h: No such file or directory
   26 | #include <GL/glut.h>
      |          ^~~~~~~~~~~
compilation terminated.
configure:9485: $? = 1
configure: failed program was:
| /* confdefs.h */
| #define PACKAGE_NAME "jasper"
| #define PACKAGE_TARNAME "jasper"
| #define PACKAGE_VERSION "1.700.5"
| #define PACKAGE_STRING "jasper 1.700.5"
| #define PACKAGE_BUGREPORT ""
| #define PACKAGE_URL ""
| #define PACKAGE "jasper"
| #define VERSION "1.700.5"
| #define JAS_VERSION "1.700.5"
| #define JAS_CONFIGURE 1
| #define STDC_HEADERS 1
| #define HAVE_SYS_TYPES_H 1
| #define HAVE_SYS_STAT_H 1
| #define HAVE_STDLIB_H 1
| #define HAVE_STRING_H 1
| #define HAVE_MEMORY_H 1
| #define HAVE_STRINGS_H 1
| #define HAVE_INTTYPES_H 1
| #define HAVE_STDINT_H 1
| #define HAVE_UNISTD_H 1
| #define HAVE_DLFCN_H 1
| #define X_DISPLAY_MISSING 1
| #define HAVE_VLA 1
| /* end confdefs.h.  */
| #include <GL/glut.h>
configure:9485: result: no
configure:9485: checking for GL/glut.h
configure:9485: result: no
configure:9506: checking whether OpenGL libraries and headers were detected
configure:9508: result: no
configure:9516: checking for main in -lm
configure:9535: gcc -o conftest -g -O2 -Wall -fsigned-char   conftest.c -lm   -ljpeg >&5
configure:9535: $? = 0
configure:9544: result: yes
configure:9560: checking for ANSI C header files
configure:9664: result: yes
configure:9675: checking fcntl.h usability
configure:9675: gcc -c -g -O2 -Wall -fsigned-char  conftest.c >&5
configure:9675: $? = 0
configure:9675: result: yes
configure:9675: checking fcntl.h presence
configure:9675: gcc -E  conftest.c
configure:9675: $? = 0
configure:9675: result: yes
configure:9675: checking for fcntl.h
configure:9675: result: yes
configure:9675: checking limits.h usability
configure:9675: gcc -c -g -O2 -Wall -fsigned-char  conftest.c >&5
configure:9675: $? = 0
configure:9675: result: yes
configure:9675: checking limits.h presence
configure:9675: gcc -E  conftest.c
configure:9675: $? = 0
configure:9675: result: yes
configure:9675: checking for limits.h
configure:9675: result: yes
configure:9675: checking for unistd.h
configure:9675: result: yes
configure:9675: checking for stdint.h
configure:9675: result: yes
configure:9675: checking stdbool.h usability
configure:9675: gcc -c -g -O2 -Wall -fsigned-char  conftest.c >&5
configure:9675: $? = 0
configure:9675: result: yes
configure:9675: checking stdbool.h presence
configure:9675: gcc -E  conftest.c
configure:9675: $? = 0
configure:9675: result: yes
configure:9675: checking for stdbool.h
configure:9675: result: yes
configure:9675: checking io.h usability
configure:9675: gcc -c -g -O2 -Wall -fsigned-char  conftest.c >&5
conftest.c:66:10: fatal error: io.h: No such file or directory
   66 | #include <io.h>
      |          ^~~~~~
compilation terminated.
configure:9675: $? = 1
configure: failed program was:
| /* confdefs.h */
| #define PACKAGE_NAME "jasper"
| #define PACKAGE_TARNAME "jasper"
| #define PACKAGE_VERSION "1.700.5"
| #define PACKAGE_STRING "jasper 1.700.5"
| #define PACKAGE_BUGREPORT ""
| #define PACKAGE_URL ""
| #define PACKAGE "jasper"
| #define VERSION "1.700.5"
| #define JAS_VERSION "1.700.5"
| #define JAS_CONFIGURE 1
| #define STDC_HEADERS 1
| #define HAVE_SYS_TYPES_H 1
| #define HAVE_SYS_STAT_H 1
| #define HAVE_STDLIB_H 1
| #define HAVE_STRING_H 1
| #define HAVE_MEMORY_H 1
| #define HAVE_STRINGS_H 1
| #define HAVE_INTTYPES_H 1
| #define HAVE_STDINT_H 1
| #define HAVE_UNISTD_H 1
| #define HAVE_DLFCN_H 1
| #define X_DISPLAY_MISSING 1
| #define HAVE_VLA 1
| #define HAVE_LIBM 1
| #define STDC_HEADERS 1
| #define HAVE_FCNTL_H 1
| #define HAVE_LIMITS_H 1
| #define HAVE_UNISTD_H 1
| #define HAVE_STDINT_H 1
| #define HAVE_STDBOOL_H 1
| /* end confdefs.h.  */
| #include <stdio.h>
| #ifdef HAVE_SYS_TYPES_H
| # include <sys/types.h>
| #endif
| #ifdef HAVE_SYS_STAT_H
| # include <sys/stat.h>
| #endif
| #ifdef STDC_HEADERS
| # include <stdlib.h>
| # include <stddef.h>
| #else
| # ifdef HAVE_STDLIB_H
| #  include <stdlib.h>
| # endif
| #endif
| #ifdef HAVE_STRING_H
| # if !defined STDC_HEADERS && defined HAVE_MEMORY_H
| #  include <memory.h>
| # endif
| # include <string.h>
| #endif
| #ifdef HAVE_STRINGS_H
| # include <strings.h>
| #endif
| #ifdef HAVE_INTTYPES_H
| # include <inttypes.h>
| #endif
| #ifdef HAVE_STDINT_H
| # include <stdint.h>
| #endif
| #ifdef HAVE_UNISTD_H
| # include <unistd.h>
| #endif
| #include <io.h>
configure:9675: result: no
configure:9675: checking io.h presence
configure:9675: gcc -E  conftest.c
conftest.c:33:10: fatal error: io.h: No such file or directory
   33 | #include <io.h>
      |          ^~~~~~
compilation terminated.
configure:9675: $? = 1
configure: failed program was:
| /* confdefs.h */
| #define PACKAGE_NAME "jasper"
| #define PACKAGE_TARNAME "jasper"
| #define PACKAGE_VERSION "1.700.5"
| #define PACKAGE_STRING "jasper 1.700.5"
| #define PACKAGE_BUGREPORT ""
| #define PACKAGE_URL ""
| #define PACKAGE "jasper"
| #define VERSION "1.700.5"
| #define JAS_VERSION "1.700.5"
| #define JAS_CONFIGURE 1
| #define STDC_HEADERS 1
| #define HAVE_SYS_TYPES_H 1
| #define HAVE_SYS_STAT_H 1
| #define HAVE_STDLIB_H 1
| #define HAVE_STRING_H 1
| #define HAVE_MEMORY_H 1
| #define HAVE_STRINGS_H 1
| #define HAVE_INTTYPES_H 1
| #define HAVE_STDINT_H 1
| #define HAVE_UNISTD_H 1
| #define HAVE_DLFCN_H 1
| #define X_DISPLAY_MISSING 1
| #define HAVE_VLA 1
| #define HAVE_LIBM 1
| #define STDC_HEADERS 1
| #define HAVE_FCNTL_H 1
| #define HAVE_LIMITS_H 1
| #define HAVE_UNISTD_H 1
| #define HAVE_STDINT_H 1
| #define HAVE_STDBOOL_H 1
| /* end confdefs.h.  */
| #include <io.h>
configure:9675: result: no
configure:9675: checking for io.h
configure:9675: result: no
configure:9675: checking windows.h usability
configure:9675: gcc -c -g -O2 -Wall -fsigned-char  conftest.c >&5
conftest.c:66:10: fatal error: windows.h: No such file or directory
   66 | #include <windows.h>
      |          ^~~~~~~~~~~
compilation terminated.
configure:9675: $? = 1
configure: failed program was:
| /* confdefs.h */
| #define PACKAGE_NAME "jasper"
| #define PACKAGE_TARNAME "jasper"
| #define PACKAGE_VERSION "1.700.5"
| #define PACKAGE_STRING "jasper 1.700.5"
| #define PACKAGE_BUGREPORT ""
| #define PACKAGE_URL ""
| #define PACKAGE "jasper"
| #define VERSION "1.700.5"
| #define JAS_VERSION "1.700.5"
| #define JAS_CONFIGURE 1
| #define STDC_HEADERS 1
| #define HAVE_SYS_TYPES_H 1
| #define HAVE_SYS_STAT_H 1
| #define HAVE_STDLIB_H 1
| #define HAVE_STRING_H 1
| #define HAVE_MEMORY_H 1
| #define HAVE_STRINGS_H 1
| #define HAVE_INTTYPES_H 1
| #define HAVE_STDINT_H 1
| #define HAVE_UNISTD_H 1
| #define HAVE_DLFCN_H 1
| #define X_DISPLAY_MISSING 1
| #define HAVE_VLA 1
| #define HAVE_LIBM 1
| #define STDC_HEADERS 1
| #define HAVE_FCNTL_H 1
| #define HAVE_LIMITS_H 1
| #define HAVE_UNISTD_H 1
| #define HAVE_STDINT_H 1
| #define HAVE_STDBOOL_H 1
| /* end confdefs.h.  */
| #include <stdio.h>
| #ifdef HAVE_SYS_TYPES_H
| # include <sys/types.h>
| #endif
| #ifdef HAVE_SYS_STAT_H
| # include <sys/stat.h>
| #endif
| #ifdef STDC_HEADERS
| # include <stdlib.h>
| # include <stddef.h>
| #else
| # ifdef HAVE_STDLIB_H
| #  include <stdlib.h>
| # endif
| #endif
| #ifdef HAVE_STRING_H
| # if !defined STDC_HEADERS && defined HAVE_MEMORY_H
| #  include <memory.h>
| # endif
| # include <string.h>
| #endif
| #ifdef HAVE_STRINGS_H
| # include <strings.h>
| #endif
| #ifdef HAVE_INTTYPES_H
| # include <inttypes.h>
| #endif
| #ifdef HAVE_STDINT_H
| # include <stdint.h>
| #endif
| #ifdef HAVE_UNISTD_H
| # include <unistd.h>
| #endif
| #include <windows.h>
configure:9675: result: no
configure:9675: checking windows.h presence
configure:9675: gcc -E  conftest.c
conftest.c:33:10: fatal error: windows.h: No such file or directory
   33 | #include <windows.h>
      |          ^~~~~~~~~~~
compilation terminated.
configure:9675: $? = 1
configure: failed program was:
| /* confdefs.h */
| #define PACKAGE_NAME "jasper"
| #define PACKAGE_TARNAME "jasper"
| #define PACKAGE_VERSION "1.700.5"
| #define PACKAGE_STRING "jasper 1.700.5"
| #define PACKAGE_BUGREPORT ""
| #define PACKAGE_URL ""
| #define PACKAGE "jasper"
| #define VERSION "1.700.5"
| #define JAS_VERSION "1.700.5"
| #define JAS_CONFIGURE 1
| #define STDC_HEADERS 1
| #define HAVE_SYS_TYPES_H 1
| #define HAVE_SYS_STAT_H 1
| #define HAVE_STDLIB_H 1
| #define HAVE_STRING_H 1
| #define HAVE_MEMORY_H 1
| #define HAVE_STRINGS_H 1
| #define HAVE_INTTYPES_H 1
| #define HAVE_STDINT_H 1
| #define HAVE_UNISTD_H 1
| #define HAVE_DLFCN_H 1
| #define X_DISPLAY_MISSING 1
| #define HAVE_VLA 1
| #define HAVE_LIBM 1
| #define STDC_HEADERS 1
| #define HAVE_FCNTL_H 1
| #define HAVE_LIMITS_H 1
| #define HAVE_UNISTD_H 1
| #define HAVE_STDINT_H 1
| #define HAVE_STDBOOL_H 1
| /* end confdefs.h.  */
| #include <windows.h>
configure:9675: result: no
configure:9675: checking for windows.h
configure:9675: result: no
configure:9675: checking for sys/types.h
configure:9675: result: yes
configure:9675: checking for stdlib.h
configure:9675: result: yes
configure:9675: checking stddef.h usability
configure:9675: gcc -c -g -O2 -Wall -fsigned-char  conftest.c >&5
configure:9675: $? = 0
configure:9675: result: yes
configure:9675: checking stddef.h presence
configure:9675: gcc -E  conftest.c
configure:9675: $? = 0
configure:9675: result: yes
configure:9675: checking for stddef.h
configure:9675: result: yes
configure:9690: checking whether byte ordering is bigendian
configure:9705: gcc -c -g -O2 -Wall -fsigned-char  conftest.c >&5
conftest.c:37:16: error: unknown type name 'not'
   37 |                not a universal capable compiler
      |                ^~~
conftest.c:37:22: error: expected '=', ',', ';', 'asm' or '__attribute__' before 'universal'
   37 |                not a universal capable compiler
      |                      ^~~~~~~~~
conftest.c:37:22: error: unknown type name 'universal'
configure:9705: $? = 1
configure: failed program was:
| /* confdefs.h */
| #define PACKAGE_NAME "jasper"
| #define PACKAGE_TARNAME "jasper"
| #define PACKAGE_VERSION "1.700.5"
| #define PACKAGE_STRING "jasper 1.700.5"
| #define PACKAGE_BUGREPORT ""
| #define PACKAGE_URL ""
| #define PACKAGE "jasper"
| #define VERSION "1.700.5"
| #define JAS_VERSION "1.700.5"
| #define JAS_CONFIGURE 1
| #define STDC_HEADERS 1
| #define HAVE_SYS_TYPES_H 1
| #define HAVE_SYS_STAT_H 1
| #define HAVE_STDLIB_H 1
| #define HAVE_STRING_H 1
| #define HAVE_MEMORY_H 1
| #define HAVE_STRINGS_H 1
| #define HAVE_INTTYPES_H 1
| #define HAVE_STDINT_H 1
| #define HAVE_UNISTD_H 1
| #define HAVE_DLFCN_H 1
| #define X_DISPLAY_MISSING 1
| #define HAVE_VLA 1
| #define HAVE_LIBM 1
| #define STDC_HEADERS 1
| #define HAVE_FCNTL_H 1
| #define HAVE_LIMITS_H 1
| #define HAVE_UNISTD_H 1
| #define HAVE_STDINT_H 1
| #define HAVE_STDBOOL_H 1
| #define HAVE_SYS_TYPES_H 1
| #define HAVE_STDLIB_H 1
| #define HAVE_STDDEF_H 1
| /* end confdefs.h.  */
| #ifndef __APPLE_CC__
| 	       not a universal capable compiler
| 	     #endif
| 	     typedef int dummy;
| 
configure:9750: gcc -c -g -O2 -Wall -fsigned-char  conftest.c >&5
configure:9750: $? = 0
configure:9768: gcc -c -g -O2 -Wall -fsigned-char  conftest.c >&5
conftest.c: In function 'main':
conftest.c:43:18: error: unknown type name 'not'; did you mean 'ino_t'?
   43 |                  not big endian
      |                  ^~~
      |                  ino_t
conftest.c:43:26: error: expected '=', ',', ';', 'asm' or '__attribute__' before 'endian'
   43 |                  not big endian
      |                          ^~~~~~
configure:9768: $? = 1
configure: failed program was:
| /* confdefs.h */
| #define PACKAGE_NAME "jasper"
| #define PACKAGE_TARNAME "jasper"
| #define PACKAGE_VERSION "1.700.5"
| #define PACKAGE_STRING "jasper 1.700.5"
| #define PACKAGE_BUGREPORT ""
| #define PACKAGE_URL ""
| #define PACKAGE "jasper"
| #define VERSION "1.700.5"
| #define JAS_VERSION "1.700.5"
| #define JAS_CONFIGURE 1
| #define STDC_HEADERS 1
| #define HAVE_SYS_TYPES_H 1
| #define HAVE_SYS_STAT_H 1
| #define HAVE_STDLIB_H 1
| #define HAVE_STRING_H 1
| #define HAVE_MEMORY_H 1
| #define HAVE_STRINGS_H 1
| #define HAVE_INTTYPES_H 1
| #define HAVE_STDINT_H 1
| #define HAVE_UNISTD_H 1
| #define HAVE_DLFCN_H 1
| #define X_DISPLAY_MISSING 1
| #define HAVE_VLA 1
| #define HAVE_LIBM 1
| #define STDC_HEADERS 1
| #define HAVE_FCNTL_H 1
| #define HAVE_LIMITS_H 1
| #define HAVE_UNISTD_H 1
| #define HAVE_STDINT_H 1
| #define HAVE_STDBOOL_H 1
| #define HAVE_SYS_TYPES_H 1
| #define HAVE_STDLIB_H 1
| #define HAVE_STDDEF_H 1
| /* end confdefs.h.  */
| #include <sys/types.h>
| 		#include <sys/param.h>
| 
| int
| main ()
| {
| #if BYTE_ORDER != BIG_ENDIAN
| 		 not big endian
| 		#endif
| 
|   ;
|   return 0;
| }
configure:9896: result: no
configure:9914: checking for an ANSI C-conforming const
configure:9980: gcc -c -g -O2 -Wall -fsigned-char  conftest.c >&5
configure:9980: $? = 0
configure:9987: result: yes
configure:9995: checking for inline
configure:10011: gcc -c -g -O2 -Wall -fsigned-char  conftest.c >&5
configure:10011: $? = 0
configure:10019: result: inline
configure:10037: checking for size_t
configure:10037: gcc -c -g -O2 -Wall -fsigned-char  conftest.c >&5
configure:10037: $? = 0
configure:10037: gcc -c -g -O2 -Wall -fsigned-char  conftest.c >&5
conftest.c: In function 'main':
conftest.c:72:21: error: expected expression before ')' token
   72 | if (sizeof ((size_t)))
      |                     ^
configure:10037: $? = 1
configure: failed program was:
| /* confdefs.h */
| #define PACKAGE_NAME "jasper"
| #define PACKAGE_TARNAME "jasper"
| #define PACKAGE_VERSION "1.700.5"
| #define PACKAGE_STRING "jasper 1.700.5"
| #define PACKAGE_BUGREPORT ""
| #define PACKAGE_URL ""
| #define PACKAGE "jasper"
| #define VERSION "1.700.5"
| #define JAS_VERSION "1.700.5"
| #define JAS_CONFIGURE 1
| #define STDC_HEADERS 1
| #define HAVE_SYS_TYPES_H 1
| #define HAVE_SYS_STAT_H 1
| #define HAVE_STDLIB_H 1
| #define HAVE_STRING_H 1
| #define HAVE_MEMORY_H 1
| #define HAVE_STRINGS_H 1
| #define HAVE_INTTYPES_H 1
| #define HAVE_STDINT_H 1
| #define HAVE_UNISTD_H 1
| #define HAVE_DLFCN_H 1
| #define X_DISPLAY_MISSING 1
| #define HAVE_VLA 1
| #define HAVE_LIBM 1
| #define STDC_HEADERS 1
| #define HAVE_FCNTL_H 1
| #define HAVE_LIMITS_H 1
| #define HAVE_UNISTD_H 1
| #define HAVE_STDINT_H 1
| #define HAVE_STDBOOL_H 1
| #define HAVE_SYS_TYPES_H 1
| #define HAVE_STDLIB_H 1
| #define HAVE_STDDEF_H 1
| /* end confdefs.h.  */
| #include <stdio.h>
| #ifdef HAVE_SYS_TYPES_H
| # include <sys/types.h>
| #endif
| #ifdef HAVE_SYS_STAT_H
| # include <sys/stat.h>
| #endif
| #ifdef STDC_HEADERS
| # include <stdlib.h>
| # include <stddef.h>
| #else
| # ifdef HAVE_STDLIB_H
| #  include <stdlib.h>
| # endif
| #endif
| #ifdef HAVE_STRING_H
| # if !defined STDC_HEADERS && defined HAVE_MEMORY_H
| #  include <memory.h>
| # endif
| # include <string.h>
| #endif
| #ifdef HAVE_STRINGS_H
| # include <strings.h>
| #endif
| #ifdef HAVE_INTTYPES_H
| # include <inttypes.h>
| #endif
| #ifdef HAVE_STDINT_H
| # include <stdint.h>
| #endif
| #ifdef HAVE_UNISTD_H
| # include <unistd.h>
| #endif
| int
| main ()
| {
| if (sizeof ((size_t)))
| 	    return 0;
|   ;
|   return 0;
| }
configure:10037: result: yes
configure:10052: checking size of short
configure:10057: gcc -o conftest -g -O2 -Wall -fsigned-char   conftest.c -lm  -ljpeg >&5
configure:10057: $? = 0
configure:10057: ./conftest
configure:10057: $? = 0
configure:10071: result: 2
configure:10085: checking size of unsigned short
configure:10090: gcc -o conftest -g -O2 -Wall -fsigned-char   conftest.c -lm  -ljpeg >&5
configure:10090: $? = 0
configure:10090: ./conftest
configure:10090: $? = 0
configure:10104: result: 2
configure:10118: checking size of int
configure:10123: gcc -o conftest -g -O2 -Wall -fsigned-char   conftest.c -lm  -ljpeg >&5
configure:10123: $? = 0
configure:10123: ./conftest
configure:10123: $? = 0
configure:10137: result: 4
configure:10151: checking size of unsigned int
configure:10156: gcc -o conftest -g -O2 -Wall -fsigned-char   conftest.c -lm  -ljpeg >&5
configure:10156: $? = 0
configure:10156: ./conftest
configure:10156: $? = 0
configure:10170: result: 4
configure:10184: checking size of long
configure:10189: gcc -o conftest -g -O2 -Wall -fsigned-char   conftest.c -lm  -ljpeg >&5
configure:10189: $? = 0
configure:10189: ./conftest
configure:10189: $? = 0
configure:10203: result: 8
configure:10217: checking size of unsigned long
configure:10222: gcc -o conftest -g -O2 -Wall -fsigned-char   conftest.c -lm  -ljpeg >&5
configure:10222: $? = 0
configure:10222: ./conftest
configure:10222: $? = 0
configure:10236: result: 8
configure:10250: checking size of long long
configure:10255: gcc -o conftest -g -O2 -Wall -fsigned-char   conftest.c -lm  -ljpeg >&5
configure:10255: $? = 0
configure:10255: ./conftest
configure:10255: $? = 0
configure:10269: result: 8
configure:10283: checking size of unsigned long long
configure:10288: gcc -o conftest -g -O2 -Wall -fsigned-char   conftest.c -lm  -ljpeg >&5
configure:10288: $? = 0
configure:10288: ./conftest
configure:10288: $? = 0
configure:10302: result: 8
configure:10312: checking for uchar
configure:10312: gcc -c -g -O2 -Wall -fsigned-char  conftest.c >&5
conftest.c: In function 'main':
conftest.c:80:13: error: 'uchar' undeclared (first use in this function); did you mean 'u_char'?
   80 | if (sizeof (uchar))
      |             ^~~~~
      |             u_char
conftest.c:80:13: note: each undeclared identifier is reported only once for each function it appears in
configure:10312: $? = 1
configure: failed program was:
| /* confdefs.h */
| #define PACKAGE_NAME "jasper"
| #define PACKAGE_TARNAME "jasper"
| #define PACKAGE_VERSION "1.700.5"
| #define PACKAGE_STRING "jasper 1.700.5"
| #define PACKAGE_BUGREPORT ""
| #define PACKAGE_URL ""
| #define PACKAGE "jasper"
| #define VERSION "1.700.5"
| #define JAS_VERSION "1.700.5"
| #define JAS_CONFIGURE 1
| #define STDC_HEADERS 1
| #define HAVE_SYS_TYPES_H 1
| #define HAVE_SYS_STAT_H 1
| #define HAVE_STDLIB_H 1
| #define HAVE_STRING_H 1
| #define HAVE_MEMORY_H 1
| #define HAVE_STRINGS_H 1
| #define HAVE_INTTYPES_H 1
| #define HAVE_STDINT_H 1
| #define HAVE_UNISTD_H 1
| #define HAVE_DLFCN_H 1
| #define X_DISPLAY_MISSING 1
| #define HAVE_VLA 1
| #define HAVE_LIBM 1
| #define STDC_HEADERS 1
| #define HAVE_FCNTL_H 1
| #define HAVE_LIMITS_H 1
| #define HAVE_UNISTD_H 1
| #define HAVE_STDINT_H 1
| #define HAVE_STDBOOL_H 1
| #define HAVE_SYS_TYPES_H 1
| #define HAVE_STDLIB_H 1
| #define HAVE_STDDEF_H 1
| #define SIZEOF_SHORT 2
| #define SIZEOF_UNSIGNED_SHORT 2
| #define SIZEOF_INT 4
| #define SIZEOF_UNSIGNED_INT 4
| #define SIZEOF_LONG 8
| #define SIZEOF_UNSIGNED_LONG 8
| #define SIZEOF_LONG_LONG 8
| #define SIZEOF_UNSIGNED_LONG_LONG 8
| /* end confdefs.h.  */
| #include <stdio.h>
| #ifdef HAVE_SYS_TYPES_H
| # include <sys/types.h>
| #endif
| #ifdef HAVE_SYS_STAT_H
| # include <sys/stat.h>
| #endif
| #ifdef STDC_HEADERS
| # include <stdlib.h>
| # include <stddef.h>
| #else
| # ifdef HAVE_STDLIB_H
| #  include <stdlib.h>
| # endif
| #endif
| #ifdef HAVE_STRING_H
| # if !defined STDC_HEADERS && defined HAVE_MEMORY_H
| #  include <memory.h>
| # endif
| # include <string.h>
| #endif
| #ifdef HAVE_STRINGS_H
| # include <strings.h>
| #endif
| #ifdef HAVE_INTTYPES_H
| # include <inttypes.h>
| #endif
| #ifdef HAVE_STDINT_H
| # include <stdint.h>
| #endif
| #ifdef HAVE_UNISTD_H
| # include <unistd.h>
| #endif
| int
| main ()
| {
| if (sizeof (uchar))
| 	 return 0;
|   ;
|   return 0;
| }
configure:10312: result: no
configure:10323: checking for ushort
configure:10323: gcc -c -g -O2 -Wall -fsigned-char  conftest.c >&5
configure:10323: $? = 0
configure:10323: gcc -c -g -O2 -Wall -fsigned-char  conftest.c >&5
conftest.c: In function 'main':
conftest.c:81:21: error: expected expression before ')' token
   81 | if (sizeof ((ushort)))
      |                     ^
configure:10323: $? = 1
configure: failed program was:
| /* confdefs.h */
| #define PACKAGE_NAME "jasper"
| #define PACKAGE_TARNAME "jasper"
| #define PACKAGE_VERSION "1.700.5"
| #define PACKAGE_STRING "jasper 1.700.5"
| #define PACKAGE_BUGREPORT ""
| #define PACKAGE_URL ""
| #define PACKAGE "jasper"
| #define VERSION "1.700.5"
| #define JAS_VERSION "1.700.5"
| #define JAS_CONFIGURE 1
| #define STDC_HEADERS 1
| #define HAVE_SYS_TYPES_H 1
| #define HAVE_SYS_STAT_H 1
| #define HAVE_STDLIB_H 1
| #define HAVE_STRING_H 1
| #define HAVE_MEMORY_H 1
| #define HAVE_STRINGS_H 1
| #define HAVE_INTTYPES_H 1
| #define HAVE_STDINT_H 1
| #define HAVE_UNISTD_H 1
| #define HAVE_DLFCN_H 1
| #define X_DISPLAY_MISSING 1
| #define HAVE_VLA 1
| #define HAVE_LIBM 1
| #define STDC_HEADERS 1
| #define HAVE_FCNTL_H 1
| #define HAVE_LIMITS_H 1
| #define HAVE_UNISTD_H 1
| #define HAVE_STDINT_H 1
| #define HAVE_STDBOOL_H 1
| #define HAVE_SYS_TYPES_H 1
| #define HAVE_STDLIB_H 1
| #define HAVE_STDDEF_H 1
| #define SIZEOF_SHORT 2
| #define SIZEOF_UNSIGNED_SHORT 2
| #define SIZEOF_INT 4
| #define SIZEOF_UNSIGNED_INT 4
| #define SIZEOF_LONG 8
| #define SIZEOF_UNSIGNED_LONG 8
| #define SIZEOF_LONG_LONG 8
| #define SIZEOF_UNSIGNED_LONG_LONG 8
| #define uchar unsigned char
| /* end confdefs.h.  */
| #include <stdio.h>
| #ifdef HAVE_SYS_TYPES_H
| # include <sys/types.h>
| #endif
| #ifdef HAVE_SYS_STAT_H
| # include <sys/stat.h>
| #endif
| #ifdef STDC_HEADERS
| # include <stdlib.h>
| # include <stddef.h>
| #else
| # ifdef HAVE_STDLIB_H
| #  include <stdlib.h>
| # endif
| #endif
| #ifdef HAVE_STRING_H
| # if !defined STDC_HEADERS && defined HAVE_MEMORY_H
| #  include <memory.h>
| # endif
| # include <string.h>
| #endif
| #ifdef HAVE_STRINGS_H
| # include <strings.h>
| #endif
| #ifdef HAVE_INTTYPES_H
| # include <inttypes.h>
| #endif
| #ifdef HAVE_STDINT_H
| # include <stdint.h>
| #endif
| #ifdef HAVE_UNISTD_H
| # include <unistd.h>
| #endif
| int
| main ()
| {
| if (sizeof ((ushort)))
| 	    return 0;
|   ;
|   return 0;
| }
configure:10323: result: yes
configure:10334: checking for uint
configure:10334: gcc -c -g -O2 -Wall -fsigned-char  conftest.c >&5
configure:10334: $? = 0
configure:10334: gcc -c -g -O2 -Wall -fsigned-char  conftest.c >&5
conftest.c: In function 'main':
conftest.c:81:19: error: expected expression before ')' token
   81 | if (sizeof ((uint)))
      |                   ^
configure:10334: $? = 1
configure: failed program was:
| /* confdefs.h */
| #define PACKAGE_NAME "jasper"
| #define PACKAGE_TARNAME "jasper"
| #define PACKAGE_VERSION "1.700.5"
| #define PACKAGE_STRING "jasper 1.700.5"
| #define PACKAGE_BUGREPORT ""
| #define PACKAGE_URL ""
| #define PACKAGE "jasper"
| #define VERSION "1.700.5"
| #define JAS_VERSION "1.700.5"
| #define JAS_CONFIGURE 1
| #define STDC_HEADERS 1
| #define HAVE_SYS_TYPES_H 1
| #define HAVE_SYS_STAT_H 1
| #define HAVE_STDLIB_H 1
| #define HAVE_STRING_H 1
| #define HAVE_MEMORY_H 1
| #define HAVE_STRINGS_H 1
| #define HAVE_INTTYPES_H 1
| #define HAVE_STDINT_H 1
| #define HAVE_UNISTD_H 1
| #define HAVE_DLFCN_H 1
| #define X_DISPLAY_MISSING 1
| #define HAVE_VLA 1
| #define HAVE_LIBM 1
| #define STDC_HEADERS 1
| #define HAVE_FCNTL_H 1
| #define HAVE_LIMITS_H 1
| #define HAVE_UNISTD_H 1
| #define HAVE_STDINT_H 1
| #define HAVE_STDBOOL_H 1
| #define HAVE_SYS_TYPES_H 1
| #define HAVE_STDLIB_H 1
| #define HAVE_STDDEF_H 1
| #define SIZEOF_SHORT 2
| #define SIZEOF_UNSIGNED_SHORT 2
| #define SIZEOF_INT 4
| #define SIZEOF_UNSIGNED_INT 4
| #define SIZEOF_LONG 8
| #define SIZEOF_UNSIGNED_LONG 8
| #define SIZEOF_LONG_LONG 8
| #define SIZEOF_UNSIGNED_LONG_LONG 8
| #define uchar unsigned char
| /* end confdefs.h.  */
| #include <stdio.h>
| #ifdef HAVE_SYS_TYPES_H
| # include <sys/types.h>
| #endif
| #ifdef HAVE_SYS_STAT_H
| # include <sys/stat.h>
| #endif
| #ifdef STDC_HEADERS
| # include <stdlib.h>
| # include <stddef.h>
| #else
| # ifdef HAVE_STDLIB_H
| #  include <stdlib.h>
| # endif
| #endif
| #ifdef HAVE_STRING_H
| # if !defined STDC_HEADERS && defined HAVE_MEMORY_H
| #  include <memory.h>
| # endif
| # include <string.h>
| #endif
| #ifdef HAVE_STRINGS_H
| # include <strings.h>
| #endif
| #ifdef HAVE_INTTYPES_H
| # include <inttypes.h>
| #endif
| #ifdef HAVE_STDINT_H
| # include <stdint.h>
| #endif
| #ifdef HAVE_UNISTD_H
| # include <unistd.h>
| #endif
| int
| main ()
| {
| if (sizeof ((uint)))
| 	    return 0;
|   ;
|   return 0;
| }
configure:10334: result: yes
configure:10345: checking for ulong
configure:10345: gcc -c -g -O2 -Wall -fsigned-char  conftest.c >&5
configure:10345: $? = 0
configure:10345: gcc -c -g -O2 -Wall -fsigned-char  conftest.c >&5
conftest.c: In function 'main':
conftest.c:81:20: error: expected expression before ')' token
   81 | if (sizeof ((ulong)))
      |                    ^
configure:10345: $? = 1
configure: failed program was:
| /* confdefs.h */
| #define PACKAGE_NAME "jasper"
| #define PACKAGE_TARNAME "jasper"
| #define PACKAGE_VERSION "1.700.5"
| #define PACKAGE_STRING "jasper 1.700.5"
| #define PACKAGE_BUGREPORT ""
| #define PACKAGE_URL ""
| #define PACKAGE "jasper"
| #define VERSION "1.700.5"
| #define JAS_VERSION "1.700.5"
| #define JAS_CONFIGURE 1
| #define STDC_HEADERS 1
| #define HAVE_SYS_TYPES_H 1
| #define HAVE_SYS_STAT_H 1
| #define HAVE_STDLIB_H 1
| #define HAVE_STRING_H 1
| #define HAVE_MEMORY_H 1
| #define HAVE_STRINGS_H 1
| #define HAVE_INTTYPES_H 1
| #define HAVE_STDINT_H 1
| #define HAVE_UNISTD_H 1
| #define HAVE_DLFCN_H 1
| #define X_DISPLAY_MISSING 1
| #define HAVE_VLA 1
| #define HAVE_LIBM 1
| #define STDC_HEADERS 1
| #define HAVE_FCNTL_H 1
| #define HAVE_LIMITS_H 1
| #define HAVE_UNISTD_H 1
| #define HAVE_STDINT_H 1
| #define HAVE_STDBOOL_H 1
| #define HAVE_SYS_TYPES_H 1
| #define HAVE_STDLIB_H 1
| #define HAVE_STDDEF_H 1
| #define SIZEOF_SHORT 2
| #define SIZEOF_UNSIGNED_SHORT 2
| #define SIZEOF_INT 4
| #define SIZEOF_UNSIGNED_INT 4
| #define SIZEOF_LONG 8
| #define SIZEOF_UNSIGNED_LONG 8
| #define SIZEOF_LONG_LONG 8
| #define SIZEOF_UNSIGNED_LONG_LONG 8
| #define uchar unsigned char
| /* end confdefs.h.  */
| #include <stdio.h>
| #ifdef HAVE_SYS_TYPES_H
| # include <sys/types.h>
| #endif
| #ifdef HAVE_SYS_STAT_H
| # include <sys/stat.h>
| #endif
| #ifdef STDC_HEADERS
| # include <stdlib.h>
| # include <stddef.h>
| #else
| # ifdef HAVE_STDLIB_H
| #  include <stdlib.h>
| # endif
| #endif
| #ifdef HAVE_STRING_H
| # if !defined STDC_HEADERS && defined HAVE_MEMORY_H
| #  include <memory.h>
| # endif
| # include <string.h>
| #endif
| #ifdef HAVE_STRINGS_H
| # include <strings.h>
| #endif
| #ifdef HAVE_INTTYPES_H
| # include <inttypes.h>
| #endif
| #ifdef HAVE_STDINT_H
| # include <stdint.h>
| #endif
| #ifdef HAVE_UNISTD_H
| # include <unistd.h>
| #endif
| int
| main ()
| {
| if (sizeof ((ulong)))
| 	    return 0;
|   ;
|   return 0;
| }
configure:10345: result: yes
configure:10356: checking for longlong
configure:10356: gcc -c -g -O2 -Wall -fsigned-char  conftest.c >&5
conftest.c: In function 'main':
conftest.c:81:13: error: 'longlong' undeclared (first use in this function)
   81 | if (sizeof (longlong))
      |             ^~~~~~~~
conftest.c:81:13: note: each undeclared identifier is reported only once for each function it appears in
configure:10356: $? = 1
configure: failed program was:
| /* confdefs.h */
| #define PACKAGE_NAME "jasper"
| #define PACKAGE_TARNAME "jasper"
| #define PACKAGE_VERSION "1.700.5"
| #define PACKAGE_STRING "jasper 1.700.5"
| #define PACKAGE_BUGREPORT ""
| #define PACKAGE_URL ""
| #define PACKAGE "jasper"
| #define VERSION "1.700.5"
| #define JAS_VERSION "1.700.5"
| #define JAS_CONFIGURE 1
| #define STDC_HEADERS 1
| #define HAVE_SYS_TYPES_H 1
| #define HAVE_SYS_STAT_H 1
| #define HAVE_STDLIB_H 1
| #define HAVE_STRING_H 1
| #define HAVE_MEMORY_H 1
| #define HAVE_STRINGS_H 1
| #define HAVE_INTTYPES_H 1
| #define HAVE_STDINT_H 1
| #define HAVE_UNISTD_H 1
| #define HAVE_DLFCN_H 1
| #define X_DISPLAY_MISSING 1
| #define HAVE_VLA 1
| #define HAVE_LIBM 1
| #define STDC_HEADERS 1
| #define HAVE_FCNTL_H 1
| #define HAVE_LIMITS_H 1
| #define HAVE_UNISTD_H 1
| #define HAVE_STDINT_H 1
| #define HAVE_STDBOOL_H 1
| #define HAVE_SYS_TYPES_H 1
| #define HAVE_STDLIB_H 1
| #define HAVE_STDDEF_H 1
| #define SIZEOF_SHORT 2
| #define SIZEOF_UNSIGNED_SHORT 2
| #define SIZEOF_INT 4
| #define SIZEOF_UNSIGNED_INT 4
| #define SIZEOF_LONG 8
| #define SIZEOF_UNSIGNED_LONG 8
| #define SIZEOF_LONG_LONG 8
| #define SIZEOF_UNSIGNED_LONG_LONG 8
| #define uchar unsigned char
| /* end confdefs.h.  */
| #include <stdio.h>
| #ifdef HAVE_SYS_TYPES_H
| # include <sys/types.h>
| #endif
| #ifdef HAVE_SYS_STAT_H
| # include <sys/stat.h>
| #endif
| #ifdef STDC_HEADERS
| # include <stdlib.h>
| # include <stddef.h>
| #else
| # ifdef HAVE_STDLIB_H
| #  include <stdlib.h>
| # endif
| #endif
| #ifdef HAVE_STRING_H
| # if !defined STDC_HEADERS && defined HAVE_MEMORY_H
| #  include <memory.h>
| # endif
| # include <string.h>
| #endif
| #ifdef HAVE_STRINGS_H
| # include <strings.h>
| #endif
| #ifdef HAVE_INTTYPES_H
| # include <inttypes.h>
| #endif
| #ifdef HAVE_STDINT_H
| # include <stdint.h>
| #endif
| #ifdef HAVE_UNISTD_H
| # include <unistd.h>
| #endif
| int
| main ()
| {
| if (sizeof (longlong))
| 	 return 0;
|   ;
|   return 0;
| }
configure:10356: result: no
configure:10367: checking for ulonglong
configure:10367: gcc -c -g -O2 -Wall -fsigned-char  conftest.c >&5
conftest.c: In function 'main':
conftest.c:82:13: error: 'ulonglong' undeclared (first use in this function); did you mean 'longlong'?
   82 | if (sizeof (ulonglong))
      |             ^~~~~~~~~
      |             longlong
conftest.c:82:13: note: each undeclared identifier is reported only once for each function it appears in
configure:10367: $? = 1
configure: failed program was:
| /* confdefs.h */
| #define PACKAGE_NAME "jasper"
| #define PACKAGE_TARNAME "jasper"
| #define PACKAGE_VERSION "1.700.5"
| #define PACKAGE_STRING "jasper 1.700.5"
| #define PACKAGE_BUGREPORT ""
| #define PACKAGE_URL ""
| #define PACKAGE "jasper"
| #define VERSION "1.700.5"
| #define JAS_VERSION "1.700.5"
| #define JAS_CONFIGURE 1
| #define STDC_HEADERS 1
| #define HAVE_SYS_TYPES_H 1
| #define HAVE_SYS_STAT_H 1
| #define HAVE_STDLIB_H 1
| #define HAVE_STRING_H 1
| #define HAVE_MEMORY_H 1
| #define HAVE_STRINGS_H 1
| #define HAVE_INTTYPES_H 1
| #define HAVE_STDINT_H 1
| #define HAVE_UNISTD_H 1
| #define HAVE_DLFCN_H 1
| #define X_DISPLAY_MISSING 1
| #define HAVE_VLA 1
| #define HAVE_LIBM 1
| #define STDC_HEADERS 1
| #define HAVE_FCNTL_H 1
| #define HAVE_LIMITS_H 1
| #define HAVE_UNISTD_H 1
| #define HAVE_STDINT_H 1
| #define HAVE_STDBOOL_H 1
| #define HAVE_SYS_TYPES_H 1
| #define HAVE_STDLIB_H 1
| #define HAVE_STDDEF_H 1
| #define SIZEOF_SHORT 2
| #define SIZEOF_UNSIGNED_SHORT 2
| #define SIZEOF_INT 4
| #define SIZEOF_UNSIGNED_INT 4
| #define SIZEOF_LONG 8
| #define SIZEOF_UNSIGNED_LONG 8
| #define SIZEOF_LONG_LONG 8
| #define SIZEOF_UNSIGNED_LONG_LONG 8
| #define uchar unsigned char
| #define longlong long long
| /* end confdefs.h.  */
| #include <stdio.h>
| #ifdef HAVE_SYS_TYPES_H
| # include <sys/types.h>
| #endif
| #ifdef HAVE_SYS_STAT_H
| # include <sys/stat.h>
| #endif
| #ifdef STDC_HEADERS
| # include <stdlib.h>
| # include <stddef.h>
| #else
| # ifdef HAVE_STDLIB_H
| #  include <stdlib.h>
| # endif
| #endif
| #ifdef HAVE_STRING_H
| # if !defined STDC_HEADERS && defined HAVE_MEMORY_H
| #  include <memory.h>
| # endif
| # include <string.h>
| #endif
| #ifdef HAVE_STRINGS_H
| # include <strings.h>
| #endif
| #ifdef HAVE_INTTYPES_H
| # include <inttypes.h>
| #endif
| #ifdef HAVE_STDINT_H
| # include <stdint.h>
| #endif
| #ifdef HAVE_UNISTD_H
| # include <unistd.h>
| #endif
| int
| main ()
| {
| if (sizeof (ulonglong))
| 	 return 0;
|   ;
|   return 0;
| }
configure:10367: result: no
configure:10378: checking for ssize_t
configure:10378: gcc -c -g -O2 -Wall -fsigned-char  conftest.c >&5
configure:10378: $? = 0
configure:10378: gcc -c -g -O2 -Wall -fsigned-char  conftest.c >&5
conftest.c: In function 'main':
conftest.c:83:22: error: expected expression before ')' token
   83 | if (sizeof ((ssize_t)))
      |                      ^
configure:10378: $? = 1
configure: failed program was:
| /* confdefs.h */
| #define PACKAGE_NAME "jasper"
| #define PACKAGE_TARNAME "jasper"
| #define PACKAGE_VERSION "1.700.5"
| #define PACKAGE_STRING "jasper 1.700.5"
| #define PACKAGE_BUGREPORT ""
| #define PACKAGE_URL ""
| #define PACKAGE "jasper"
| #define VERSION "1.700.5"
| #define JAS_VERSION "1.700.5"
| #define JAS_CONFIGURE 1
| #define STDC_HEADERS 1
| #define HAVE_SYS_TYPES_H 1
| #define HAVE_SYS_STAT_H 1
| #define HAVE_STDLIB_H 1
| #define HAVE_STRING_H 1
| #define HAVE_MEMORY_H 1
| #define HAVE_STRINGS_H 1
| #define HAVE_INTTYPES_H 1
| #define HAVE_STDINT_H 1
| #define HAVE_UNISTD_H 1
| #define HAVE_DLFCN_H 1
| #define X_DISPLAY_MISSING 1
| #define HAVE_VLA 1
| #define HAVE_LIBM 1
| #define STDC_HEADERS 1
| #define HAVE_FCNTL_H 1
| #define HAVE_LIMITS_H 1
| #define HAVE_UNISTD_H 1
| #define HAVE_STDINT_H 1
| #define HAVE_STDBOOL_H 1
| #define HAVE_SYS_TYPES_H 1
| #define HAVE_STDLIB_H 1
| #define HAVE_STDDEF_H 1
| #define SIZEOF_SHORT 2
| #define SIZEOF_UNSIGNED_SHORT 2
| #define SIZEOF_INT 4
| #define SIZEOF_UNSIGNED_INT 4
| #define SIZEOF_LONG 8
| #define SIZEOF_UNSIGNED_LONG 8
| #define SIZEOF_LONG_LONG 8
| #define SIZEOF_UNSIGNED_LONG_LONG 8
| #define uchar unsigned char
| #define longlong long long
| #define ulonglong unsigned long long
| /* end confdefs.h.  */
| #include <stdio.h>
| #ifdef HAVE_SYS_TYPES_H
| # include <sys/types.h>
| #endif
| #ifdef HAVE_SYS_STAT_H
| # include <sys/stat.h>
| #endif
| #ifdef STDC_HEADERS
| # include <stdlib.h>
| # include <stddef.h>
| #else
| # ifdef HAVE_STDLIB_H
| #  include <stdlib.h>
| # endif
| #endif
| #ifdef HAVE_STRING_H
| # if !defined STDC_HEADERS && defined HAVE_MEMORY_H
| #  include <memory.h>
| # endif
| # include <string.h>
| #endif
| #ifdef HAVE_STRINGS_H
| # include <strings.h>
| #endif
| #ifdef HAVE_INTTYPES_H
| # include <inttypes.h>
| #endif
| #ifdef HAVE_STDINT_H
| # include <stdint.h>
| #endif
| #ifdef HAVE_UNISTD_H
| # include <unistd.h>
| #endif
| int
| main ()
| {
| if (sizeof ((ssize_t)))
| 	    return 0;
|   ;
|   return 0;
| }
configure:10378: result: yes
configure:10396: checking for vprintf
configure:10396: gcc -o conftest -g -O2 -Wall -fsigned-char   conftest.c -lm  -ljpeg >&5
conftest.c:70:6: warning: conflicting types for built-in function 'vprintf'; expected 'int(const char *, __va_list_tag *)' [-Wbuiltin-declaration-mismatch]
   70 | char vprintf ();
      |      ^~~~~~~
conftest.c:58:1: note: 'vprintf' is declared in header '<stdio.h>'
   57 | # include <limits.h>
   58 | #else
configure:10396: $? = 0
configure:10396: result: yes
configure:10402: checking for _doprnt
configure:10402: gcc -o conftest -g -O2 -Wall -fsigned-char   conftest.c -lm  -ljpeg >&5
/home/shane.mill/miniconda3/envs/shane-test/bin/../lib/gcc/x86_64-conda-linux-gnu/11.2.0/../../../../x86_64-conda-linux-gnu/bin/ld: /tmp/ccd124Ro.o: in function `main':
/home/shane.mill/WIAB-NDFD-data-api-edr/ingest/automated_ingest/NDFD/degrib/src/jpeg2000/conftest.c:82: undefined reference to `_doprnt'
collect2: error: ld returned 1 exit status
configure:10402: $? = 1
configure: failed program was:
| /* confdefs.h */
| #define PACKAGE_NAME "jasper"
| #define PACKAGE_TARNAME "jasper"
| #define PACKAGE_VERSION "1.700.5"
| #define PACKAGE_STRING "jasper 1.700.5"
| #define PACKAGE_BUGREPORT ""
| #define PACKAGE_URL ""
| #define PACKAGE "jasper"
| #define VERSION "1.700.5"
| #define JAS_VERSION "1.700.5"
| #define JAS_CONFIGURE 1
| #define STDC_HEADERS 1
| #define HAVE_SYS_TYPES_H 1
| #define HAVE_SYS_STAT_H 1
| #define HAVE_STDLIB_H 1
| #define HAVE_STRING_H 1
| #define HAVE_MEMORY_H 1
| #define HAVE_STRINGS_H 1
| #define HAVE_INTTYPES_H 1
| #define HAVE_STDINT_H 1
| #define HAVE_UNISTD_H 1
| #define HAVE_DLFCN_H 1
| #define X_DISPLAY_MISSING 1
| #define HAVE_VLA 1
| #define HAVE_LIBM 1
| #define STDC_HEADERS 1
| #define HAVE_FCNTL_H 1
| #define HAVE_LIMITS_H 1
| #define HAVE_UNISTD_H 1
| #define HAVE_STDINT_H 1
| #define HAVE_STDBOOL_H 1
| #define HAVE_SYS_TYPES_H 1
| #define HAVE_STDLIB_H 1
| #define HAVE_STDDEF_H 1
| #define SIZEOF_SHORT 2
| #define SIZEOF_UNSIGNED_SHORT 2
| #define SIZEOF_INT 4
| #define SIZEOF_UNSIGNED_INT 4
| #define SIZEOF_LONG 8
| #define SIZEOF_UNSIGNED_LONG 8
| #define SIZEOF_LONG_LONG 8
| #define SIZEOF_UNSIGNED_LONG_LONG 8
| #define uchar unsigned char
| #define longlong long long
| #define ulonglong unsigned long long
| #define HAVE_VPRINTF 1
| /* end confdefs.h.  */
| /* Define _doprnt to an innocuous variant, in case <limits.h> declares _doprnt.
|    For example, HP-UX 11i <limits.h> declares gettimeofday.  */
| #define _doprnt innocuous__doprnt
| 
| /* System header to define __stub macros and hopefully few prototypes,
|     which can conflict with char _doprnt (); below.
|     Prefer <limits.h> to <assert.h> if __STDC__ is defined, since
|     <limits.h> exists even on freestanding compilers.  */
| 
| #ifdef __STDC__
| # include <limits.h>
| #else
| # include <assert.h>
| #endif
| 
| #undef _doprnt
| 
| /* Override any GCC internal prototype to avoid an error.
|    Use char because int might match the return type of a GCC
|    builtin and then its argument prototype would still apply.  */
| #ifdef __cplusplus
| extern "C"
| #endif
| char _doprnt ();
| /* The GNU C library defines this for functions which it implements
|     to always fail with ENOSYS.  Some functions are actually named
|     something starting with __ and the normal name is an alias.  */
| #if defined __stub__doprnt || defined __stub____doprnt
| choke me
| #endif
| 
| int
| main ()
| {
| return _doprnt ();
|   ;
|   return 0;
| }
configure:10402: result: no
configure:10624: creating ./config.status

## ---------------------- ##
## Running config.status. ##
## ---------------------- ##

This file was extended by jasper config.status 1.700.5, which was
generated by GNU Autoconf 2.69.  Invocation command line was

  CONFIG_FILES    = 
  CONFIG_HEADERS  = 
  CONFIG_LINKS    = 
  CONFIG_COMMANDS = 
  $ ./config.status 

on ip-205-156-8-80.ec2.internal

config.status:904: creating Makefile
config.status:1007: WARNING:  'Makefile.in' seems to ignore the --datarootdir setting
config.status:904: creating src/Makefile
config.status:1007: WARNING:  'src/Makefile.in' seems to ignore the --datarootdir setting
config.status:904: creating src/libjasper/Makefile
config.status:1007: WARNING:  'src/libjasper/Makefile.in' seems to ignore the --datarootdir setting
config.status:904: creating src/libjasper/base/Makefile
config.status:1007: WARNING:  'src/libjasper/base/Makefile.in' seems to ignore the --datarootdir setting
config.status:904: creating src/libjasper/include/Makefile
config.status:1007: WARNING:  'src/libjasper/include/Makefile.in' seems to ignore the --datarootdir setting
config.status:904: creating src/libjasper/include/jasper/Makefile
config.status:1007: WARNING:  'src/libjasper/include/jasper/Makefile.in' seems to ignore the --datarootdir setting
config.status:904: creating src/libjasper/jpc/Makefile
config.status:1007: WARNING:  'src/libjasper/jpc/Makefile.in' seems to ignore the --datarootdir setting
config.status:904: creating jasper.spec
config.status:904: creating src/libjasper/include/jasper/jas_config.h
config.status:1093: executing depfiles commands

## ---------------- ##
## Cache variables. ##
## ---------------- ##

ac_cv_build=x86_64-unknown-linux-gnu
ac_cv_c_bigendian=no
ac_cv_c_compiler_gnu=yes
ac_cv_c_const=yes
ac_cv_c_inline=inline
ac_cv_env_CC_set=set
ac_cv_env_CC_value=gcc
ac_cv_env_CFLAGS_set=set
ac_cv_env_CFLAGS_value='-g -O2 -Wall -fsigned-char'
ac_cv_env_CPPFLAGS_set=
ac_cv_env_CPPFLAGS_value=
ac_cv_env_CPP_set=
ac_cv_env_CPP_value=
ac_cv_env_LDFLAGS_set=
ac_cv_env_LDFLAGS_value=
ac_cv_env_LIBS_set=
ac_cv_env_LIBS_value=
ac_cv_env_XMKMF_set=
ac_cv_env_XMKMF_value=
ac_cv_env_build_alias_set=
ac_cv_env_build_alias_value=
ac_cv_env_host_alias_set=
ac_cv_env_host_alias_value=
ac_cv_env_target_alias_set=
ac_cv_env_target_alias_value=
ac_cv_func__doprnt=no
ac_cv_func_vprintf=yes
ac_cv_have_x=have_x=no
ac_cv_header_GL_glut_h=no
ac_cv_header_dlfcn_h=yes
ac_cv_header_fcntl_h=yes
ac_cv_header_inttypes_h=yes
ac_cv_header_io_h=no
ac_cv_header_limits_h=yes
ac_cv_header_memory_h=yes
ac_cv_header_stdbool_h=yes
ac_cv_header_stdc=yes
ac_cv_header_stddef_h=yes
ac_cv_header_stdint_h=yes
ac_cv_header_stdlib_h=yes
ac_cv_header_string_h=yes
ac_cv_header_strings_h=yes
ac_cv_header_sys_stat_h=yes
ac_cv_header_sys_types_h=yes
ac_cv_header_unistd_h=yes
ac_cv_header_windows_h=no
ac_cv_host=x86_64-unknown-linux-gnu
ac_cv_lib_glut_glutInit=no
ac_cv_lib_jpeg_jpeg_destroy=yes
ac_cv_lib_m_main=yes
ac_cv_objext=o
ac_cv_path_EGREP='/usr/bin/grep -E'
ac_cv_path_GREP=/usr/bin/grep
ac_cv_path_install='/usr/bin/install -c'
ac_cv_prog_AWK=gawk
ac_cv_prog_CPP='gcc -E'
ac_cv_prog_ac_ct_CC=gcc
ac_cv_prog_ac_ct_RANLIB=ranlib
ac_cv_prog_ac_ct_STRIP=strip
ac_cv_prog_cc_c89=
ac_cv_prog_cc_g=yes
ac_cv_prog_make_make_set=yes
ac_cv_sizeof_int=4
ac_cv_sizeof_long=8
ac_cv_sizeof_long_long=8
ac_cv_sizeof_short=2
ac_cv_sizeof_unsigned_int=4
ac_cv_sizeof_unsigned_long=8
ac_cv_sizeof_unsigned_long_long=8
ac_cv_sizeof_unsigned_short=2
ac_cv_target=x86_64-unknown-linux-gnu
ac_cv_type_longlong=no
ac_cv_type_size_t=yes
ac_cv_type_ssize_t=yes
ac_cv_type_uchar=no
ac_cv_type_uint=yes
ac_cv_type_ulong=yes
ac_cv_type_ulonglong=no
ac_cv_type_ushort=yes
am_cv_CC_dependencies_compiler_type=gcc3
lt_cv_compiler_c_o=yes
lt_cv_compiler_o_lo=no
lt_cv_deplibs_check_method=pass_all
lt_cv_file_magic_cmd='$MAGIC_CMD'
lt_cv_file_magic_test_file='/lib/libc.so* /lib/libc-*.so'
lt_cv_global_symbol_to_c_name_address='sed -n -e '\''s/^: \([^ ]*\) $/  {\"\1\", (lt_ptr) 0},/p'\'' -e '\''s/^[BCDEGRST] \([^ ]*\) \([^ ]*\)$/  {"\2", (lt_ptr) \&\2},/p'\'''
lt_cv_global_symbol_to_cdecl='sed -n -e '\''s/^. .* \(.*\)$/extern char \1;/p'\'''
lt_cv_ld_reload_flag=-r
lt_cv_path_LD=/home/shane.mill/miniconda3/envs/shane-test/x86_64-conda-linux-gnu/bin/ld
lt_cv_path_NM='/usr/bin/nm -B'
lt_cv_path_SED=/usr/bin/sed
lt_cv_prog_cc_can_build_shared=yes
lt_cv_prog_cc_no_builtin=
lt_cv_prog_cc_pic=' -fPIC'
lt_cv_prog_cc_pic_works=yes
lt_cv_prog_cc_shlib=
lt_cv_prog_cc_static=-static
lt_cv_prog_cc_static_works=yes
lt_cv_prog_cc_wl=-Wl,
lt_cv_prog_gnu_ld=yes
lt_cv_sys_global_symbol_pipe='sed -n -e '\''s/^.*[ 	]\([ABCDGISTW][ABCDGISTW]*\)[ 	][ 	]*\(\)\([_A-Za-z][_A-Za-z0-9]*\)$/\1 \2\3 \3/p'\'''

## ----------------- ##
## Output variables. ##
## ----------------- ##

ACLOCAL='${SHELL} /home/shane.mill/WIAB-NDFD-data-api-edr/ingest/automated_ingest/NDFD/degrib/src/jpeg2000/acaux/missing --run aclocal-1.6'
AMDEPBACKSLASH='\'
AMDEP_FALSE='#'
AMDEP_TRUE=''
AMTAR='${SHELL} /home/shane.mill/WIAB-NDFD-data-api-edr/ingest/automated_ingest/NDFD/degrib/src/jpeg2000/acaux/missing --run tar'
AUTOCONF='${SHELL} /home/shane.mill/WIAB-NDFD-data-api-edr/ingest/automated_ingest/NDFD/degrib/src/jpeg2000/acaux/missing --run autoconf'
AUTOHEADER='${SHELL} /home/shane.mill/WIAB-NDFD-data-api-edr/ingest/automated_ingest/NDFD/degrib/src/jpeg2000/acaux/missing --run autoheader'
AUTOMAKE='${SHELL} /home/shane.mill/WIAB-NDFD-data-api-edr/ingest/automated_ingest/NDFD/degrib/src/jpeg2000/acaux/missing --run automake-1.6'
AWK='gawk'
CC='gcc'
CCDEPMODE='depmode=gcc3'
CFLAGS='-g -O2 -Wall -fsigned-char -W -Wall -Wno-long-long -Wformat -Wmissing-prototypes -Wstrict-prototypes -pedantic'
CPP='gcc -E'
CPPFLAGS=''
DEFS='-DHAVE_CONFIG_H'
DEPDIR='.deps'
ECHO='echo'
ECHO_C=''
ECHO_N='-n'
ECHO_T=''
EGREP='/usr/bin/grep -E'
EXEEXT=''
GREP='/usr/bin/grep'
HAVE_LIBJPEG_FALSE='#'
HAVE_LIBJPEG_TRUE=''
HAVE_OPENGL_FALSE=''
HAVE_OPENGL_TRUE='#'
INSTALL_DATA='${INSTALL} -m 644'
INSTALL_PROGRAM='${INSTALL}'
INSTALL_SCRIPT='${INSTALL}'
INSTALL_STRIP_PROGRAM='${SHELL} $(install_sh) -c -s'
JAS_MAJOR_VERSION='1'
JAS_MICRO_VERSION='5'
JAS_MINOR_VERSION='700'
JAS_RPM_RELEASE='1'
JAS_VERSION='1.700.5'
LDFLAGS=''
LIBOBJS=''
LIBS='-lm  -ljpeg'
LIBTOOL='$(SHELL) $(top_builddir)/libtool'
LN_S='ln -s'
LTLIBOBJS=''
LT_AGE='0'
LT_CURRENT='1'
LT_RELEASE='1.700'
LT_REVISION='0'
MAKEINFO='${SHELL} /home/shane.mill/WIAB-NDFD-data-api-edr/ingest/automated_ingest/NDFD/degrib/src/jpeg2000/acaux/missing --run makeinfo'
OBJEXT='o'
OPENGL_LIBS=''
PACKAGE='jasper'
PACKAGE_BUGREPORT=''
PACKAGE_NAME='jasper'
PACKAGE_STRING='jasper 1.700.5'
PACKAGE_TARNAME='jasper'
PACKAGE_URL=''
PACKAGE_VERSION='1.700.5'
PATH_SEPARATOR=':'
RANLIB='ranlib'
SET_MAKE=''
SHELL='/bin/sh'
STRIP='strip'
VERSION='1.700.5'
XMKMF=''
X_CFLAGS=''
X_EXTRA_LIBS=''
X_LIBS=''
X_PRE_LIBS=''
ac_ct_CC='gcc'
am__include='include'
am__quote=''
bindir='${exec_prefix}/bin'
build='x86_64-unknown-linux-gnu'
build_alias=''
build_cpu='x86_64'
build_os='linux-gnu'
build_vendor='unknown'
datadir='${datarootdir}'
datarootdir='${prefix}/share'
docdir='${datarootdir}/doc/${PACKAGE_TARNAME}'
dvidir='${docdir}'
exec_prefix='${prefix}'
host='x86_64-unknown-linux-gnu'
host_alias=''
host_cpu='x86_64'
host_os='linux-gnu'
host_vendor='unknown'
htmldir='${docdir}'
includedir='${prefix}/include'
infodir='${datarootdir}/info'
install_sh='/home/shane.mill/WIAB-NDFD-data-api-edr/ingest/automated_ingest/NDFD/degrib/src/jpeg2000/acaux/install-sh'
libdir='${exec_prefix}/lib'
libexecdir='${exec_prefix}/libexec'
localedir='${datarootdir}/locale'
localstatedir='${prefix}/var'
mandir='${datarootdir}/man'
oldincludedir='/usr/include'
pdfdir='${docdir}'
prefix='/usr/local'
program_transform_name='s,x,x,'
psdir='${docdir}'
sbindir='${exec_prefix}/sbin'
sharedstatedir='${prefix}/com'
sysconfdir='${prefix}/etc'
target='x86_64-unknown-linux-gnu'
target_alias=''
target_cpu='x86_64'
target_os='linux-gnu'
target_vendor='unknown'

## ----------- ##
## confdefs.h. ##
## ----------- ##

/* confdefs.h */
#define PACKAGE_NAME "jasper"
#define PACKAGE_TARNAME "jasper"
#define PACKAGE_VERSION "1.700.5"
#define PACKAGE_STRING "jasper 1.700.5"
#define PACKAGE_BUGREPORT ""
#define PACKAGE_URL ""
#define PACKAGE "jasper"
#define VERSION "1.700.5"
#define JAS_VERSION "1.700.5"
#define JAS_CONFIGURE 1
#define STDC_HEADERS 1
#define HAVE_SYS_TYPES_H 1
#define HAVE_SYS_STAT_H 1
#define HAVE_STDLIB_H 1
#define HAVE_STRING_H 1
#define HAVE_MEMORY_H 1
#define HAVE_STRINGS_H 1
#define HAVE_INTTYPES_H 1
#define HAVE_STDINT_H 1
#define HAVE_UNISTD_H 1
#define HAVE_DLFCN_H 1
#define X_DISPLAY_MISSING 1
#define HAVE_VLA 1
#define HAVE_LIBM 1
#define STDC_HEADERS 1
#define HAVE_FCNTL_H 1
#define HAVE_LIMITS_H 1
#define HAVE_UNISTD_H 1
#define HAVE_STDINT_H 1
#define HAVE_STDBOOL_H 1
#define HAVE_SYS_TYPES_H 1
#define HAVE_STDLIB_H 1
#define HAVE_STDDEF_H 1
#define SIZEOF_SHORT 2
#define SIZEOF_UNSIGNED_SHORT 2
#define SIZEOF_INT 4
#define SIZEOF_UNSIGNED_INT 4
#define SIZEOF_LONG 8
#define SIZEOF_UNSIGNED_LONG 8
#define SIZEOF_LONG_LONG 8
#define SIZEOF_UNSIGNED_LONG_LONG 8
#define uchar unsigned char
#define longlong long long
#define ulonglong unsigned long long
#define HAVE_VPRINTF 1

configure: exit 0
